=> Scattering transform order 2, J 4
=> creating model 'scatteringlinear' oversampling 0 fft False
=> learning rate 0.01, lr thetas 0.0, 50 epochs, decay frequency 15
Epoch: [0][0/5005]	Time 6.3 (6.3)	Data 3.6 (3.6)	preproc. 1.9(1.9)	Tot. Loss 6.98 (6.98)	Acc@1 0.0 (0.0)	Acc@5 0.4 (0.4)	
Epoch: [0][200/5005]	Time 1.4 (1.4)	Data 0.0 (0.0)	preproc. 1.3(1.3)	Tot. Loss 7.57 (7.41)	Acc@1 1.6 (2.2)	Acc@5 4.7 (6.1)	
Epoch: [0][400/5005]	Time 1.4 (1.4)	Data 0.0 (0.0)	preproc. 1.3(1.3)	Tot. Loss 7.08 (7.25)	Acc@1 2.7 (3.1)	Acc@5 10.5 (8.3)	
Epoch: [0][600/5005]	Time 1.4 (1.4)	Data 0.0 (0.0)	preproc. 1.3(1.3)	Tot. Loss 6.51 (7.09)	Acc@1 7.0 (3.8)	Acc@5 16.8 (9.8)	
Epoch: [0][800/5005]	Time 1.4 (1.4)	Data 0.0 (0.0)	preproc. 1.3(1.3)	Tot. Loss 6.27 (6.95)	Acc@1 4.7 (4.3)	Acc@5 18.0 (11.1)	
Epoch: [0][1000/5005]	Time 1.4 (1.4)	Data 0.0 (0.0)	preproc. 1.3(1.3)	Tot. Loss 6.28 (6.83)	Acc@1 4.3 (4.8)	Acc@5 15.2 (12.1)	
Epoch: [0][1200/5005]	Time 1.4 (1.4)	Data 0.0 (0.0)	preproc. 1.3(1.3)	Tot. Loss 5.99 (6.71)	Acc@1 6.2 (5.3)	Acc@5 18.0 (13.0)	
Epoch: [0][1400/5005]	Time 1.4 (1.4)	Data 0.0 (0.0)	preproc. 1.3(1.3)	Tot. Loss 5.44 (6.61)	Acc@1 10.2 (5.7)	Acc@5 22.3 (13.7)	
Epoch: [0][1600/5005]	Time 1.4 (1.4)	Data 0.0 (0.0)	preproc. 1.3(1.3)	Tot. Loss 5.87 (6.52)	Acc@1 8.6 (6.0)	Acc@5 21.9 (14.5)	
Epoch: [0][1800/5005]	Time 1.4 (1.4)	Data 0.0 (0.0)	preproc. 1.3(1.3)	Tot. Loss 5.99 (6.44)	Acc@1 7.8 (6.4)	Acc@5 19.5 (15.1)	
Epoch: [0][2000/5005]	Time 1.4 (1.4)	Data 0.0 (0.0)	preproc. 1.3(1.3)	Tot. Loss 5.59 (6.36)	Acc@1 7.8 (6.7)	Acc@5 21.1 (15.7)	
Epoch: [0][2200/5005]	Time 1.4 (1.4)	Data 0.0 (0.0)	preproc. 1.3(1.3)	Tot. Loss 5.75 (6.29)	Acc@1 10.2 (7.0)	Acc@5 21.5 (16.3)	
Epoch: [0][2400/5005]	Time 1.4 (1.4)	Data 0.0 (0.0)	preproc. 1.3(1.3)	Tot. Loss 5.39 (6.23)	Acc@1 10.9 (7.2)	Acc@5 23.8 (16.8)	
Epoch: [0][2600/5005]	Time 1.4 (1.4)	Data 0.0 (0.0)	preproc. 1.3(1.3)	Tot. Loss 5.64 (6.17)	Acc@1 11.3 (7.5)	Acc@5 22.3 (17.3)	
Epoch: [0][2800/5005]	Time 1.4 (1.4)	Data 0.0 (0.0)	preproc. 1.3(1.3)	Tot. Loss 5.79 (6.12)	Acc@1 9.0 (7.8)	Acc@5 22.7 (17.8)	
Epoch: [0][3000/5005]	Time 1.4 (1.4)	Data 0.0 (0.0)	preproc. 1.3(1.3)	Tot. Loss 5.20 (6.07)	Acc@1 10.2 (8.0)	Acc@5 22.7 (18.2)	
Epoch: [0][3200/5005]	Time 1.4 (1.4)	Data 0.0 (0.0)	preproc. 1.3(1.3)	Tot. Loss 5.46 (6.03)	Acc@1 8.6 (8.2)	Acc@5 24.2 (18.6)	
Epoch: [0][3400/5005]	Time 1.4 (1.4)	Data 0.0 (0.0)	preproc. 1.3(1.3)	Tot. Loss 5.02 (5.98)	Acc@1 12.9 (8.4)	Acc@5 30.9 (19.0)	
Epoch: [0][3600/5005]	Time 1.4 (1.4)	Data 0.0 (0.0)	preproc. 1.3(1.3)	Tot. Loss 5.24 (5.95)	Acc@1 9.8 (8.6)	Acc@5 26.2 (19.4)	
Epoch: [0][3800/5005]	Time 1.4 (1.4)	Data 0.0 (0.0)	preproc. 1.3(1.3)	Tot. Loss 5.51 (5.91)	Acc@1 9.4 (8.8)	Acc@5 21.1 (19.7)	
Epoch: [0][4000/5005]	Time 1.4 (1.4)	Data 0.0 (0.0)	preproc. 1.3(1.3)	Tot. Loss 5.12 (5.88)	Acc@1 14.8 (9.0)	Acc@5 30.5 (20.0)	
Epoch: [0][4200/5005]	Time 1.4 (1.4)	Data 0.0 (0.0)	preproc. 1.3(1.3)	Tot. Loss 5.27 (5.85)	Acc@1 12.5 (9.2)	Acc@5 28.5 (20.3)	
Epoch: [0][4400/5005]	Time 1.4 (1.4)	Data 0.0 (0.0)	preproc. 1.3(1.3)	Tot. Loss 5.08 (5.82)	Acc@1 17.2 (9.3)	Acc@5 30.5 (20.6)	
Epoch: [0][4600/5005]	Time 1.4 (1.4)	Data 0.0 (0.0)	preproc. 1.3(1.3)	Tot. Loss 5.09 (5.79)	Acc@1 13.7 (9.5)	Acc@5 26.6 (20.9)	
Epoch: [0][4800/5005]	Time 1.4 (1.4)	Data 0.0 (0.0)	preproc. 1.3(1.3)	Tot. Loss 4.93 (5.77)	Acc@1 13.3 (9.7)	Acc@5 30.1 (21.2)	
Epoch: [0][5000/5005]	Time 1.4 (1.4)	Data 0.0 (0.0)	preproc. 1.3(1.3)	Tot. Loss 5.00 (5.74)	Acc@1 12.1 (9.8)	Acc@5 26.6 (21.4)	
Validation Epoch: [0][0/196]	Time 25.5 (25.5)	Data 0.0 (0.0)	preproc. 0.0(0.0)	Tot. Loss 3.35 (3.35)	Acc@1 38.3 (38.3)	Acc@5 68.8 (68.8)	
Validation Epoch 0, * Acc@1 14.15 Acc@5 29.12
Epoch: [1][0/5005]	Time 4.8 (4.8)	Data 3.4 (3.4)	preproc. 1.4(1.4)	Tot. Loss 5.24 (5.24)	Acc@1 9.8 (9.8)	Acc@5 27.7 (27.7)	
Epoch: [1][200/5005]	Time 1.4 (1.4)	Data 0.0 (0.0)	preproc. 1.3(1.3)	Tot. Loss 5.15 (5.10)	Acc@1 12.9 (13.8)	Acc@5 23.4 (28.3)	
Epoch: [1][400/5005]	Time 1.4 (1.4)	Data 0.0 (0.0)	preproc. 1.3(1.3)	Tot. Loss 5.10 (5.09)	Acc@1 12.1 (13.9)	Acc@5 26.6 (28.4)	
Epoch: [1][600/5005]	Time 1.4 (1.4)	Data 0.0 (0.0)	preproc. 1.3(1.3)	Tot. Loss 5.04 (5.08)	Acc@1 15.2 (14.0)	Acc@5 30.9 (28.6)	
Epoch: [1][800/5005]	Time 1.4 (1.4)	Data 0.0 (0.0)	preproc. 1.3(1.3)	Tot. Loss 4.97 (5.08)	Acc@1 16.0 (14.1)	Acc@5 30.9 (28.6)	
Epoch: [1][1000/5005]	Time 1.4 (1.4)	Data 0.0 (0.0)	preproc. 1.3(1.3)	Tot. Loss 5.08 (5.07)	Acc@1 13.3 (14.2)	Acc@5 30.1 (28.8)	
Epoch: [1][1200/5005]	Time 1.4 (1.4)	Data 0.0 (0.0)	preproc. 1.3(1.3)	Tot. Loss 5.21 (5.07)	Acc@1 11.3 (14.2)	Acc@5 27.3 (28.8)	
Epoch: [1][1400/5005]	Time 1.4 (1.4)	Data 0.0 (0.0)	preproc. 1.3(1.3)	Tot. Loss 4.99 (5.07)	Acc@1 14.8 (14.3)	Acc@5 33.2 (28.9)	
Epoch: [1][1600/5005]	Time 1.4 (1.4)	Data 0.0 (0.0)	preproc. 1.3(1.3)	Tot. Loss 4.92 (5.07)	Acc@1 14.8 (14.3)	Acc@5 31.2 (29.0)	
Epoch: [1][1800/5005]	Time 1.4 (1.4)	Data 0.0 (0.0)	preproc. 1.3(1.3)	Tot. Loss 5.29 (5.06)	Acc@1 12.5 (14.4)	Acc@5 26.2 (29.1)	
Epoch: [1][2000/5005]	Time 1.4 (1.4)	Data 0.0 (0.0)	preproc. 1.3(1.3)	Tot. Loss 4.95 (5.06)	Acc@1 18.0 (14.4)	Acc@5 27.3 (29.1)	
Epoch: [1][2200/5005]	Time 1.4 (1.4)	Data 0.0 (0.0)	preproc. 1.3(1.3)	Tot. Loss 4.98 (5.05)	Acc@1 14.1 (14.5)	Acc@5 27.7 (29.2)	
Epoch: [1][2400/5005]	Time 1.4 (1.4)	Data 0.0 (0.0)	preproc. 1.3(1.3)	Tot. Loss 4.93 (5.05)	Acc@1 16.8 (14.5)	Acc@5 29.7 (29.3)	
Epoch: [1][2600/5005]	Time 1.4 (1.4)	Data 0.0 (0.0)	preproc. 1.3(1.3)	Tot. Loss 4.97 (5.05)	Acc@1 15.2 (14.5)	Acc@5 31.6 (29.3)	
Epoch: [1][2800/5005]	Time 1.4 (1.4)	Data 0.0 (0.0)	preproc. 1.3(1.3)	Tot. Loss 4.97 (5.05)	Acc@1 16.4 (14.6)	Acc@5 31.2 (29.4)	
Epoch: [1][3000/5005]	Time 1.4 (1.4)	Data 0.0 (0.0)	preproc. 1.3(1.3)	Tot. Loss 4.90 (5.04)	Acc@1 19.9 (14.6)	Acc@5 30.5 (29.4)	
Epoch: [1][3200/5005]	Time 1.4 (1.4)	Data 0.0 (0.0)	preproc. 1.3(1.3)	Tot. Loss 4.97 (5.04)	Acc@1 13.7 (14.7)	Acc@5 27.7 (29.5)	
Epoch: [1][3400/5005]	Time 1.4 (1.4)	Data 0.0 (0.0)	preproc. 1.3(1.3)	Tot. Loss 4.84 (5.04)	Acc@1 19.5 (14.7)	Acc@5 33.6 (29.6)	
Epoch: [1][3600/5005]	Time 1.4 (1.4)	Data 0.0 (0.0)	preproc. 1.3(1.3)	Tot. Loss 5.12 (5.03)	Acc@1 10.2 (14.7)	Acc@5 26.6 (29.6)	
Epoch: [1][3800/5005]	Time 1.4 (1.4)	Data 0.0 (0.0)	preproc. 1.3(1.3)	Tot. Loss 5.05 (5.03)	Acc@1 15.2 (14.7)	Acc@5 28.5 (29.6)	
Epoch: [1][4000/5005]	Time 1.4 (1.4)	Data 0.0 (0.0)	preproc. 1.3(1.3)	Tot. Loss 4.85 (5.03)	Acc@1 16.8 (14.8)	Acc@5 31.2 (29.7)	
Epoch: [1][4200/5005]	Time 1.4 (1.4)	Data 0.0 (0.0)	preproc. 1.3(1.3)	Tot. Loss 4.96 (5.03)	Acc@1 17.2 (14.8)	Acc@5 31.2 (29.7)	
Epoch: [1][4400/5005]	Time 1.4 (1.4)	Data 0.0 (0.0)	preproc. 1.3(1.3)	Tot. Loss 4.81 (5.02)	Acc@1 20.3 (14.8)	Acc@5 33.6 (29.8)	
Epoch: [1][4600/5005]	Time 1.4 (1.4)	Data 0.0 (0.0)	preproc. 1.3(1.3)	Tot. Loss 4.91 (5.02)	Acc@1 16.0 (14.9)	Acc@5 30.5 (29.8)	
Epoch: [1][4800/5005]	Time 1.4 (1.4)	Data 0.0 (0.0)	preproc. 1.3(1.3)	Tot. Loss 4.91 (5.02)	Acc@1 16.4 (14.9)	Acc@5 32.8 (29.9)	
Epoch: [1][5000/5005]	Time 1.4 (1.4)	Data 0.0 (0.0)	preproc. 1.3(1.3)	Tot. Loss 5.05 (5.02)	Acc@1 14.8 (14.9)	Acc@5 28.1 (29.9)	
Validation Epoch: [1][0/196]	Time 26.4 (26.4)	Data 0.0 (0.0)	preproc. 0.0(0.0)	Tot. Loss 3.71 (3.71)	Acc@1 31.6 (31.6)	Acc@5 61.3 (61.3)	
Validation Epoch 1, * Acc@1 16.07 Acc@5 31.92
Epoch: [2][0/5005]	Time 5.3 (5.3)	Data 3.9 (3.9)	preproc. 1.3(1.3)	Tot. Loss 4.76 (4.76)	Acc@1 17.6 (17.6)	Acc@5 35.2 (35.2)	
Epoch: [2][200/5005]	Time 1.4 (1.4)	Data 0.0 (0.0)	preproc. 1.3(1.3)	Tot. Loss 4.91 (4.93)	Acc@1 14.5 (16.0)	Acc@5 33.2 (31.3)	
Epoch: [2][400/5005]	Time 1.4 (1.4)	Data 0.0 (0.0)	preproc. 1.3(1.3)	Tot. Loss 4.74 (4.92)	Acc@1 17.2 (16.0)	Acc@5 34.8 (31.6)	
Epoch: [2][600/5005]	Time 1.4 (1.4)	Data 0.0 (0.0)	preproc. 1.3(1.3)	Tot. Loss 4.84 (4.92)	Acc@1 15.2 (16.1)	Acc@5 32.8 (31.6)	
Epoch: [2][800/5005]	Time 1.4 (1.4)	Data 0.0 (0.0)	preproc. 1.3(1.3)	Tot. Loss 4.91 (4.92)	Acc@1 16.0 (16.1)	Acc@5 27.3 (31.6)	
Epoch: [2][1000/5005]	Time 1.4 (1.4)	Data 0.0 (0.0)	preproc. 1.3(1.3)	Tot. Loss 5.08 (4.92)	Acc@1 12.1 (16.1)	Acc@5 28.5 (31.6)	
Epoch: [2][1200/5005]	Time 1.4 (1.4)	Data 0.0 (0.0)	preproc. 1.3(1.3)	Tot. Loss 4.77 (4.92)	Acc@1 14.1 (16.1)	Acc@5 32.0 (31.5)	
Epoch: [2][1400/5005]	Time 1.4 (1.4)	Data 0.0 (0.0)	preproc. 1.3(1.3)	Tot. Loss 4.82 (4.92)	Acc@1 21.5 (16.1)	Acc@5 34.0 (31.7)	
Epoch: [2][1600/5005]	Time 1.4 (1.4)	Data 0.0 (0.0)	preproc. 1.3(1.3)	Tot. Loss 4.88 (4.91)	Acc@1 12.9 (16.2)	Acc@5 29.3 (31.7)	
Epoch: [2][1800/5005]	Time 1.4 (1.4)	Data 0.0 (0.0)	preproc. 1.3(1.3)	Tot. Loss 5.08 (4.91)	Acc@1 15.2 (16.2)	Acc@5 30.9 (31.7)	
Epoch: [2][2000/5005]	Time 1.4 (1.4)	Data 0.0 (0.0)	preproc. 1.3(1.3)	Tot. Loss 5.01 (4.91)	Acc@1 15.6 (16.2)	Acc@5 31.6 (31.7)	
Epoch: [2][2200/5005]	Time 1.4 (1.4)	Data 0.0 (0.0)	preproc. 1.3(1.3)	Tot. Loss 4.79 (4.91)	Acc@1 14.8 (16.2)	Acc@5 34.8 (31.7)	
Epoch: [2][2400/5005]	Time 1.4 (1.4)	Data 0.0 (0.0)	preproc. 1.3(1.3)	Tot. Loss 5.05 (4.91)	Acc@1 14.1 (16.2)	Acc@5 30.1 (31.7)	
Epoch: [2][2600/5005]	Time 1.4 (1.4)	Data 0.0 (0.0)	preproc. 1.3(1.3)	Tot. Loss 4.92 (4.91)	Acc@1 16.4 (16.2)	Acc@5 35.9 (31.8)	
Epoch: [2][2800/5005]	Time 1.4 (1.4)	Data 0.0 (0.0)	preproc. 1.3(1.3)	Tot. Loss 4.87 (4.91)	Acc@1 17.6 (16.2)	Acc@5 31.2 (31.8)	
Epoch: [2][3000/5005]	Time 1.4 (1.4)	Data 0.0 (0.0)	preproc. 1.3(1.3)	Tot. Loss 4.85 (4.91)	Acc@1 20.7 (16.2)	Acc@5 34.0 (31.8)	
Epoch: [2][3200/5005]	Time 1.4 (1.4)	Data 0.0 (0.0)	preproc. 1.3(1.3)	Tot. Loss 4.75 (4.91)	Acc@1 17.6 (16.3)	Acc@5 34.8 (31.8)	
Epoch: [2][3400/5005]	Time 1.4 (1.4)	Data 0.0 (0.0)	preproc. 1.3(1.3)	Tot. Loss 4.84 (4.91)	Acc@1 17.6 (16.3)	Acc@5 34.4 (31.8)	
Epoch: [2][3600/5005]	Time 1.4 (1.4)	Data 0.0 (0.0)	preproc. 1.3(1.3)	Tot. Loss 4.91 (4.91)	Acc@1 18.0 (16.3)	Acc@5 38.7 (31.8)	
Epoch: [2][3800/5005]	Time 1.4 (1.4)	Data 0.0 (0.0)	preproc. 1.3(1.3)	Tot. Loss 4.83 (4.90)	Acc@1 18.4 (16.3)	Acc@5 32.8 (31.9)	
Epoch: [2][4000/5005]	Time 1.4 (1.4)	Data 0.0 (0.0)	preproc. 1.3(1.3)	Tot. Loss 4.76 (4.90)	Acc@1 16.4 (16.3)	Acc@5 34.8 (31.9)	
Epoch: [2][4200/5005]	Time 1.4 (1.4)	Data 0.0 (0.0)	preproc. 1.3(1.3)	Tot. Loss 4.75 (4.90)	Acc@1 16.0 (16.4)	Acc@5 33.6 (31.9)	
Epoch: [2][4400/5005]	Time 1.4 (1.4)	Data 0.0 (0.0)	preproc. 1.3(1.3)	Tot. Loss 4.67 (4.90)	Acc@1 21.1 (16.4)	Acc@5 34.4 (31.9)	
Epoch: [2][4600/5005]	Time 1.4 (1.4)	Data 0.0 (0.0)	preproc. 1.3(1.3)	Tot. Loss 4.83 (4.90)	Acc@1 17.2 (16.4)	Acc@5 34.4 (32.0)	
Epoch: [2][4800/5005]	Time 1.4 (1.4)	Data 0.0 (0.0)	preproc. 1.3(1.3)	Tot. Loss 4.87 (4.90)	Acc@1 17.2 (16.4)	Acc@5 31.2 (32.0)	
Epoch: [2][5000/5005]	Time 1.4 (1.4)	Data 0.0 (0.0)	preproc. 1.3(1.3)	Tot. Loss 4.75 (4.90)	Acc@1 19.1 (16.4)	Acc@5 32.8 (32.0)	
Validation Epoch: [2][0/196]	Time 4.9 (4.9)	Data 0.0 (0.0)	preproc. 0.0(0.0)	Tot. Loss 3.84 (3.84)	Acc@1 28.1 (28.1)	Acc@5 59.4 (59.4)	
Validation Epoch 2, * Acc@1 17.18 Acc@5 32.97
Epoch: [3][0/5005]	Time 4.9 (4.9)	Data 3.5 (3.5)	preproc. 1.3(1.3)	Tot. Loss 4.53 (4.53)	Acc@1 22.7 (22.7)	Acc@5 38.7 (38.7)	
Epoch: [3][200/5005]	Time 1.4 (1.4)	Data 0.0 (0.0)	preproc. 1.3(1.3)	Tot. Loss 4.67 (4.82)	Acc@1 20.7 (17.2)	Acc@5 36.7 (33.2)	
Epoch: [3][400/5005]	Time 1.4 (1.4)	Data 0.0 (0.0)	preproc. 1.3(1.3)	Tot. Loss 4.66 (4.83)	Acc@1 18.0 (17.2)	Acc@5 35.9 (33.1)	
Epoch: [3][600/5005]	Time 1.4 (1.4)	Data 0.0 (0.0)	preproc. 1.3(1.3)	Tot. Loss 4.91 (4.83)	Acc@1 16.4 (17.1)	Acc@5 34.8 (33.1)	
Epoch: [3][800/5005]	Time 1.4 (1.4)	Data 0.0 (0.0)	preproc. 1.3(1.3)	Tot. Loss 4.83 (4.83)	Acc@1 14.1 (17.2)	Acc@5 32.0 (33.2)	
Epoch: [3][1000/5005]	Time 1.4 (1.4)	Data 0.0 (0.0)	preproc. 1.3(1.3)	Tot. Loss 4.84 (4.83)	Acc@1 16.4 (17.1)	Acc@5 32.8 (33.2)	
Epoch: [3][1200/5005]	Time 1.4 (1.4)	Data 0.0 (0.0)	preproc. 1.3(1.3)	Tot. Loss 4.82 (4.83)	Acc@1 16.0 (17.1)	Acc@5 32.4 (33.1)	
Epoch: [3][1400/5005]	Time 1.4 (1.4)	Data 0.0 (0.0)	preproc. 1.3(1.3)	Tot. Loss 4.84 (4.83)	Acc@1 15.2 (17.2)	Acc@5 32.4 (33.1)	
Epoch: [3][1600/5005]	Time 1.4 (1.4)	Data 0.0 (0.0)	preproc. 1.3(1.3)	Tot. Loss 4.64 (4.83)	Acc@1 19.1 (17.2)	Acc@5 33.6 (33.1)	
Epoch: [3][1800/5005]	Time 1.4 (1.4)	Data 0.0 (0.0)	preproc. 1.3(1.3)	Tot. Loss 4.78 (4.83)	Acc@1 17.6 (17.2)	Acc@5 37.1 (33.1)	
Epoch: [3][2000/5005]	Time 1.4 (1.4)	Data 0.0 (0.0)	preproc. 1.3(1.3)	Tot. Loss 4.96 (4.84)	Acc@1 16.0 (17.1)	Acc@5 33.2 (33.1)	
Epoch: [3][2200/5005]	Time 1.4 (1.4)	Data 0.0 (0.0)	preproc. 1.3(1.3)	Tot. Loss 4.78 (4.84)	Acc@1 17.6 (17.2)	Acc@5 33.6 (33.1)	
Epoch: [3][2400/5005]	Time 1.4 (1.4)	Data 0.0 (0.0)	preproc. 1.3(1.3)	Tot. Loss 4.82 (4.84)	Acc@1 14.1 (17.2)	Acc@5 30.9 (33.1)	
Epoch: [3][2600/5005]	Time 1.4 (1.4)	Data 0.0 (0.0)	preproc. 1.3(1.3)	Tot. Loss 4.89 (4.84)	Acc@1 17.6 (17.2)	Acc@5 35.5 (33.1)	
Epoch: [3][2800/5005]	Time 1.4 (1.4)	Data 0.0 (0.0)	preproc. 1.3(1.3)	Tot. Loss 5.15 (4.84)	Acc@1 12.5 (17.2)	Acc@5 29.3 (33.1)	
Epoch: [3][3000/5005]	Time 1.4 (1.4)	Data 0.0 (0.0)	preproc. 1.3(1.3)	Tot. Loss 4.72 (4.84)	Acc@1 21.1 (17.2)	Acc@5 34.8 (33.1)	
Epoch: [3][3200/5005]	Time 1.4 (1.4)	Data 0.0 (0.0)	preproc. 1.3(1.3)	Tot. Loss 4.71 (4.84)	Acc@1 16.8 (17.2)	Acc@5 32.4 (33.2)	
Epoch: [3][3400/5005]	Time 1.4 (1.4)	Data 0.0 (0.0)	preproc. 1.3(1.3)	Tot. Loss 4.57 (4.84)	Acc@1 18.0 (17.2)	Acc@5 34.8 (33.2)	
Epoch: [3][3600/5005]	Time 1.4 (1.4)	Data 0.0 (0.0)	preproc. 1.3(1.3)	Tot. Loss 4.79 (4.84)	Acc@1 17.6 (17.2)	Acc@5 34.8 (33.1)	
Epoch: [3][3800/5005]	Time 1.4 (1.4)	Data 0.0 (0.0)	preproc. 1.3(1.3)	Tot. Loss 4.63 (4.84)	Acc@1 20.7 (17.2)	Acc@5 36.3 (33.1)	
Epoch: [3][4000/5005]	Time 1.4 (1.4)	Data 0.0 (0.0)	preproc. 1.3(1.3)	Tot. Loss 4.53 (4.84)	Acc@1 16.4 (17.2)	Acc@5 36.3 (33.1)	
Epoch: [3][4200/5005]	Time 1.4 (1.4)	Data 0.0 (0.0)	preproc. 1.3(1.3)	Tot. Loss 4.85 (4.84)	Acc@1 15.6 (17.2)	Acc@5 32.4 (33.1)	
Epoch: [3][4400/5005]	Time 1.4 (1.4)	Data 0.0 (0.0)	preproc. 1.3(1.3)	Tot. Loss 4.95 (4.84)	Acc@1 14.5 (17.2)	Acc@5 31.6 (33.2)	
Epoch: [3][4600/5005]	Time 1.4 (1.4)	Data 0.0 (0.0)	preproc. 1.3(1.3)	Tot. Loss 4.78 (4.84)	Acc@1 20.3 (17.2)	Acc@5 35.9 (33.2)	
Epoch: [3][4800/5005]	Time 1.4 (1.4)	Data 0.0 (0.0)	preproc. 1.3(1.3)	Tot. Loss 5.19 (4.84)	Acc@1 14.5 (17.2)	Acc@5 28.1 (33.2)	
Epoch: [3][5000/5005]	Time 1.4 (1.4)	Data 0.0 (0.0)	preproc. 1.3(1.3)	Tot. Loss 5.01 (4.84)	Acc@1 16.8 (17.2)	Acc@5 32.8 (33.2)	
Validation Epoch: [3][0/196]	Time 21.3 (21.3)	Data 0.0 (0.0)	preproc. 0.0(0.0)	Tot. Loss 3.67 (3.67)	Acc@1 29.3 (29.3)	Acc@5 60.2 (60.2)	
Validation Epoch 3, * Acc@1 17.66 Acc@5 33.96
Epoch: [4][0/5005]	Time 5.1 (5.1)	Data 3.7 (3.7)	preproc. 1.3(1.3)	Tot. Loss 4.74 (4.74)	Acc@1 14.8 (14.8)	Acc@5 34.0 (34.0)	
Epoch: [4][200/5005]	Time 1.4 (1.4)	Data 0.0 (0.0)	preproc. 1.3(1.3)	Tot. Loss 4.77 (4.77)	Acc@1 17.6 (17.8)	Acc@5 34.0 (34.1)	
Epoch: [4][400/5005]	Time 1.4 (1.4)	Data 0.0 (0.0)	preproc. 1.3(1.3)	Tot. Loss 4.94 (4.77)	Acc@1 19.9 (18.0)	Acc@5 29.7 (34.2)	
Epoch: [4][600/5005]	Time 1.4 (1.4)	Data 0.0 (0.0)	preproc. 1.3(1.3)	Tot. Loss 4.72 (4.78)	Acc@1 21.5 (17.9)	Acc@5 34.8 (34.0)	
Epoch: [4][800/5005]	Time 1.4 (1.4)	Data 0.0 (0.0)	preproc. 1.3(1.3)	Tot. Loss 4.76 (4.78)	Acc@1 21.1 (17.8)	Acc@5 40.6 (34.0)	
Epoch: [4][1000/5005]	Time 1.4 (1.4)	Data 0.0 (0.0)	preproc. 1.3(1.3)	Tot. Loss 4.80 (4.79)	Acc@1 20.3 (17.9)	Acc@5 35.9 (34.0)	
Epoch: [4][1200/5005]	Time 1.4 (1.4)	Data 0.0 (0.0)	preproc. 1.3(1.3)	Tot. Loss 5.05 (4.79)	Acc@1 13.7 (17.8)	Acc@5 29.7 (34.0)	
Epoch: [4][1400/5005]	Time 1.4 (1.4)	Data 0.0 (0.0)	preproc. 1.3(1.3)	Tot. Loss 4.81 (4.79)	Acc@1 16.4 (17.8)	Acc@5 30.9 (34.0)	
Epoch: [4][1600/5005]	Time 1.4 (1.4)	Data 0.0 (0.0)	preproc. 1.3(1.3)	Tot. Loss 4.92 (4.79)	Acc@1 18.0 (17.8)	Acc@5 35.2 (34.0)	
Epoch: [4][1800/5005]	Time 1.4 (1.4)	Data 0.0 (0.0)	preproc. 1.3(1.3)	Tot. Loss 4.93 (4.79)	Acc@1 17.6 (17.8)	Acc@5 30.9 (34.0)	
Epoch: [4][2000/5005]	Time 1.4 (1.4)	Data 0.0 (0.0)	preproc. 1.3(1.3)	Tot. Loss 4.69 (4.79)	Acc@1 19.1 (17.8)	Acc@5 36.7 (34.0)	
Epoch: [4][2200/5005]	Time 1.4 (1.4)	Data 0.0 (0.0)	preproc. 1.3(1.3)	Tot. Loss 4.74 (4.79)	Acc@1 19.1 (17.8)	Acc@5 32.4 (34.0)	
Epoch: [4][2400/5005]	Time 1.4 (1.4)	Data 0.0 (0.0)	preproc. 1.3(1.3)	Tot. Loss 4.80 (4.79)	Acc@1 17.6 (17.8)	Acc@5 33.6 (33.9)	
Epoch: [4][2600/5005]	Time 1.4 (1.4)	Data 0.0 (0.0)	preproc. 1.3(1.3)	Tot. Loss 5.03 (4.79)	Acc@1 15.2 (17.8)	Acc@5 31.2 (34.0)	
Epoch: [4][2800/5005]	Time 1.4 (1.4)	Data 0.0 (0.0)	preproc. 1.3(1.3)	Tot. Loss 4.81 (4.79)	Acc@1 15.2 (17.8)	Acc@5 33.6 (33.9)	
Epoch: [4][3000/5005]	Time 1.4 (1.4)	Data 0.0 (0.0)	preproc. 1.3(1.3)	Tot. Loss 4.69 (4.79)	Acc@1 16.4 (17.7)	Acc@5 36.3 (33.9)	
Epoch: [4][3200/5005]	Time 1.4 (1.4)	Data 0.0 (0.0)	preproc. 1.3(1.3)	Tot. Loss 4.67 (4.79)	Acc@1 16.8 (17.8)	Acc@5 37.5 (33.9)	
Epoch: [4][3400/5005]	Time 1.4 (1.4)	Data 0.0 (0.0)	preproc. 1.3(1.3)	Tot. Loss 4.81 (4.79)	Acc@1 18.4 (17.8)	Acc@5 34.0 (33.9)	
Epoch: [4][3600/5005]	Time 1.4 (1.4)	Data 0.0 (0.0)	preproc. 1.3(1.3)	Tot. Loss 4.73 (4.79)	Acc@1 20.7 (17.8)	Acc@5 35.5 (34.0)	
Epoch: [4][3800/5005]	Time 1.4 (1.4)	Data 0.0 (0.0)	preproc. 1.3(1.3)	Tot. Loss 4.93 (4.79)	Acc@1 16.8 (17.8)	Acc@5 29.3 (34.0)	
Epoch: [4][4000/5005]	Time 1.4 (1.4)	Data 0.0 (0.0)	preproc. 1.3(1.3)	Tot. Loss 4.49 (4.79)	Acc@1 22.3 (17.8)	Acc@5 39.8 (34.0)	
Epoch: [4][4200/5005]	Time 1.4 (1.4)	Data 0.0 (0.0)	preproc. 1.3(1.3)	Tot. Loss 4.65 (4.79)	Acc@1 19.5 (17.8)	Acc@5 33.6 (34.0)	
Epoch: [4][4400/5005]	Time 1.4 (1.4)	Data 0.0 (0.0)	preproc. 1.3(1.3)	Tot. Loss 4.80 (4.79)	Acc@1 15.2 (17.8)	Acc@5 33.6 (34.0)	
Epoch: [4][4600/5005]	Time 1.4 (1.4)	Data 0.0 (0.0)	preproc. 1.3(1.3)	Tot. Loss 4.66 (4.79)	Acc@1 20.3 (17.8)	Acc@5 35.9 (34.0)	
Epoch: [4][4800/5005]	Time 1.4 (1.4)	Data 0.0 (0.0)	preproc. 1.3(1.3)	Tot. Loss 4.79 (4.79)	Acc@1 18.4 (17.8)	Acc@5 35.5 (34.0)	
Epoch: [4][5000/5005]	Time 1.4 (1.4)	Data 0.0 (0.0)	preproc. 1.3(1.3)	Tot. Loss 4.96 (4.79)	Acc@1 16.8 (17.8)	Acc@5 34.0 (34.0)	
Validation Epoch: [4][0/196]	Time 5.0 (5.0)	Data 0.0 (0.0)	preproc. 0.0(0.0)	Tot. Loss 3.50 (3.50)	Acc@1 34.4 (34.4)	Acc@5 66.4 (66.4)	
Validation Epoch 4, * Acc@1 18.21 Acc@5 34.69
Epoch: [5][0/5005]	Time 5.7 (5.7)	Data 4.3 (4.3)	preproc. 1.3(1.3)	Tot. Loss 4.68 (4.68)	Acc@1 18.4 (18.4)	Acc@5 37.9 (37.9)	
Epoch: [5][200/5005]	Time 1.4 (1.4)	Data 0.0 (0.0)	preproc. 1.3(1.3)	Tot. Loss 4.74 (4.75)	Acc@1 17.6 (18.3)	Acc@5 34.8 (34.5)	
Epoch: [5][400/5005]	Time 1.4 (1.4)	Data 0.0 (0.0)	preproc. 1.3(1.3)	Tot. Loss 4.64 (4.75)	Acc@1 21.5 (18.3)	Acc@5 35.2 (34.6)	
Epoch: [5][600/5005]	Time 1.4 (1.4)	Data 0.0 (0.0)	preproc. 1.3(1.3)	Tot. Loss 4.91 (4.75)	Acc@1 18.8 (18.3)	Acc@5 34.0 (34.6)	
Epoch: [5][800/5005]	Time 1.4 (1.4)	Data 0.0 (0.0)	preproc. 1.3(1.3)	Tot. Loss 4.56 (4.74)	Acc@1 16.0 (18.3)	Acc@5 38.7 (34.6)	
Epoch: [5][1000/5005]	Time 1.4 (1.4)	Data 0.0 (0.0)	preproc. 1.3(1.3)	Tot. Loss 4.97 (4.75)	Acc@1 14.8 (18.3)	Acc@5 29.7 (34.6)	
Epoch: [5][1200/5005]	Time 1.4 (1.4)	Data 0.0 (0.0)	preproc. 1.3(1.3)	Tot. Loss 4.64 (4.75)	Acc@1 20.7 (18.3)	Acc@5 32.8 (34.6)	
Epoch: [5][1400/5005]	Time 1.4 (1.4)	Data 0.0 (0.0)	preproc. 1.3(1.3)	Tot. Loss 4.83 (4.75)	Acc@1 19.1 (18.3)	Acc@5 35.9 (34.6)	
Epoch: [5][1600/5005]	Time 1.4 (1.4)	Data 0.0 (0.0)	preproc. 1.3(1.3)	Tot. Loss 4.90 (4.75)	Acc@1 18.4 (18.3)	Acc@5 33.2 (34.6)	
Epoch: [5][1800/5005]	Time 1.4 (1.4)	Data 0.0 (0.0)	preproc. 1.3(1.3)	Tot. Loss 5.01 (4.75)	Acc@1 19.1 (18.3)	Acc@5 33.6 (34.6)	
Epoch: [5][2000/5005]	Time 1.4 (1.4)	Data 0.0 (0.0)	preproc. 1.3(1.3)	Tot. Loss 4.89 (4.75)	Acc@1 18.0 (18.3)	Acc@5 31.6 (34.7)	
Epoch: [5][2200/5005]	Time 1.4 (1.4)	Data 0.0 (0.0)	preproc. 1.3(1.3)	Tot. Loss 5.05 (4.75)	Acc@1 13.3 (18.2)	Acc@5 29.3 (34.6)	
Epoch: [5][2400/5005]	Time 1.4 (1.4)	Data 0.0 (0.0)	preproc. 1.3(1.3)	Tot. Loss 5.05 (4.75)	Acc@1 18.8 (18.2)	Acc@5 32.0 (34.6)	
Epoch: [5][2600/5005]	Time 1.4 (1.4)	Data 0.0 (0.0)	preproc. 1.3(1.3)	Tot. Loss 4.83 (4.75)	Acc@1 16.4 (18.2)	Acc@5 32.4 (34.6)	
Epoch: [5][2800/5005]	Time 1.4 (1.4)	Data 0.0 (0.0)	preproc. 1.3(1.3)	Tot. Loss 4.65 (4.75)	Acc@1 18.8 (18.2)	Acc@5 36.7 (34.6)	
Epoch: [5][3000/5005]	Time 1.4 (1.4)	Data 0.0 (0.0)	preproc. 1.3(1.3)	Tot. Loss 5.08 (4.75)	Acc@1 13.3 (18.2)	Acc@5 28.9 (34.6)	
Epoch: [5][3200/5005]	Time 1.4 (1.4)	Data 0.0 (0.0)	preproc. 1.3(1.3)	Tot. Loss 4.67 (4.76)	Acc@1 18.8 (18.2)	Acc@5 34.4 (34.6)	
Epoch: [5][3400/5005]	Time 1.4 (1.4)	Data 0.0 (0.0)	preproc. 1.3(1.3)	Tot. Loss 4.87 (4.76)	Acc@1 14.5 (18.2)	Acc@5 28.9 (34.6)	
Epoch: [5][3600/5005]	Time 1.4 (1.4)	Data 0.0 (0.0)	preproc. 1.3(1.3)	Tot. Loss 4.68 (4.76)	Acc@1 21.5 (18.2)	Acc@5 37.9 (34.6)	
Epoch: [5][3800/5005]	Time 1.4 (1.4)	Data 0.0 (0.0)	preproc. 1.3(1.3)	Tot. Loss 4.77 (4.76)	Acc@1 16.8 (18.2)	Acc@5 30.9 (34.6)	
Epoch: [5][4000/5005]	Time 1.4 (1.4)	Data 0.0 (0.0)	preproc. 1.3(1.3)	Tot. Loss 4.78 (4.76)	Acc@1 17.2 (18.2)	Acc@5 35.2 (34.6)	
Epoch: [5][4200/5005]	Time 1.4 (1.4)	Data 0.0 (0.0)	preproc. 1.3(1.3)	Tot. Loss 4.95 (4.76)	Acc@1 17.6 (18.2)	Acc@5 31.2 (34.6)	
Epoch: [5][4400/5005]	Time 1.4 (1.4)	Data 0.0 (0.0)	preproc. 1.3(1.3)	Tot. Loss 4.82 (4.76)	Acc@1 16.4 (18.2)	Acc@5 32.8 (34.6)	
Epoch: [5][4600/5005]	Time 1.4 (1.4)	Data 0.0 (0.0)	preproc. 1.3(1.3)	Tot. Loss 4.80 (4.76)	Acc@1 16.4 (18.2)	Acc@5 30.9 (34.6)	
Epoch: [5][4800/5005]	Time 1.4 (1.4)	Data 0.0 (0.0)	preproc. 1.3(1.3)	Tot. Loss 4.87 (4.76)	Acc@1 17.2 (18.2)	Acc@5 35.5 (34.6)	
Epoch: [5][5000/5005]	Time 1.4 (1.4)	Data 0.0 (0.0)	preproc. 1.3(1.3)	Tot. Loss 4.77 (4.76)	Acc@1 19.9 (18.2)	Acc@5 36.3 (34.6)	
Validation Epoch: [5][0/196]	Time 5.1 (5.1)	Data 0.0 (0.0)	preproc. 0.0(0.0)	Tot. Loss 3.61 (3.61)	Acc@1 33.2 (33.2)	Acc@5 62.1 (62.1)	
Validation Epoch 5, * Acc@1 18.38 Acc@5 34.94
Epoch: [6][0/5005]	Time 5.0 (5.0)	Data 3.6 (3.6)	preproc. 1.3(1.3)	Tot. Loss 4.85 (4.85)	Acc@1 19.9 (19.9)	Acc@5 32.8 (32.8)	
Epoch: [6][200/5005]	Time 1.4 (1.4)	Data 0.0 (0.0)	preproc. 1.3(1.3)	Tot. Loss 4.95 (4.71)	Acc@1 16.8 (18.7)	Acc@5 30.5 (35.3)	
Epoch: [6][400/5005]	Time 1.4 (1.4)	Data 0.0 (0.0)	preproc. 1.3(1.3)	Tot. Loss 4.87 (4.71)	Acc@1 17.6 (18.8)	Acc@5 34.8 (35.3)	
Epoch: [6][600/5005]	Time 1.4 (1.4)	Data 0.0 (0.0)	preproc. 1.3(1.3)	Tot. Loss 4.90 (4.71)	Acc@1 16.0 (18.8)	Acc@5 29.7 (35.3)	
Epoch: [6][800/5005]	Time 1.4 (1.4)	Data 0.0 (0.0)	preproc. 1.3(1.3)	Tot. Loss 4.70 (4.72)	Acc@1 19.5 (18.8)	Acc@5 34.8 (35.3)	
Epoch: [6][1000/5005]	Time 1.4 (1.4)	Data 0.0 (0.0)	preproc. 1.3(1.3)	Tot. Loss 4.41 (4.72)	Acc@1 24.6 (18.7)	Acc@5 41.4 (35.2)	
Epoch: [6][1200/5005]	Time 1.4 (1.4)	Data 0.0 (0.0)	preproc. 1.3(1.3)	Tot. Loss 4.59 (4.72)	Acc@1 20.7 (18.7)	Acc@5 35.5 (35.2)	
Epoch: [6][1400/5005]	Time 1.4 (1.4)	Data 0.0 (0.0)	preproc. 1.3(1.3)	Tot. Loss 4.67 (4.72)	Acc@1 18.4 (18.7)	Acc@5 35.2 (35.2)	
Epoch: [6][1600/5005]	Time 1.4 (1.4)	Data 0.0 (0.0)	preproc. 1.3(1.3)	Tot. Loss 4.76 (4.72)	Acc@1 21.5 (18.7)	Acc@5 34.4 (35.2)	
Epoch: [6][1800/5005]	Time 1.4 (1.4)	Data 0.0 (0.0)	preproc. 1.3(1.3)	Tot. Loss 4.92 (4.72)	Acc@1 17.6 (18.7)	Acc@5 30.5 (35.2)	
Epoch: [6][2000/5005]	Time 1.4 (1.4)	Data 0.0 (0.0)	preproc. 1.3(1.3)	Tot. Loss 4.66 (4.72)	Acc@1 20.7 (18.7)	Acc@5 36.3 (35.3)	
Epoch: [6][2200/5005]	Time 1.4 (1.4)	Data 0.0 (0.0)	preproc. 1.3(1.3)	Tot. Loss 4.56 (4.72)	Acc@1 21.5 (18.7)	Acc@5 39.8 (35.2)	
Epoch: [6][2400/5005]	Time 1.4 (1.4)	Data 0.0 (0.0)	preproc. 1.3(1.3)	Tot. Loss 4.25 (4.72)	Acc@1 23.0 (18.7)	Acc@5 43.8 (35.2)	
Epoch: [6][2600/5005]	Time 1.4 (1.4)	Data 0.0 (0.0)	preproc. 1.3(1.3)	Tot. Loss 4.95 (4.72)	Acc@1 19.1 (18.7)	Acc@5 32.4 (35.2)	
Epoch: [6][2800/5005]	Time 1.4 (1.4)	Data 0.0 (0.0)	preproc. 1.3(1.3)	Tot. Loss 4.70 (4.72)	Acc@1 21.5 (18.7)	Acc@5 34.0 (35.2)	
Epoch: [6][3000/5005]	Time 1.4 (1.4)	Data 0.0 (0.0)	preproc. 1.3(1.3)	Tot. Loss 4.84 (4.72)	Acc@1 16.4 (18.7)	Acc@5 33.6 (35.2)	
Epoch: [6][3200/5005]	Time 1.4 (1.4)	Data 0.0 (0.0)	preproc. 1.3(1.3)	Tot. Loss 5.02 (4.73)	Acc@1 16.4 (18.7)	Acc@5 27.0 (35.1)	
Epoch: [6][3400/5005]	Time 1.4 (1.4)	Data 0.0 (0.0)	preproc. 1.3(1.3)	Tot. Loss 4.79 (4.73)	Acc@1 15.6 (18.6)	Acc@5 32.8 (35.1)	
Epoch: [6][3600/5005]	Time 1.4 (1.4)	Data 0.0 (0.0)	preproc. 1.3(1.3)	Tot. Loss 4.86 (4.73)	Acc@1 18.8 (18.7)	Acc@5 34.8 (35.1)	
Epoch: [6][3800/5005]	Time 1.4 (1.4)	Data 0.0 (0.0)	preproc. 1.3(1.3)	Tot. Loss 4.82 (4.73)	Acc@1 17.6 (18.7)	Acc@5 34.8 (35.1)	
Epoch: [6][4000/5005]	Time 1.4 (1.4)	Data 0.0 (0.0)	preproc. 1.3(1.3)	Tot. Loss 4.67 (4.73)	Acc@1 19.5 (18.6)	Acc@5 35.2 (35.1)	
Epoch: [6][4200/5005]	Time 1.4 (1.4)	Data 0.0 (0.0)	preproc. 1.3(1.3)	Tot. Loss 4.64 (4.73)	Acc@1 17.2 (18.6)	Acc@5 33.2 (35.1)	
Epoch: [6][4400/5005]	Time 1.4 (1.4)	Data 0.0 (0.0)	preproc. 1.3(1.3)	Tot. Loss 5.00 (4.73)	Acc@1 13.3 (18.6)	Acc@5 29.7 (35.1)	
Epoch: [6][4600/5005]	Time 1.4 (1.4)	Data 0.0 (0.0)	preproc. 1.3(1.3)	Tot. Loss 4.86 (4.73)	Acc@1 15.2 (18.6)	Acc@5 32.0 (35.1)	
Epoch: [6][4800/5005]	Time 1.4 (1.4)	Data 0.0 (0.0)	preproc. 1.3(1.3)	Tot. Loss 4.71 (4.73)	Acc@1 21.1 (18.6)	Acc@5 35.2 (35.1)	
Epoch: [6][5000/5005]	Time 1.4 (1.4)	Data 0.0 (0.0)	preproc. 1.3(1.3)	Tot. Loss 4.72 (4.73)	Acc@1 18.8 (18.6)	Acc@5 35.5 (35.1)	
Validation Epoch: [6][0/196]	Time 5.0 (5.0)	Data 0.0 (0.0)	preproc. 0.0(0.0)	Tot. Loss 3.66 (3.66)	Acc@1 32.8 (32.8)	Acc@5 61.3 (61.3)	
Validation Epoch 6, * Acc@1 18.84 Acc@5 35.30
Epoch: [7][0/5005]	Time 5.4 (5.4)	Data 4.0 (4.0)	preproc. 1.3(1.3)	Tot. Loss 4.76 (4.76)	Acc@1 17.6 (17.6)	Acc@5 34.8 (34.8)	
Epoch: [7][200/5005]	Time 1.4 (1.4)	Data 0.0 (0.0)	preproc. 1.3(1.3)	Tot. Loss 4.49 (4.68)	Acc@1 21.5 (19.4)	Acc@5 37.1 (35.9)	
Epoch: [7][400/5005]	Time 1.4 (1.4)	Data 0.0 (0.0)	preproc. 1.3(1.3)	Tot. Loss 4.59 (4.69)	Acc@1 21.1 (19.2)	Acc@5 37.5 (35.8)	
Epoch: [7][600/5005]	Time 1.4 (1.4)	Data 0.0 (0.0)	preproc. 1.3(1.3)	Tot. Loss 4.81 (4.69)	Acc@1 21.9 (19.2)	Acc@5 38.7 (35.8)	
Epoch: [7][800/5005]	Time 1.4 (1.4)	Data 0.0 (0.0)	preproc. 1.3(1.3)	Tot. Loss 4.83 (4.69)	Acc@1 17.6 (19.1)	Acc@5 37.1 (35.7)	
Epoch: [7][1000/5005]	Time 1.4 (1.4)	Data 0.0 (0.0)	preproc. 1.3(1.3)	Tot. Loss 4.77 (4.69)	Acc@1 17.6 (19.1)	Acc@5 35.5 (35.7)	
Epoch: [7][1200/5005]	Time 1.4 (1.4)	Data 0.0 (0.0)	preproc. 1.3(1.3)	Tot. Loss 4.32 (4.69)	Acc@1 22.3 (19.1)	Acc@5 39.5 (35.7)	
Epoch: [7][1400/5005]	Time 1.4 (1.4)	Data 0.0 (0.0)	preproc. 1.3(1.3)	Tot. Loss 4.74 (4.70)	Acc@1 18.0 (19.1)	Acc@5 33.2 (35.6)	
Epoch: [7][1600/5005]	Time 1.4 (1.4)	Data 0.0 (0.0)	preproc. 1.3(1.3)	Tot. Loss 4.55 (4.70)	Acc@1 18.0 (19.1)	Acc@5 39.1 (35.6)	
Epoch: [7][1800/5005]	Time 1.4 (1.4)	Data 0.0 (0.0)	preproc. 1.3(1.3)	Tot. Loss 4.61 (4.70)	Acc@1 15.2 (19.0)	Acc@5 35.5 (35.6)	
Epoch: [7][2000/5005]	Time 1.4 (1.4)	Data 0.0 (0.0)	preproc. 1.3(1.3)	Tot. Loss 4.84 (4.70)	Acc@1 15.2 (19.0)	Acc@5 34.4 (35.5)	
Epoch: [7][2200/5005]	Time 1.4 (1.4)	Data 0.0 (0.0)	preproc. 1.3(1.3)	Tot. Loss 4.67 (4.70)	Acc@1 20.7 (19.0)	Acc@5 38.3 (35.5)	
Epoch: [7][2400/5005]	Time 1.4 (1.4)	Data 0.0 (0.0)	preproc. 1.3(1.3)	Tot. Loss 4.44 (4.70)	Acc@1 22.7 (19.0)	Acc@5 40.6 (35.5)	
Epoch: [7][2600/5005]	Time 1.4 (1.4)	Data 0.0 (0.0)	preproc. 1.3(1.3)	Tot. Loss 4.61 (4.70)	Acc@1 21.9 (19.0)	Acc@5 35.5 (35.5)	
Epoch: [7][2800/5005]	Time 1.4 (1.4)	Data 0.0 (0.0)	preproc. 1.3(1.3)	Tot. Loss 4.63 (4.70)	Acc@1 22.7 (19.0)	Acc@5 35.9 (35.5)	
Epoch: [7][3000/5005]	Time 1.4 (1.4)	Data 0.0 (0.0)	preproc. 1.3(1.3)	Tot. Loss 4.81 (4.70)	Acc@1 18.0 (19.0)	Acc@5 32.0 (35.5)	
Epoch: [7][3200/5005]	Time 1.4 (1.4)	Data 0.0 (0.0)	preproc. 1.3(1.3)	Tot. Loss 4.57 (4.70)	Acc@1 22.3 (19.0)	Acc@5 38.7 (35.5)	
Epoch: [7][3400/5005]	Time 1.4 (1.4)	Data 0.0 (0.0)	preproc. 1.3(1.3)	Tot. Loss 4.87 (4.70)	Acc@1 12.5 (19.0)	Acc@5 33.6 (35.5)	
Epoch: [7][3600/5005]	Time 1.4 (1.4)	Data 0.0 (0.0)	preproc. 1.3(1.3)	Tot. Loss 4.75 (4.71)	Acc@1 18.0 (18.9)	Acc@5 35.9 (35.5)	
Epoch: [7][3800/5005]	Time 1.4 (1.4)	Data 0.0 (0.0)	preproc. 1.3(1.3)	Tot. Loss 4.76 (4.71)	Acc@1 17.6 (18.9)	Acc@5 36.3 (35.4)	
Epoch: [7][4000/5005]	Time 1.4 (1.4)	Data 0.0 (0.0)	preproc. 1.3(1.3)	Tot. Loss 4.90 (4.71)	Acc@1 16.8 (18.9)	Acc@5 32.4 (35.4)	
Epoch: [7][4200/5005]	Time 1.4 (1.4)	Data 0.0 (0.0)	preproc. 1.3(1.3)	Tot. Loss 4.93 (4.71)	Acc@1 14.8 (18.9)	Acc@5 34.4 (35.4)	
Epoch: [7][4400/5005]	Time 1.4 (1.4)	Data 0.0 (0.0)	preproc. 1.3(1.3)	Tot. Loss 4.72 (4.71)	Acc@1 16.0 (18.9)	Acc@5 34.4 (35.4)	
Epoch: [7][4600/5005]	Time 1.4 (1.4)	Data 0.0 (0.0)	preproc. 1.3(1.3)	Tot. Loss 4.59 (4.71)	Acc@1 18.4 (18.9)	Acc@5 37.9 (35.4)	
Epoch: [7][4800/5005]	Time 1.4 (1.4)	Data 0.0 (0.0)	preproc. 1.3(1.3)	Tot. Loss 4.83 (4.71)	Acc@1 19.5 (18.9)	Acc@5 33.6 (35.4)	
Epoch: [7][5000/5005]	Time 1.4 (1.4)	Data 0.0 (0.0)	preproc. 1.3(1.3)	Tot. Loss 4.84 (4.71)	Acc@1 17.2 (18.9)	Acc@5 33.6 (35.4)	
Validation Epoch: [7][0/196]	Time 5.1 (5.1)	Data 0.0 (0.0)	preproc. 0.0(0.0)	Tot. Loss 3.68 (3.68)	Acc@1 32.8 (32.8)	Acc@5 56.6 (56.6)	
Validation Epoch 7, * Acc@1 18.86 Acc@5 35.56
Epoch: [8][0/5005]	Time 5.5 (5.5)	Data 4.1 (4.1)	preproc. 1.3(1.3)	Tot. Loss 4.66 (4.66)	Acc@1 19.1 (19.1)	Acc@5 35.5 (35.5)	
Epoch: [8][200/5005]	Time 1.4 (1.4)	Data 0.0 (0.0)	preproc. 1.3(1.3)	Tot. Loss 4.52 (4.66)	Acc@1 21.5 (19.4)	Acc@5 37.9 (36.0)	
Epoch: [8][400/5005]	Time 1.4 (1.4)	Data 0.0 (0.0)	preproc. 1.3(1.3)	Tot. Loss 4.66 (4.67)	Acc@1 19.9 (19.2)	Acc@5 37.5 (35.9)	
Epoch: [8][600/5005]	Time 1.4 (1.4)	Data 0.0 (0.0)	preproc. 1.3(1.3)	Tot. Loss 4.61 (4.67)	Acc@1 20.7 (19.2)	Acc@5 37.9 (35.9)	
Epoch: [8][800/5005]	Time 1.4 (1.4)	Data 0.0 (0.0)	preproc. 1.3(1.3)	Tot. Loss 4.76 (4.67)	Acc@1 19.5 (19.2)	Acc@5 35.2 (35.9)	
Epoch: [8][1000/5005]	Time 1.4 (1.4)	Data 0.0 (0.0)	preproc. 1.3(1.3)	Tot. Loss 4.89 (4.68)	Acc@1 12.9 (19.1)	Acc@5 34.0 (35.8)	
Epoch: [8][1200/5005]	Time 1.4 (1.4)	Data 0.0 (0.0)	preproc. 1.3(1.3)	Tot. Loss 4.84 (4.68)	Acc@1 16.4 (19.1)	Acc@5 34.4 (35.8)	
Epoch: [8][1400/5005]	Time 1.4 (1.4)	Data 0.0 (0.0)	preproc. 1.3(1.3)	Tot. Loss 4.87 (4.68)	Acc@1 16.0 (19.1)	Acc@5 35.9 (35.8)	
Epoch: [8][1600/5005]	Time 1.4 (1.4)	Data 0.0 (0.0)	preproc. 1.3(1.3)	Tot. Loss 4.70 (4.68)	Acc@1 19.9 (19.1)	Acc@5 35.9 (35.8)	
Epoch: [8][1800/5005]	Time 1.4 (1.4)	Data 0.0 (0.0)	preproc. 1.3(1.3)	Tot. Loss 4.62 (4.68)	Acc@1 19.9 (19.1)	Acc@5 42.6 (35.8)	
Epoch: [8][2000/5005]	Time 1.4 (1.4)	Data 0.0 (0.0)	preproc. 1.3(1.3)	Tot. Loss 4.85 (4.68)	Acc@1 14.8 (19.1)	Acc@5 30.1 (35.8)	
Epoch: [8][2200/5005]	Time 1.4 (1.4)	Data 0.0 (0.0)	preproc. 1.3(1.3)	Tot. Loss 4.66 (4.68)	Acc@1 18.4 (19.1)	Acc@5 39.8 (35.8)	
Epoch: [8][2400/5005]	Time 1.4 (1.4)	Data 0.0 (0.0)	preproc. 1.3(1.3)	Tot. Loss 4.73 (4.68)	Acc@1 21.9 (19.1)	Acc@5 35.5 (35.8)	
Epoch: [8][2600/5005]	Time 1.4 (1.4)	Data 0.0 (0.0)	preproc. 1.3(1.3)	Tot. Loss 4.71 (4.69)	Acc@1 17.6 (19.1)	Acc@5 33.2 (35.8)	
Epoch: [8][2800/5005]	Time 1.4 (1.4)	Data 0.0 (0.0)	preproc. 1.3(1.3)	Tot. Loss 4.91 (4.69)	Acc@1 15.6 (19.1)	Acc@5 29.3 (35.8)	
Epoch: [8][3000/5005]	Time 1.4 (1.4)	Data 0.0 (0.0)	preproc. 1.3(1.3)	Tot. Loss 4.64 (4.69)	Acc@1 21.1 (19.1)	Acc@5 34.4 (35.8)	
Epoch: [8][3200/5005]	Time 1.4 (1.4)	Data 0.0 (0.0)	preproc. 1.3(1.3)	Tot. Loss 4.65 (4.69)	Acc@1 22.3 (19.1)	Acc@5 34.4 (35.8)	
Epoch: [8][3400/5005]	Time 1.4 (1.4)	Data 0.0 (0.0)	preproc. 1.3(1.3)	Tot. Loss 4.77 (4.69)	Acc@1 19.9 (19.1)	Acc@5 34.4 (35.8)	
Epoch: [8][3600/5005]	Time 1.4 (1.4)	Data 0.0 (0.0)	preproc. 1.3(1.3)	Tot. Loss 4.84 (4.69)	Acc@1 17.2 (19.1)	Acc@5 32.8 (35.8)	
Epoch: [8][3800/5005]	Time 1.4 (1.4)	Data 0.0 (0.0)	preproc. 1.3(1.3)	Tot. Loss 4.78 (4.69)	Acc@1 18.8 (19.1)	Acc@5 30.1 (35.8)	
Epoch: [8][4000/5005]	Time 1.4 (1.4)	Data 0.0 (0.0)	preproc. 1.3(1.3)	Tot. Loss 4.57 (4.69)	Acc@1 20.3 (19.1)	Acc@5 39.5 (35.7)	
Epoch: [8][4200/5005]	Time 1.4 (1.4)	Data 0.0 (0.0)	preproc. 1.3(1.3)	Tot. Loss 4.68 (4.69)	Acc@1 19.9 (19.1)	Acc@5 34.0 (35.7)	
Epoch: [8][4400/5005]	Time 1.4 (1.4)	Data 0.0 (0.0)	preproc. 1.3(1.3)	Tot. Loss 4.48 (4.69)	Acc@1 19.1 (19.1)	Acc@5 37.5 (35.7)	
Epoch: [8][4600/5005]	Time 1.4 (1.4)	Data 0.0 (0.0)	preproc. 1.3(1.3)	Tot. Loss 4.49 (4.69)	Acc@1 19.9 (19.1)	Acc@5 37.9 (35.7)	
Epoch: [8][4800/5005]	Time 1.4 (1.4)	Data 0.0 (0.0)	preproc. 1.3(1.3)	Tot. Loss 4.53 (4.69)	Acc@1 20.3 (19.1)	Acc@5 37.1 (35.7)	
Epoch: [8][5000/5005]	Time 1.4 (1.4)	Data 0.0 (0.0)	preproc. 1.3(1.3)	Tot. Loss 4.70 (4.69)	Acc@1 21.5 (19.1)	Acc@5 37.9 (35.7)	
Validation Epoch: [8][0/196]	Time 31.5 (31.5)	Data 0.0 (0.0)	preproc. 0.0(0.0)	Tot. Loss 3.68 (3.68)	Acc@1 29.3 (29.3)	Acc@5 60.5 (60.5)	
Validation Epoch 8, * Acc@1 19.01 Acc@5 35.69
Epoch: [9][0/5005]	Time 4.7 (4.7)	Data 3.3 (3.3)	preproc. 1.3(1.3)	Tot. Loss 4.59 (4.59)	Acc@1 17.2 (17.2)	Acc@5 35.2 (35.2)	
Epoch: [9][200/5005]	Time 1.4 (1.4)	Data 0.0 (0.0)	preproc. 1.3(1.3)	Tot. Loss 4.79 (4.64)	Acc@1 17.2 (19.5)	Acc@5 33.2 (36.4)	
Epoch: [9][400/5005]	Time 1.4 (1.4)	Data 0.0 (0.0)	preproc. 1.3(1.3)	Tot. Loss 4.74 (4.65)	Acc@1 18.8 (19.5)	Acc@5 34.0 (36.4)	
Epoch: [9][600/5005]	Time 1.4 (1.4)	Data 0.0 (0.0)	preproc. 1.3(1.3)	Tot. Loss 4.59 (4.65)	Acc@1 21.5 (19.5)	Acc@5 37.5 (36.4)	
Epoch: [9][800/5005]	Time 1.4 (1.4)	Data 0.0 (0.0)	preproc. 1.3(1.3)	Tot. Loss 4.65 (4.65)	Acc@1 19.9 (19.5)	Acc@5 35.9 (36.3)	
Epoch: [9][1000/5005]	Time 1.4 (1.4)	Data 0.0 (0.0)	preproc. 1.3(1.3)	Tot. Loss 4.64 (4.66)	Acc@1 21.1 (19.5)	Acc@5 36.3 (36.2)	
Epoch: [9][1200/5005]	Time 1.4 (1.4)	Data 0.0 (0.0)	preproc. 1.3(1.3)	Tot. Loss 4.57 (4.66)	Acc@1 22.3 (19.4)	Acc@5 38.3 (36.2)	
Epoch: [9][1400/5005]	Time 1.4 (1.4)	Data 0.0 (0.0)	preproc. 1.3(1.3)	Tot. Loss 4.63 (4.66)	Acc@1 19.1 (19.4)	Acc@5 37.5 (36.2)	
Epoch: [9][1600/5005]	Time 1.4 (1.4)	Data 0.0 (0.0)	preproc. 1.3(1.3)	Tot. Loss 4.83 (4.66)	Acc@1 18.8 (19.4)	Acc@5 36.7 (36.1)	
Epoch: [9][1800/5005]	Time 1.4 (1.4)	Data 0.0 (0.0)	preproc. 1.3(1.3)	Tot. Loss 4.74 (4.66)	Acc@1 20.3 (19.4)	Acc@5 34.4 (36.1)	
Epoch: [9][2000/5005]	Time 1.4 (1.4)	Data 0.0 (0.0)	preproc. 1.3(1.3)	Tot. Loss 4.77 (4.66)	Acc@1 19.5 (19.4)	Acc@5 34.8 (36.2)	
Epoch: [9][2200/5005]	Time 1.4 (1.4)	Data 0.0 (0.0)	preproc. 1.3(1.3)	Tot. Loss 4.72 (4.66)	Acc@1 16.0 (19.4)	Acc@5 34.0 (36.2)	
Epoch: [9][2400/5005]	Time 1.4 (1.4)	Data 0.0 (0.0)	preproc. 1.3(1.3)	Tot. Loss 4.57 (4.67)	Acc@1 19.5 (19.4)	Acc@5 35.9 (36.1)	
Epoch: [9][2600/5005]	Time 1.4 (1.4)	Data 0.0 (0.0)	preproc. 1.3(1.3)	Tot. Loss 4.68 (4.67)	Acc@1 18.8 (19.4)	Acc@5 35.9 (36.1)	
Epoch: [9][2800/5005]	Time 1.4 (1.4)	Data 0.0 (0.0)	preproc. 1.3(1.3)	Tot. Loss 4.76 (4.67)	Acc@1 21.9 (19.4)	Acc@5 37.9 (36.1)	
Epoch: [9][3000/5005]	Time 1.4 (1.4)	Data 0.0 (0.0)	preproc. 1.3(1.3)	Tot. Loss 4.57 (4.67)	Acc@1 20.7 (19.4)	Acc@5 41.4 (36.1)	
Epoch: [9][3200/5005]	Time 1.4 (1.4)	Data 0.0 (0.0)	preproc. 1.3(1.3)	Tot. Loss 4.83 (4.67)	Acc@1 16.4 (19.4)	Acc@5 32.4 (36.1)	
Epoch: [9][3400/5005]	Time 1.4 (1.4)	Data 0.0 (0.0)	preproc. 1.3(1.3)	Tot. Loss 4.73 (4.67)	Acc@1 19.5 (19.4)	Acc@5 37.5 (36.1)	
Epoch: [9][3600/5005]	Time 1.4 (1.4)	Data 0.0 (0.0)	preproc. 1.3(1.3)	Tot. Loss 4.86 (4.67)	Acc@1 18.4 (19.4)	Acc@5 34.8 (36.1)	
Epoch: [9][3800/5005]	Time 1.4 (1.4)	Data 0.0 (0.0)	preproc. 1.3(1.3)	Tot. Loss 4.51 (4.67)	Acc@1 23.4 (19.4)	Acc@5 43.0 (36.1)	
Epoch: [9][4000/5005]	Time 1.4 (1.4)	Data 0.0 (0.0)	preproc. 1.3(1.3)	Tot. Loss 4.68 (4.67)	Acc@1 17.6 (19.4)	Acc@5 38.3 (36.1)	
Epoch: [9][4200/5005]	Time 1.4 (1.4)	Data 0.0 (0.0)	preproc. 1.3(1.3)	Tot. Loss 4.78 (4.67)	Acc@1 19.9 (19.4)	Acc@5 34.0 (36.1)	
Epoch: [9][4400/5005]	Time 1.4 (1.4)	Data 0.0 (0.0)	preproc. 1.3(1.3)	Tot. Loss 4.59 (4.67)	Acc@1 18.4 (19.3)	Acc@5 33.6 (36.0)	
Epoch: [9][4600/5005]	Time 1.4 (1.4)	Data 0.0 (0.0)	preproc. 1.3(1.3)	Tot. Loss 4.50 (4.67)	Acc@1 21.1 (19.3)	Acc@5 37.1 (36.1)	
Epoch: [9][4800/5005]	Time 1.4 (1.4)	Data 0.0 (0.0)	preproc. 1.3(1.3)	Tot. Loss 4.75 (4.67)	Acc@1 19.5 (19.3)	Acc@5 38.7 (36.0)	
Epoch: [9][5000/5005]	Time 1.4 (1.4)	Data 0.0 (0.0)	preproc. 1.3(1.3)	Tot. Loss 4.78 (4.67)	Acc@1 14.8 (19.3)	Acc@5 35.5 (36.0)	
Validation Epoch: [9][0/196]	Time 30.0 (30.0)	Data 0.0 (0.0)	preproc. 0.0(0.0)	Tot. Loss 3.52 (3.52)	Acc@1 32.8 (32.8)	Acc@5 63.3 (63.3)	
Validation Epoch 9, * Acc@1 19.03 Acc@5 35.97
Epoch: [10][0/5005]	Time 5.0 (5.0)	Data 3.6 (3.6)	preproc. 1.3(1.3)	Tot. Loss 4.82 (4.82)	Acc@1 20.3 (20.3)	Acc@5 37.5 (37.5)	
Epoch: [10][200/5005]	Time 1.4 (1.4)	Data 0.0 (0.0)	preproc. 1.3(1.3)	Tot. Loss 4.75 (4.63)	Acc@1 17.6 (19.8)	Acc@5 35.5 (36.8)	
Epoch: [10][400/5005]	Time 1.4 (1.4)	Data 0.0 (0.0)	preproc. 1.3(1.3)	Tot. Loss 4.64 (4.64)	Acc@1 19.9 (19.8)	Acc@5 39.1 (36.7)	
Epoch: [10][600/5005]	Time 1.4 (1.4)	Data 0.0 (0.0)	preproc. 1.3(1.3)	Tot. Loss 4.84 (4.64)	Acc@1 19.5 (19.8)	Acc@5 34.0 (36.7)	
Epoch: [10][800/5005]	Time 1.4 (1.4)	Data 0.0 (0.0)	preproc. 1.3(1.3)	Tot. Loss 4.33 (4.64)	Acc@1 20.3 (19.8)	Acc@5 38.3 (36.6)	
Epoch: [10][1000/5005]	Time 1.4 (1.4)	Data 0.0 (0.0)	preproc. 1.3(1.3)	Tot. Loss 4.54 (4.64)	Acc@1 18.0 (19.8)	Acc@5 37.9 (36.6)	
Epoch: [10][1200/5005]	Time 1.4 (1.4)	Data 0.0 (0.0)	preproc. 1.3(1.3)	Tot. Loss 4.69 (4.64)	Acc@1 18.4 (19.8)	Acc@5 35.5 (36.6)	
Epoch: [10][1400/5005]	Time 1.4 (1.4)	Data 0.0 (0.0)	preproc. 1.3(1.3)	Tot. Loss 4.89 (4.64)	Acc@1 16.8 (19.7)	Acc@5 32.0 (36.5)	
Epoch: [10][1600/5005]	Time 1.4 (1.4)	Data 0.0 (0.0)	preproc. 1.3(1.3)	Tot. Loss 4.79 (4.65)	Acc@1 17.2 (19.7)	Acc@5 34.4 (36.5)	
Epoch: [10][1800/5005]	Time 1.4 (1.4)	Data 0.0 (0.0)	preproc. 1.3(1.3)	Tot. Loss 4.68 (4.65)	Acc@1 14.8 (19.7)	Acc@5 32.8 (36.5)	
Epoch: [10][2000/5005]	Time 1.4 (1.4)	Data 0.0 (0.0)	preproc. 1.3(1.3)	Tot. Loss 4.85 (4.65)	Acc@1 20.7 (19.7)	Acc@5 32.0 (36.4)	
Epoch: [10][2200/5005]	Time 1.4 (1.4)	Data 0.0 (0.0)	preproc. 1.3(1.3)	Tot. Loss 4.82 (4.65)	Acc@1 17.6 (19.6)	Acc@5 30.5 (36.4)	
Epoch: [10][2400/5005]	Time 1.4 (1.4)	Data 0.0 (0.0)	preproc. 1.3(1.3)	Tot. Loss 4.49 (4.65)	Acc@1 18.4 (19.6)	Acc@5 39.1 (36.4)	
Epoch: [10][2600/5005]	Time 1.4 (1.4)	Data 0.0 (0.0)	preproc. 1.3(1.3)	Tot. Loss 4.74 (4.65)	Acc@1 17.2 (19.6)	Acc@5 33.2 (36.4)	
Epoch: [10][2800/5005]	Time 1.4 (1.4)	Data 0.0 (0.0)	preproc. 1.3(1.3)	Tot. Loss 4.75 (4.65)	Acc@1 20.3 (19.6)	Acc@5 35.2 (36.4)	
Epoch: [10][3000/5005]	Time 1.4 (1.4)	Data 0.0 (0.0)	preproc. 1.3(1.3)	Tot. Loss 4.50 (4.65)	Acc@1 22.7 (19.6)	Acc@5 39.1 (36.3)	
Epoch: [10][3200/5005]	Time 1.4 (1.4)	Data 0.0 (0.0)	preproc. 1.3(1.3)	Tot. Loss 4.57 (4.65)	Acc@1 18.8 (19.6)	Acc@5 35.2 (36.3)	
Epoch: [10][3400/5005]	Time 1.4 (1.4)	Data 0.0 (0.0)	preproc. 1.3(1.3)	Tot. Loss 4.29 (4.65)	Acc@1 21.1 (19.6)	Acc@5 41.8 (36.3)	
Epoch: [10][3600/5005]	Time 1.4 (1.4)	Data 0.0 (0.0)	preproc. 1.3(1.3)	Tot. Loss 4.86 (4.66)	Acc@1 17.2 (19.6)	Acc@5 32.0 (36.3)	
Epoch: [10][3800/5005]	Time 1.4 (1.4)	Data 0.0 (0.0)	preproc. 1.3(1.3)	Tot. Loss 4.50 (4.66)	Acc@1 23.8 (19.6)	Acc@5 39.8 (36.3)	
Epoch: [10][4000/5005]	Time 1.4 (1.4)	Data 0.0 (0.0)	preproc. 1.3(1.3)	Tot. Loss 4.62 (4.66)	Acc@1 19.1 (19.5)	Acc@5 34.0 (36.3)	
Epoch: [10][4200/5005]	Time 1.4 (1.4)	Data 0.0 (0.0)	preproc. 1.3(1.3)	Tot. Loss 4.48 (4.66)	Acc@1 25.4 (19.5)	Acc@5 41.8 (36.3)	
Epoch: [10][4400/5005]	Time 1.4 (1.4)	Data 0.0 (0.0)	preproc. 1.3(1.3)	Tot. Loss 4.46 (4.66)	Acc@1 21.5 (19.5)	Acc@5 39.1 (36.3)	
Epoch: [10][4600/5005]	Time 1.4 (1.4)	Data 0.0 (0.0)	preproc. 1.3(1.3)	Tot. Loss 4.98 (4.66)	Acc@1 16.4 (19.5)	Acc@5 30.5 (36.3)	
Epoch: [10][4800/5005]	Time 1.4 (1.4)	Data 0.0 (0.0)	preproc. 1.3(1.3)	Tot. Loss 4.59 (4.66)	Acc@1 19.1 (19.5)	Acc@5 36.3 (36.2)	
Epoch: [10][5000/5005]	Time 1.4 (1.4)	Data 0.0 (0.0)	preproc. 1.3(1.3)	Tot. Loss 4.74 (4.66)	Acc@1 17.6 (19.5)	Acc@5 33.2 (36.2)	
Validation Epoch: [10][0/196]	Time 34.1 (34.1)	Data 0.0 (0.0)	preproc. 0.0(0.0)	Tot. Loss 3.41 (3.41)	Acc@1 36.3 (36.3)	Acc@5 64.8 (64.8)	
Validation Epoch 10, * Acc@1 19.00 Acc@5 35.88
Epoch: [11][0/5005]	Time 4.8 (4.8)	Data 3.4 (3.4)	preproc. 1.3(1.3)	Tot. Loss 4.51 (4.51)	Acc@1 23.4 (23.4)	Acc@5 37.1 (37.1)	
Epoch: [11][200/5005]	Time 1.4 (1.4)	Data 0.0 (0.0)	preproc. 1.3(1.3)	Tot. Loss 4.69 (4.62)	Acc@1 19.5 (20.1)	Acc@5 34.8 (37.1)	
Epoch: [11][400/5005]	Time 1.4 (1.4)	Data 0.0 (0.0)	preproc. 1.3(1.3)	Tot. Loss 4.45 (4.62)	Acc@1 21.1 (20.0)	Acc@5 37.9 (37.1)	
Epoch: [11][600/5005]	Time 1.4 (1.4)	Data 0.0 (0.0)	preproc. 1.3(1.3)	Tot. Loss 4.69 (4.63)	Acc@1 19.9 (20.0)	Acc@5 37.5 (36.9)	
Epoch: [11][800/5005]	Time 1.4 (1.4)	Data 0.0 (0.0)	preproc. 1.3(1.3)	Tot. Loss 4.65 (4.63)	Acc@1 19.5 (19.9)	Acc@5 37.1 (36.8)	
Epoch: [11][1000/5005]	Time 1.4 (1.4)	Data 0.0 (0.0)	preproc. 1.3(1.3)	Tot. Loss 4.62 (4.63)	Acc@1 19.5 (19.9)	Acc@5 37.5 (36.8)	
Epoch: [11][1200/5005]	Time 1.4 (1.4)	Data 0.0 (0.0)	preproc. 1.3(1.3)	Tot. Loss 4.63 (4.64)	Acc@1 18.0 (19.9)	Acc@5 36.7 (36.7)	
Epoch: [11][1400/5005]	Time 1.4 (1.4)	Data 0.0 (0.0)	preproc. 1.3(1.3)	Tot. Loss 4.66 (4.64)	Acc@1 22.7 (19.9)	Acc@5 37.9 (36.7)	
Epoch: [11][1600/5005]	Time 1.4 (1.4)	Data 0.0 (0.0)	preproc. 1.3(1.3)	Tot. Loss 4.70 (4.64)	Acc@1 18.4 (19.9)	Acc@5 35.5 (36.7)	
Epoch: [11][1800/5005]	Time 1.4 (1.4)	Data 0.0 (0.0)	preproc. 1.3(1.3)	Tot. Loss 4.85 (4.64)	Acc@1 17.6 (19.8)	Acc@5 34.0 (36.6)	
Epoch: [11][2000/5005]	Time 1.4 (1.4)	Data 0.0 (0.0)	preproc. 1.3(1.3)	Tot. Loss 4.96 (4.64)	Acc@1 15.6 (19.8)	Acc@5 33.2 (36.6)	
Epoch: [11][2200/5005]	Time 1.4 (1.4)	Data 0.0 (0.0)	preproc. 1.3(1.3)	Tot. Loss 4.57 (4.64)	Acc@1 19.9 (19.8)	Acc@5 36.7 (36.6)	
Epoch: [11][2400/5005]	Time 1.4 (1.4)	Data 0.0 (0.0)	preproc. 1.3(1.3)	Tot. Loss 4.40 (4.64)	Acc@1 24.6 (19.8)	Acc@5 39.1 (36.5)	
Epoch: [11][2600/5005]	Time 1.4 (1.4)	Data 0.0 (0.0)	preproc. 1.3(1.3)	Tot. Loss 4.59 (4.64)	Acc@1 19.5 (19.7)	Acc@5 34.8 (36.5)	
Epoch: [11][2800/5005]	Time 1.4 (1.4)	Data 0.0 (0.0)	preproc. 1.3(1.3)	Tot. Loss 4.87 (4.64)	Acc@1 17.6 (19.7)	Acc@5 35.2 (36.5)	
Epoch: [11][3000/5005]	Time 1.4 (1.4)	Data 0.0 (0.0)	preproc. 1.3(1.3)	Tot. Loss 4.57 (4.65)	Acc@1 21.1 (19.7)	Acc@5 34.8 (36.5)	
Epoch: [11][3200/5005]	Time 1.4 (1.4)	Data 0.0 (0.0)	preproc. 1.3(1.3)	Tot. Loss 4.74 (4.65)	Acc@1 19.9 (19.7)	Acc@5 30.1 (36.5)	
Epoch: [11][3400/5005]	Time 1.4 (1.4)	Data 0.0 (0.0)	preproc. 1.3(1.3)	Tot. Loss 4.71 (4.65)	Acc@1 21.9 (19.7)	Acc@5 34.4 (36.5)	
Epoch: [11][3600/5005]	Time 1.4 (1.4)	Data 0.0 (0.0)	preproc. 1.3(1.3)	Tot. Loss 4.66 (4.65)	Acc@1 17.2 (19.7)	Acc@5 33.2 (36.5)	
Epoch: [11][3800/5005]	Time 1.4 (1.4)	Data 0.0 (0.0)	preproc. 1.3(1.3)	Tot. Loss 4.36 (4.65)	Acc@1 20.3 (19.7)	Acc@5 41.8 (36.5)	
Epoch: [11][4000/5005]	Time 1.4 (1.4)	Data 0.0 (0.0)	preproc. 1.3(1.3)	Tot. Loss 4.49 (4.65)	Acc@1 19.5 (19.7)	Acc@5 38.7 (36.5)	
Epoch: [11][4200/5005]	Time 1.4 (1.4)	Data 0.0 (0.0)	preproc. 1.3(1.3)	Tot. Loss 4.74 (4.65)	Acc@1 18.0 (19.6)	Acc@5 32.0 (36.5)	
Epoch: [11][4400/5005]	Time 1.4 (1.4)	Data 0.0 (0.0)	preproc. 1.3(1.3)	Tot. Loss 4.92 (4.65)	Acc@1 19.5 (19.6)	Acc@5 34.4 (36.5)	
Epoch: [11][4600/5005]	Time 1.4 (1.4)	Data 0.0 (0.0)	preproc. 1.3(1.3)	Tot. Loss 4.79 (4.65)	Acc@1 21.1 (19.7)	Acc@5 38.7 (36.5)	
Epoch: [11][4800/5005]	Time 1.4 (1.4)	Data 0.0 (0.0)	preproc. 1.3(1.3)	Tot. Loss 4.76 (4.65)	Acc@1 18.0 (19.7)	Acc@5 35.9 (36.5)	
Epoch: [11][5000/5005]	Time 1.4 (1.4)	Data 0.0 (0.0)	preproc. 1.3(1.3)	Tot. Loss 4.65 (4.65)	Acc@1 20.7 (19.7)	Acc@5 34.8 (36.5)	
Validation Epoch: [11][0/196]	Time 33.2 (33.2)	Data 0.0 (0.0)	preproc. 0.0(0.0)	Tot. Loss 3.59 (3.59)	Acc@1 32.0 (32.0)	Acc@5 64.5 (64.5)	
Validation Epoch 11, * Acc@1 19.41 Acc@5 36.10
Epoch: [12][0/5005]	Time 4.6 (4.6)	Data 3.2 (3.2)	preproc. 1.3(1.3)	Tot. Loss 4.55 (4.55)	Acc@1 20.3 (20.3)	Acc@5 37.9 (37.9)	
Epoch: [12][200/5005]	Time 1.4 (1.4)	Data 0.0 (0.0)	preproc. 1.3(1.3)	Tot. Loss 4.51 (4.60)	Acc@1 19.5 (19.9)	Acc@5 37.5 (36.9)	
Epoch: [12][400/5005]	Time 1.4 (1.4)	Data 0.0 (0.0)	preproc. 1.3(1.3)	Tot. Loss 4.62 (4.62)	Acc@1 19.1 (19.9)	Acc@5 35.9 (36.9)	
Epoch: [12][600/5005]	Time 1.4 (1.4)	Data 0.0 (0.0)	preproc. 1.3(1.3)	Tot. Loss 4.48 (4.61)	Acc@1 19.5 (20.0)	Acc@5 39.1 (37.1)	
Epoch: [12][800/5005]	Time 1.4 (1.4)	Data 0.0 (0.0)	preproc. 1.3(1.3)	Tot. Loss 4.51 (4.62)	Acc@1 23.4 (19.9)	Acc@5 39.8 (37.0)	
Epoch: [12][1000/5005]	Time 1.4 (1.4)	Data 0.0 (0.0)	preproc. 1.3(1.3)	Tot. Loss 4.62 (4.62)	Acc@1 19.1 (19.9)	Acc@5 35.5 (36.9)	
Epoch: [12][1200/5005]	Time 1.4 (1.4)	Data 0.0 (0.0)	preproc. 1.3(1.3)	Tot. Loss 5.01 (4.62)	Acc@1 15.2 (19.9)	Acc@5 32.0 (36.9)	
Epoch: [12][1400/5005]	Time 1.4 (1.4)	Data 0.0 (0.0)	preproc. 1.3(1.3)	Tot. Loss 4.84 (4.62)	Acc@1 16.8 (19.8)	Acc@5 32.4 (36.8)	
Epoch: [12][1600/5005]	Time 1.4 (1.4)	Data 0.0 (0.0)	preproc. 1.3(1.3)	Tot. Loss 4.76 (4.63)	Acc@1 18.8 (19.8)	Acc@5 34.0 (36.8)	
Epoch: [12][1800/5005]	Time 1.4 (1.4)	Data 0.0 (0.0)	preproc. 1.3(1.3)	Tot. Loss 4.81 (4.63)	Acc@1 15.2 (19.8)	Acc@5 33.2 (36.8)	
Epoch: [12][2000/5005]	Time 1.4 (1.4)	Data 0.0 (0.0)	preproc. 1.3(1.3)	Tot. Loss 4.34 (4.63)	Acc@1 21.1 (19.8)	Acc@5 40.6 (36.8)	
Epoch: [12][2200/5005]	Time 1.4 (1.4)	Data 0.0 (0.0)	preproc. 1.3(1.3)	Tot. Loss 4.77 (4.63)	Acc@1 17.6 (19.8)	Acc@5 36.7 (36.8)	
Epoch: [12][2400/5005]	Time 1.4 (1.4)	Data 0.0 (0.0)	preproc. 1.3(1.3)	Tot. Loss 4.79 (4.63)	Acc@1 21.1 (19.8)	Acc@5 34.4 (36.8)	
Epoch: [12][2600/5005]	Time 1.4 (1.4)	Data 0.0 (0.0)	preproc. 1.3(1.3)	Tot. Loss 4.31 (4.63)	Acc@1 23.8 (19.8)	Acc@5 40.2 (36.7)	
Epoch: [12][2800/5005]	Time 1.4 (1.4)	Data 0.0 (0.0)	preproc. 1.3(1.3)	Tot. Loss 4.46 (4.63)	Acc@1 22.3 (19.8)	Acc@5 39.5 (36.7)	
Epoch: [12][3000/5005]	Time 1.4 (1.4)	Data 0.0 (0.0)	preproc. 1.3(1.3)	Tot. Loss 4.65 (4.63)	Acc@1 23.4 (19.8)	Acc@5 39.1 (36.7)	
Epoch: [12][3200/5005]	Time 1.4 (1.4)	Data 0.0 (0.0)	preproc. 1.3(1.3)	Tot. Loss 4.35 (4.63)	Acc@1 21.9 (19.8)	Acc@5 41.0 (36.7)	
Epoch: [12][3400/5005]	Time 1.4 (1.4)	Data 0.0 (0.0)	preproc. 1.3(1.3)	Tot. Loss 4.62 (4.63)	Acc@1 22.7 (19.8)	Acc@5 35.2 (36.7)	
Epoch: [12][3600/5005]	Time 1.4 (1.4)	Data 0.0 (0.0)	preproc. 1.3(1.3)	Tot. Loss 4.60 (4.63)	Acc@1 18.0 (19.8)	Acc@5 34.8 (36.7)	
Epoch: [12][3800/5005]	Time 1.4 (1.4)	Data 0.0 (0.0)	preproc. 1.3(1.3)	Tot. Loss 4.58 (4.63)	Acc@1 19.1 (19.7)	Acc@5 39.5 (36.7)	
Epoch: [12][4000/5005]	Time 1.4 (1.4)	Data 0.0 (0.0)	preproc. 1.3(1.3)	Tot. Loss 4.74 (4.64)	Acc@1 16.8 (19.7)	Acc@5 36.3 (36.7)	
Epoch: [12][4200/5005]	Time 1.4 (1.4)	Data 0.0 (0.0)	preproc. 1.3(1.3)	Tot. Loss 4.81 (4.64)	Acc@1 18.8 (19.7)	Acc@5 38.3 (36.6)	
Epoch: [12][4400/5005]	Time 1.4 (1.4)	Data 0.0 (0.0)	preproc. 1.3(1.3)	Tot. Loss 4.65 (4.64)	Acc@1 18.0 (19.7)	Acc@5 32.8 (36.6)	
Epoch: [12][4600/5005]	Time 1.4 (1.4)	Data 0.0 (0.0)	preproc. 1.3(1.3)	Tot. Loss 4.77 (4.64)	Acc@1 15.2 (19.7)	Acc@5 34.0 (36.6)	
Epoch: [12][4800/5005]	Time 1.4 (1.4)	Data 0.0 (0.0)	preproc. 1.3(1.3)	Tot. Loss 4.48 (4.64)	Acc@1 21.1 (19.7)	Acc@5 37.1 (36.6)	
Epoch: [12][5000/5005]	Time 1.4 (1.4)	Data 0.0 (0.0)	preproc. 1.3(1.3)	Tot. Loss 4.53 (4.64)	Acc@1 19.1 (19.7)	Acc@5 38.3 (36.6)	
Validation Epoch: [12][0/196]	Time 32.1 (32.1)	Data 0.0 (0.0)	preproc. 0.0(0.0)	Tot. Loss 3.42 (3.42)	Acc@1 37.5 (37.5)	Acc@5 65.2 (65.2)	
Validation Epoch 12, * Acc@1 19.46 Acc@5 36.24
Epoch: [13][0/5005]	Time 4.7 (4.7)	Data 3.3 (3.3)	preproc. 1.3(1.3)	Tot. Loss 4.68 (4.68)	Acc@1 19.5 (19.5)	Acc@5 34.8 (34.8)	
Epoch: [13][200/5005]	Time 1.4 (1.4)	Data 0.0 (0.0)	preproc. 1.3(1.3)	Tot. Loss 4.71 (4.60)	Acc@1 21.1 (20.1)	Acc@5 35.2 (37.2)	
Epoch: [13][400/5005]	Time 1.4 (1.4)	Data 0.0 (0.0)	preproc. 1.3(1.3)	Tot. Loss 4.76 (4.62)	Acc@1 18.4 (20.0)	Acc@5 34.4 (36.9)	
Epoch: [13][600/5005]	Time 1.4 (1.4)	Data 0.0 (0.0)	preproc. 1.3(1.3)	Tot. Loss 4.76 (4.61)	Acc@1 16.8 (20.1)	Acc@5 38.7 (37.1)	
Epoch: [13][800/5005]	Time 1.4 (1.4)	Data 0.0 (0.0)	preproc. 1.3(1.3)	Tot. Loss 4.41 (4.61)	Acc@1 21.9 (20.1)	Acc@5 38.7 (37.1)	
Epoch: [13][1000/5005]	Time 1.4 (1.4)	Data 0.0 (0.0)	preproc. 1.3(1.3)	Tot. Loss 4.52 (4.61)	Acc@1 21.1 (20.2)	Acc@5 36.3 (37.1)	
Epoch: [13][1200/5005]	Time 1.4 (1.4)	Data 0.0 (0.0)	preproc. 1.3(1.3)	Tot. Loss 4.54 (4.61)	Acc@1 23.0 (20.2)	Acc@5 40.6 (37.1)	
Epoch: [13][1400/5005]	Time 1.4 (1.4)	Data 0.0 (0.0)	preproc. 1.3(1.3)	Tot. Loss 4.81 (4.61)	Acc@1 16.8 (20.1)	Acc@5 33.6 (37.0)	
Epoch: [13][1600/5005]	Time 1.4 (1.4)	Data 0.0 (0.0)	preproc. 1.3(1.3)	Tot. Loss 5.03 (4.61)	Acc@1 16.0 (20.1)	Acc@5 33.2 (37.0)	
Epoch: [13][1800/5005]	Time 1.4 (1.4)	Data 0.0 (0.0)	preproc. 1.3(1.3)	Tot. Loss 4.66 (4.62)	Acc@1 18.0 (20.1)	Acc@5 39.8 (36.9)	
Epoch: [13][2000/5005]	Time 1.4 (1.4)	Data 0.0 (0.0)	preproc. 1.3(1.3)	Tot. Loss 4.79 (4.62)	Acc@1 18.0 (20.0)	Acc@5 32.4 (36.9)	
Epoch: [13][2200/5005]	Time 1.4 (1.4)	Data 0.0 (0.0)	preproc. 1.3(1.3)	Tot. Loss 4.52 (4.62)	Acc@1 22.7 (20.0)	Acc@5 39.8 (36.9)	
Epoch: [13][2400/5005]	Time 1.4 (1.4)	Data 0.0 (0.0)	preproc. 1.3(1.3)	Tot. Loss 4.70 (4.62)	Acc@1 18.0 (20.0)	Acc@5 36.3 (36.9)	
Epoch: [13][2600/5005]	Time 1.4 (1.4)	Data 0.0 (0.0)	preproc. 1.3(1.3)	Tot. Loss 4.58 (4.62)	Acc@1 20.7 (20.0)	Acc@5 39.8 (36.9)	
Epoch: [13][2800/5005]	Time 1.4 (1.4)	Data 0.0 (0.0)	preproc. 1.3(1.3)	Tot. Loss 4.49 (4.62)	Acc@1 20.3 (19.9)	Acc@5 39.1 (36.9)	
Epoch: [13][3000/5005]	Time 1.4 (1.4)	Data 0.0 (0.0)	preproc. 1.3(1.3)	Tot. Loss 4.80 (4.62)	Acc@1 19.1 (19.9)	Acc@5 37.1 (36.8)	
Epoch: [13][3200/5005]	Time 1.4 (1.4)	Data 0.0 (0.0)	preproc. 1.3(1.3)	Tot. Loss 4.48 (4.62)	Acc@1 21.5 (19.9)	Acc@5 39.5 (36.9)	
Epoch: [13][3400/5005]	Time 1.4 (1.4)	Data 0.0 (0.0)	preproc. 1.3(1.3)	Tot. Loss 4.64 (4.62)	Acc@1 21.9 (19.9)	Acc@5 36.7 (36.8)	
Epoch: [13][3600/5005]	Time 1.4 (1.4)	Data 0.0 (0.0)	preproc. 1.3(1.3)	Tot. Loss 4.81 (4.62)	Acc@1 15.6 (19.9)	Acc@5 31.2 (36.8)	
Epoch: [13][3800/5005]	Time 1.4 (1.4)	Data 0.0 (0.0)	preproc. 1.3(1.3)	Tot. Loss 4.55 (4.63)	Acc@1 21.9 (19.9)	Acc@5 38.7 (36.8)	
Epoch: [13][4000/5005]	Time 1.4 (1.4)	Data 0.0 (0.0)	preproc. 1.3(1.3)	Tot. Loss 4.72 (4.63)	Acc@1 20.7 (19.9)	Acc@5 38.3 (36.8)	
Epoch: [13][4200/5005]	Time 1.4 (1.4)	Data 0.0 (0.0)	preproc. 1.3(1.3)	Tot. Loss 4.62 (4.63)	Acc@1 22.7 (19.9)	Acc@5 40.2 (36.8)	
Epoch: [13][4400/5005]	Time 1.4 (1.4)	Data 0.0 (0.0)	preproc. 1.3(1.3)	Tot. Loss 4.65 (4.63)	Acc@1 21.9 (19.9)	Acc@5 35.9 (36.8)	
Epoch: [13][4600/5005]	Time 1.4 (1.4)	Data 0.0 (0.0)	preproc. 1.3(1.3)	Tot. Loss 4.49 (4.63)	Acc@1 22.3 (19.9)	Acc@5 40.6 (36.8)	
Epoch: [13][4800/5005]	Time 1.4 (1.4)	Data 0.0 (0.0)	preproc. 1.3(1.3)	Tot. Loss 4.82 (4.63)	Acc@1 16.0 (19.9)	Acc@5 33.2 (36.8)	
Epoch: [13][5000/5005]	Time 1.4 (1.4)	Data 0.0 (0.0)	preproc. 1.3(1.3)	Tot. Loss 4.73 (4.63)	Acc@1 20.7 (19.9)	Acc@5 34.4 (36.8)	
Validation Epoch: [13][0/196]	Time 31.6 (31.6)	Data 0.0 (0.0)	preproc. 0.0(0.0)	Tot. Loss 3.45 (3.45)	Acc@1 35.5 (35.5)	Acc@5 65.2 (65.2)	
Validation Epoch 13, * Acc@1 19.68 Acc@5 36.45
Epoch: [14][0/5005]	Time 4.8 (4.8)	Data 3.4 (3.4)	preproc. 1.3(1.3)	Tot. Loss 4.62 (4.62)	Acc@1 21.5 (21.5)	Acc@5 37.1 (37.1)	
Epoch: [14][200/5005]	Time 1.4 (1.4)	Data 0.0 (0.0)	preproc. 1.3(1.3)	Tot. Loss 4.22 (4.59)	Acc@1 23.8 (20.4)	Acc@5 43.0 (37.5)	
Epoch: [14][400/5005]	Time 1.4 (1.4)	Data 0.0 (0.0)	preproc. 1.3(1.3)	Tot. Loss 4.92 (4.60)	Acc@1 16.0 (20.1)	Acc@5 34.4 (37.1)	
Epoch: [14][600/5005]	Time 1.4 (1.4)	Data 0.0 (0.0)	preproc. 1.3(1.3)	Tot. Loss 4.57 (4.60)	Acc@1 19.9 (20.1)	Acc@5 36.7 (37.1)	
Epoch: [14][800/5005]	Time 1.4 (1.4)	Data 0.0 (0.0)	preproc. 1.3(1.3)	Tot. Loss 4.50 (4.60)	Acc@1 20.7 (20.2)	Acc@5 41.4 (37.1)	
Epoch: [14][1000/5005]	Time 1.4 (1.4)	Data 0.0 (0.0)	preproc. 1.3(1.3)	Tot. Loss 4.64 (4.60)	Acc@1 19.5 (20.2)	Acc@5 36.3 (37.2)	
Epoch: [14][1200/5005]	Time 1.4 (1.4)	Data 0.0 (0.0)	preproc. 1.3(1.3)	Tot. Loss 4.77 (4.61)	Acc@1 21.1 (20.2)	Acc@5 36.3 (37.2)	
Epoch: [14][1400/5005]	Time 1.4 (1.4)	Data 0.0 (0.0)	preproc. 1.3(1.3)	Tot. Loss 4.62 (4.61)	Acc@1 18.0 (20.2)	Acc@5 35.9 (37.2)	
Epoch: [14][1600/5005]	Time 1.4 (1.4)	Data 0.0 (0.0)	preproc. 1.3(1.3)	Tot. Loss 4.60 (4.61)	Acc@1 22.7 (20.1)	Acc@5 38.3 (37.1)	
Epoch: [14][1800/5005]	Time 1.4 (1.4)	Data 0.0 (0.0)	preproc. 1.3(1.3)	Tot. Loss 4.67 (4.61)	Acc@1 19.5 (20.1)	Acc@5 38.7 (37.1)	
Epoch: [14][2000/5005]	Time 1.4 (1.4)	Data 0.0 (0.0)	preproc. 1.3(1.3)	Tot. Loss 4.72 (4.61)	Acc@1 21.9 (20.1)	Acc@5 37.1 (37.1)	
Epoch: [14][2200/5005]	Time 1.4 (1.4)	Data 0.0 (0.0)	preproc. 1.3(1.3)	Tot. Loss 4.46 (4.61)	Acc@1 23.8 (20.1)	Acc@5 41.4 (37.1)	
Epoch: [14][2400/5005]	Time 1.4 (1.4)	Data 0.0 (0.0)	preproc. 1.3(1.3)	Tot. Loss 4.63 (4.61)	Acc@1 21.1 (20.1)	Acc@5 34.0 (37.0)	
Epoch: [14][2600/5005]	Time 1.4 (1.4)	Data 0.0 (0.0)	preproc. 1.3(1.3)	Tot. Loss 4.65 (4.61)	Acc@1 20.7 (20.1)	Acc@5 35.5 (37.0)	
Epoch: [14][2800/5005]	Time 1.4 (1.4)	Data 0.0 (0.0)	preproc. 1.3(1.3)	Tot. Loss 4.28 (4.61)	Acc@1 23.8 (20.0)	Acc@5 42.6 (37.0)	
Epoch: [14][3000/5005]	Time 1.4 (1.4)	Data 0.0 (0.0)	preproc. 1.3(1.3)	Tot. Loss 4.54 (4.62)	Acc@1 20.7 (20.0)	Acc@5 35.5 (37.0)	
Epoch: [14][3200/5005]	Time 1.4 (1.4)	Data 0.0 (0.0)	preproc. 1.3(1.3)	Tot. Loss 4.63 (4.62)	Acc@1 20.3 (20.0)	Acc@5 39.1 (37.0)	
Epoch: [14][3400/5005]	Time 1.4 (1.4)	Data 0.0 (0.0)	preproc. 1.3(1.3)	Tot. Loss 4.80 (4.62)	Acc@1 18.0 (20.0)	Acc@5 32.0 (36.9)	
Epoch: [14][3600/5005]	Time 1.4 (1.4)	Data 0.0 (0.0)	preproc. 1.3(1.3)	Tot. Loss 4.41 (4.62)	Acc@1 24.6 (20.0)	Acc@5 41.4 (37.0)	
Epoch: [14][3800/5005]	Time 1.4 (1.4)	Data 0.0 (0.0)	preproc. 1.3(1.3)	Tot. Loss 5.01 (4.62)	Acc@1 20.7 (20.0)	Acc@5 33.2 (36.9)	
Epoch: [14][4000/5005]	Time 1.4 (1.4)	Data 0.0 (0.0)	preproc. 1.3(1.3)	Tot. Loss 4.71 (4.62)	Acc@1 19.9 (20.0)	Acc@5 37.5 (36.9)	
Epoch: [14][4200/5005]	Time 1.4 (1.4)	Data 0.0 (0.0)	preproc. 1.3(1.3)	Tot. Loss 5.00 (4.62)	Acc@1 17.2 (20.0)	Acc@5 32.4 (36.9)	
Epoch: [14][4400/5005]	Time 1.4 (1.4)	Data 0.0 (0.0)	preproc. 1.3(1.3)	Tot. Loss 4.44 (4.62)	Acc@1 19.5 (20.0)	Acc@5 39.5 (36.9)	
Epoch: [14][4600/5005]	Time 1.4 (1.4)	Data 0.0 (0.0)	preproc. 1.3(1.3)	Tot. Loss 4.77 (4.62)	Acc@1 17.2 (20.0)	Acc@5 33.6 (36.9)	
Epoch: [14][4800/5005]	Time 1.4 (1.4)	Data 0.0 (0.0)	preproc. 1.3(1.3)	Tot. Loss 4.59 (4.62)	Acc@1 20.3 (20.0)	Acc@5 34.8 (36.9)	
Epoch: [14][5000/5005]	Time 1.4 (1.4)	Data 0.0 (0.0)	preproc. 1.3(1.3)	Tot. Loss 4.63 (4.62)	Acc@1 19.1 (20.0)	Acc@5 34.8 (36.9)	
Validation Epoch: [14][0/196]	Time 30.5 (30.5)	Data 0.0 (0.0)	preproc. 0.0(0.0)	Tot. Loss 3.47 (3.47)	Acc@1 32.0 (32.0)	Acc@5 64.5 (64.5)	
