=> Scattering transform order 2, J 4
=> creating model 'scatteringlinear' oversampling 0 fft False
=> learning rate 0.01, lr thetas 0.0, 70 epochs, decay frequency 20
warm up for batch norms
=> Scattering transform order 2, J 4
=> creating model 'scatteringlinear' oversampling 0 fft False
=> learning rate 0.01, lr thetas 0.0, 70 epochs, decay frequency 20
warm up for batch norms
=> Scattering transform order 2, J 4
=> creating model 'scatteringlinear' oversampling 0 fft False
=> learning rate 0.01, lr thetas 0.0, 70 epochs, decay frequency 20
warm up for batch norms
=> Scattering transform order 2, J 4
=> creating model 'scatteringlinear' oversampling 0 fft False
=> learning rate 0.01, lr thetas 0.0, 70 epochs, decay frequency 20
warm up for batch norms
Epoch: [0][0/5005]	Time 5.0 (5.0)	Data 3.5 (3.5)	preproc. 1.3(1.3)	Tot. Loss 7.06 (7.06)	Acc@1 0.0 (0.0)	Acc@5 0.4 (0.4)	
Epoch: [0][200/5005]	Time 1.5 (1.5)	Data 0.0 (0.0)	preproc. 1.3(1.3)	Tot. Loss 70.43 (92.56)	Acc@1 0.8 (0.7)	Acc@5 4.3 (2.8)	
Epoch: [0][400/5005]	Time 1.4 (1.5)	Data 0.0 (0.0)	preproc. 1.3(1.3)	Tot. Loss 66.29 (80.28)	Acc@1 1.2 (1.0)	Acc@5 3.9 (3.5)	
Epoch: [0][600/5005]	Time 1.4 (1.5)	Data 0.0 (0.0)	preproc. 1.3(1.3)	Tot. Loss 66.85 (76.51)	Acc@1 2.0 (1.2)	Acc@5 5.1 (3.9)	
Epoch: [0][800/5005]	Time 1.4 (1.5)	Data 0.0 (0.0)	preproc. 1.3(1.3)	Tot. Loss 71.63 (74.88)	Acc@1 1.2 (1.3)	Acc@5 3.5 (4.3)	
Epoch: [0][1000/5005]	Time 1.4 (1.5)	Data 0.0 (0.0)	preproc. 1.3(1.3)	Tot. Loss 61.60 (73.09)	Acc@1 2.7 (1.5)	Acc@5 7.4 (4.6)	
Epoch: [0][1200/5005]	Time 1.4 (1.5)	Data 0.0 (0.0)	preproc. 1.3(1.3)	Tot. Loss 69.73 (71.82)	Acc@1 2.0 (1.6)	Acc@5 7.8 (4.8)	
Epoch: [0][1400/5005]	Time 1.4 (1.5)	Data 0.0 (0.0)	preproc. 1.3(1.3)	Tot. Loss 63.02 (70.83)	Acc@1 2.0 (1.7)	Acc@5 6.2 (5.0)	
Epoch: [0][1600/5005]	Time 1.4 (1.5)	Data 0.0 (0.0)	preproc. 1.3(1.3)	Tot. Loss 67.96 (70.01)	Acc@1 3.5 (1.8)	Acc@5 5.9 (5.2)	
Epoch: [0][1800/5005]	Time 1.4 (1.5)	Data 0.0 (0.0)	preproc. 1.3(1.3)	Tot. Loss 61.00 (69.28)	Acc@1 3.5 (1.8)	Acc@5 7.0 (5.4)	
Epoch: [0][2000/5005]	Time 1.4 (1.5)	Data 0.0 (0.0)	preproc. 1.3(1.3)	Tot. Loss 63.53 (68.62)	Acc@1 3.1 (1.9)	Acc@5 9.0 (5.6)	
Epoch: [0][2200/5005]	Time 1.4 (1.5)	Data 0.0 (0.0)	preproc. 1.3(1.3)	Tot. Loss 61.07 (67.99)	Acc@1 1.6 (2.0)	Acc@5 7.0 (5.7)	
Epoch: [0][2400/5005]	Time 1.4 (1.5)	Data 0.0 (0.0)	preproc. 1.3(1.3)	Tot. Loss 62.06 (67.41)	Acc@1 2.7 (2.0)	Acc@5 8.6 (5.8)	
Epoch: [0][2600/5005]	Time 1.4 (1.5)	Data 0.0 (0.0)	preproc. 1.3(1.3)	Tot. Loss 58.96 (66.90)	Acc@1 3.9 (2.1)	Acc@5 8.2 (6.0)	
Epoch: [0][2800/5005]	Time 1.4 (1.5)	Data 0.0 (0.0)	preproc. 1.3(1.3)	Tot. Loss 60.33 (66.36)	Acc@1 1.2 (2.1)	Acc@5 5.9 (6.1)	
=> Scattering transform order 2, J 4
=> creating model 'scatteringlinear' oversampling 0 fft False
=> learning rate 0.01, lr thetas 0.0, 70 epochs, decay frequency 20
Epoch: [0][0/5005]	Time 6.3 (6.3)	Data 4.1 (4.1)	preproc. 1.8(1.8)	Tot. Loss 7.09 (7.09)	Acc@1 0.0 (0.0)	Acc@5 0.0 (0.0)	
Epoch: [0][200/5005]	Time 1.5 (1.5)	Data 0.0 (0.0)	preproc. 1.3(1.3)	Tot. Loss 67.39 (86.79)	Acc@1 1.6 (0.7)	Acc@5 3.9 (2.7)	
Epoch: [0][400/5005]	Time 1.5 (1.5)	Data 0.0 (0.0)	preproc. 1.3(1.3)	Tot. Loss 67.61 (78.75)	Acc@1 1.6 (1.0)	Acc@5 5.5 (3.4)	
Epoch: [0][600/5005]	Time 1.5 (1.5)	Data 0.0 (0.0)	preproc. 1.3(1.3)	Tot. Loss 64.46 (74.80)	Acc@1 1.2 (1.2)	Acc@5 7.0 (3.9)	
Epoch: [0][800/5005]	Time 1.4 (1.5)	Data 0.0 (0.0)	preproc. 1.3(1.3)	Tot. Loss 64.91 (72.70)	Acc@1 2.3 (1.3)	Acc@5 5.5 (4.2)	
Epoch: [0][1000/5005]	Time 1.4 (1.5)	Data 0.0 (0.0)	preproc. 1.3(1.3)	Tot. Loss 66.68 (71.35)	Acc@1 0.8 (1.4)	Acc@5 3.5 (4.5)	
Epoch: [0][1200/5005]	Time 1.4 (1.5)	Data 0.0 (0.0)	preproc. 1.3(1.3)	Tot. Loss 65.32 (70.52)	Acc@1 2.3 (1.5)	Acc@5 9.0 (4.7)	
Epoch: [0][1400/5005]	Time 1.4 (1.5)	Data 0.0 (0.0)	preproc. 1.3(1.3)	Tot. Loss 63.08 (69.71)	Acc@1 1.6 (1.6)	Acc@5 7.0 (4.9)	
Epoch: [0][1600/5005]	Time 1.4 (1.5)	Data 0.0 (0.0)	preproc. 1.3(1.3)	Tot. Loss 64.99 (69.04)	Acc@1 1.2 (1.7)	Acc@5 10.2 (5.2)	
Epoch: [0][1800/5005]	Time 1.5 (1.5)	Data 0.0 (0.0)	preproc. 1.3(1.3)	Tot. Loss 66.51 (68.42)	Acc@1 0.4 (1.8)	Acc@5 5.1 (5.3)	
Epoch: [0][2000/5005]	Time 1.4 (1.5)	Data 0.0 (0.0)	preproc. 1.3(1.3)	Tot. Loss 62.13 (67.97)	Acc@1 2.3 (1.8)	Acc@5 7.8 (5.5)	
Epoch: [0][2200/5005]	Time 1.5 (1.5)	Data 0.0 (0.0)	preproc. 1.3(1.3)	Tot. Loss 62.31 (67.43)	Acc@1 1.2 (1.9)	Acc@5 7.4 (5.6)	
Epoch: [0][2400/5005]	Time 1.4 (1.5)	Data 0.0 (0.0)	preproc. 1.3(1.3)	Tot. Loss 59.80 (66.94)	Acc@1 2.3 (1.9)	Acc@5 8.2 (5.7)	
Epoch: [0][2600/5005]	Time 1.4 (1.5)	Data 0.0 (0.0)	preproc. 1.3(1.3)	Tot. Loss 62.51 (66.44)	Acc@1 2.0 (2.0)	Acc@5 5.9 (5.9)	
Epoch: [0][2800/5005]	Time 1.4 (1.5)	Data 0.0 (0.0)	preproc. 1.3(1.3)	Tot. Loss 60.36 (65.93)	Acc@1 1.2 (2.1)	Acc@5 5.1 (6.0)	
Epoch: [0][3000/5005]	Time 1.4 (1.5)	Data 0.0 (0.0)	preproc. 1.3(1.3)	Tot. Loss 56.39 (65.44)	Acc@1 3.9 (2.1)	Acc@5 7.8 (6.1)	
Epoch: [0][3200/5005]	Time 1.4 (1.5)	Data 0.0 (0.0)	preproc. 1.3(1.3)	Tot. Loss 54.39 (64.99)	Acc@1 2.0 (2.2)	Acc@5 8.6 (6.2)	
Epoch: [0][3400/5005]	Time 1.4 (1.5)	Data 0.0 (0.0)	preproc. 1.3(1.3)	Tot. Loss 59.17 (64.51)	Acc@1 2.3 (2.2)	Acc@5 7.0 (6.4)	
Epoch: [0][3600/5005]	Time 1.4 (1.5)	Data 0.0 (0.0)	preproc. 1.3(1.3)	Tot. Loss 59.12 (64.05)	Acc@1 3.5 (2.3)	Acc@5 6.2 (6.5)	
Epoch: [0][3800/5005]	Time 1.4 (1.5)	Data 0.0 (0.0)	preproc. 1.3(1.3)	Tot. Loss 55.11 (63.60)	Acc@1 5.1 (2.3)	Acc@5 10.2 (6.6)	
Epoch: [0][4000/5005]	Time 1.4 (1.5)	Data 0.0 (0.0)	preproc. 1.3(1.3)	Tot. Loss 55.85 (63.14)	Acc@1 3.9 (2.4)	Acc@5 9.0 (6.7)	
Epoch: [0][4200/5005]	Time 1.4 (1.5)	Data 0.0 (0.0)	preproc. 1.3(1.3)	Tot. Loss 54.80 (62.69)	Acc@1 2.3 (2.4)	Acc@5 9.0 (6.8)	
Epoch: [0][4400/5005]	Time 1.5 (1.5)	Data 0.0 (0.0)	preproc. 1.3(1.3)	Tot. Loss 52.96 (62.25)	Acc@1 3.9 (2.5)	Acc@5 7.4 (6.9)	
Epoch: [0][4600/5005]	Time 1.4 (1.5)	Data 0.0 (0.0)	preproc. 1.3(1.3)	Tot. Loss 52.47 (61.82)	Acc@1 5.1 (2.5)	Acc@5 10.9 (7.0)	
Epoch: [0][4800/5005]	Time 1.4 (1.5)	Data 0.0 (0.0)	preproc. 1.3(1.3)	Tot. Loss 52.56 (61.38)	Acc@1 3.1 (2.5)	Acc@5 7.8 (7.0)	
Epoch: [0][5000/5005]	Time 1.4 (1.5)	Data 0.0 (0.0)	preproc. 1.3(1.3)	Tot. Loss 48.07 (60.96)	Acc@1 3.1 (2.6)	Acc@5 8.2 (7.1)	
Validation Epoch: [0][0/196]	Time 28.2 (28.2)	Data 0.0 (0.0)	preproc. 0.0(0.0)	Tot. Loss 28.65 (28.65)	Acc@1 9.8 (9.8)	Acc@5 30.1 (30.1)	
Validation Epoch 0, * Acc@1 5.01 Acc@5 12.39
Epoch: [1][0/5005]	Time 5.3 (5.3)	Data 3.8 (3.8)	preproc. 1.4(1.4)	Tot. Loss 49.42 (49.42)	Acc@1 3.9 (3.9)	Acc@5 11.3 (11.3)	
Epoch: [1][200/5005]	Time 1.5 (1.5)	Data 0.0 (0.0)	preproc. 1.3(1.3)	Tot. Loss 47.21 (49.57)	Acc@1 3.1 (3.7)	Acc@5 8.2 (9.5)	
Epoch: [1][400/5005]	Time 1.5 (1.5)	Data 0.0 (0.0)	preproc. 1.3(1.3)	Tot. Loss 47.90 (49.18)	Acc@1 4.7 (3.7)	Acc@5 7.8 (9.5)	
Epoch: [1][600/5005]	Time 1.5 (1.5)	Data 0.0 (0.0)	preproc. 1.3(1.3)	Tot. Loss 47.06 (48.85)	Acc@1 4.7 (3.8)	Acc@5 8.6 (9.5)	
Epoch: [1][800/5005]	Time 1.4 (1.5)	Data 0.0 (0.0)	preproc. 1.3(1.3)	Tot. Loss 46.58 (48.48)	Acc@1 3.1 (3.7)	Acc@5 8.6 (9.5)	
Epoch: [1][1000/5005]	Time 1.5 (1.5)	Data 0.0 (0.0)	preproc. 1.3(1.3)	Tot. Loss 46.68 (48.11)	Acc@1 3.5 (3.8)	Acc@5 9.4 (9.6)	
Epoch: [1][1200/5005]	Time 1.5 (1.5)	Data 0.0 (0.0)	preproc. 1.3(1.3)	Tot. Loss 44.04 (47.75)	Acc@1 4.7 (3.8)	Acc@5 14.5 (9.6)	
Epoch: [1][1400/5005]	Time 1.5 (1.5)	Data 0.0 (0.0)	preproc. 1.3(1.3)	Tot. Loss 42.96 (47.37)	Acc@1 3.5 (3.8)	Acc@5 11.7 (9.7)	
Epoch: [1][1600/5005]	Time 1.5 (1.5)	Data 0.0 (0.0)	preproc. 1.3(1.3)	Tot. Loss 46.60 (47.04)	Acc@1 5.5 (3.8)	Acc@5 9.4 (9.7)	
Epoch: [1][1800/5005]	Time 1.5 (1.5)	Data 0.0 (0.0)	preproc. 1.3(1.3)	Tot. Loss 44.27 (46.70)	Acc@1 2.3 (3.8)	Acc@5 7.4 (9.8)	
Epoch: [1][2000/5005]	Time 1.5 (1.5)	Data 0.0 (0.0)	preproc. 1.3(1.3)	Tot. Loss 43.99 (46.37)	Acc@1 3.9 (3.9)	Acc@5 13.3 (9.8)	
Epoch: [1][2200/5005]	Time 1.5 (1.5)	Data 0.0 (0.0)	preproc. 1.3(1.3)	Tot. Loss 43.65 (46.05)	Acc@1 4.3 (3.9)	Acc@5 7.8 (9.8)	
Epoch: [1][2400/5005]	Time 1.4 (1.5)	Data 0.0 (0.0)	preproc. 1.3(1.3)	Tot. Loss 40.89 (45.73)	Acc@1 4.3 (3.9)	Acc@5 9.4 (9.9)	
Epoch: [1][2600/5005]	Time 1.5 (1.5)	Data 0.0 (0.0)	preproc. 1.3(1.3)	Tot. Loss 41.18 (45.40)	Acc@1 4.3 (3.9)	Acc@5 10.2 (9.9)	
Epoch: [1][2800/5005]	Time 1.5 (1.5)	Data 0.0 (0.0)	preproc. 1.3(1.3)	Tot. Loss 41.70 (45.06)	Acc@1 4.7 (3.9)	Acc@5 9.0 (10.0)	
=> Scattering transform order 2, J 4
=> creating model 'scatteringlinear' oversampling 0 fft False
=> learning rate 0.01, lr thetas 0.0, 70 epochs, decay frequency 20
Epoch: [0][0/5005]	Time 6.0 (6.0)	Data 3.3 (3.3)	preproc. 1.9(1.9)	Tot. Loss 7.00 (7.00)	Acc@1 0.0 (0.0)	Acc@5 0.8 (0.8)	
Epoch: [0][200/5005]	Time 1.4 (1.4)	Data 0.0 (0.0)	preproc. 1.3(1.3)	Tot. Loss 7.66 (7.73)	Acc@1 1.2 (1.3)	Acc@5 2.7 (4.2)	
Epoch: [0][400/5005]	Time 1.4 (1.4)	Data 0.0 (0.0)	preproc. 1.3(1.3)	Tot. Loss 7.46 (7.62)	Acc@1 2.7 (1.8)	Acc@5 9.4 (5.5)	
Epoch: [0][600/5005]	Time 1.4 (1.4)	Data 0.0 (0.0)	preproc. 1.3(1.3)	Tot. Loss 7.00 (7.49)	Acc@1 3.1 (2.2)	Acc@5 10.2 (6.4)	
Epoch: [0][800/5005]	Time 1.4 (1.4)	Data 0.0 (0.0)	preproc. 1.3(1.3)	Tot. Loss 6.74 (7.36)	Acc@1 3.9 (2.5)	Acc@5 12.9 (7.2)	
Epoch: [0][1000/5005]	Time 1.4 (1.4)	Data 0.0 (0.0)	preproc. 1.3(1.3)	Tot. Loss 6.97 (7.24)	Acc@1 4.3 (2.8)	Acc@5 8.6 (7.9)	
Epoch: [0][1200/5005]	Time 1.4 (1.4)	Data 0.0 (0.0)	preproc. 1.3(1.3)	Tot. Loss 6.71 (7.13)	Acc@1 3.9 (3.2)	Acc@5 12.9 (8.6)	
Epoch: [0][1400/5005]	Time 1.4 (1.4)	Data 0.0 (0.0)	preproc. 1.3(1.3)	Tot. Loss 6.28 (7.03)	Acc@1 4.3 (3.4)	Acc@5 12.5 (9.1)	
Epoch: [0][1600/5005]	Time 1.4 (1.4)	Data 0.0 (0.0)	preproc. 1.3(1.3)	Tot. Loss 6.05 (6.94)	Acc@1 6.6 (3.6)	Acc@5 14.8 (9.7)	
Epoch: [0][1800/5005]	Time 1.4 (1.4)	Data 0.0 (0.0)	preproc. 1.3(1.3)	Tot. Loss 6.32 (6.86)	Acc@1 5.1 (3.9)	Acc@5 16.0 (10.1)	
Epoch: [0][2000/5005]	Time 1.4 (1.4)	Data 0.0 (0.0)	preproc. 1.3(1.3)	Tot. Loss 6.47 (6.78)	Acc@1 4.7 (4.1)	Acc@5 12.1 (10.6)	
Epoch: [0][2200/5005]	Time 1.4 (1.4)	Data 0.0 (0.0)	preproc. 1.3(1.3)	Tot. Loss 5.90 (6.72)	Acc@1 6.2 (4.3)	Acc@5 16.8 (11.0)	
Epoch: [0][2400/5005]	Time 1.4 (1.4)	Data 0.0 (0.0)	preproc. 1.3(1.3)	Tot. Loss 6.20 (6.66)	Acc@1 5.1 (4.5)	Acc@5 13.3 (11.4)	
Epoch: [0][2600/5005]	Time 1.4 (1.4)	Data 0.0 (0.0)	preproc. 1.3(1.3)	Tot. Loss 5.87 (6.60)	Acc@1 6.2 (4.6)	Acc@5 14.5 (11.8)	
Epoch: [0][2800/5005]	Time 1.4 (1.4)	Data 0.0 (0.0)	preproc. 1.3(1.3)	Tot. Loss 5.77 (6.55)	Acc@1 8.6 (4.8)	Acc@5 21.1 (12.1)	
Epoch: [0][3000/5005]	Time 1.4 (1.4)	Data 0.0 (0.0)	preproc. 1.3(1.3)	Tot. Loss 5.97 (6.50)	Acc@1 3.9 (5.0)	Acc@5 12.1 (12.5)	
Epoch: [0][3200/5005]	Time 1.4 (1.4)	Data 0.0 (0.0)	preproc. 1.3(1.3)	Tot. Loss 5.96 (6.46)	Acc@1 5.1 (5.1)	Acc@5 15.2 (12.8)	
Epoch: [0][3400/5005]	Time 1.4 (1.4)	Data 0.0 (0.0)	preproc. 1.3(1.3)	Tot. Loss 5.89 (6.42)	Acc@1 9.4 (5.3)	Acc@5 20.3 (13.1)	
Epoch: [0][3600/5005]	Time 1.4 (1.4)	Data 0.0 (0.0)	preproc. 1.3(1.3)	Tot. Loss 5.62 (6.38)	Acc@1 7.8 (5.4)	Acc@5 20.7 (13.3)	
Epoch: [0][3800/5005]	Time 1.4 (1.4)	Data 0.0 (0.0)	preproc. 1.3(1.3)	Tot. Loss 5.70 (6.35)	Acc@1 6.2 (5.6)	Acc@5 14.5 (13.6)	
Epoch: [0][4000/5005]	Time 1.4 (1.4)	Data 0.0 (0.0)	preproc. 1.3(1.3)	Tot. Loss 5.62 (6.31)	Acc@1 9.4 (5.7)	Acc@5 19.5 (13.9)	
Epoch: [0][4200/5005]	Time 1.4 (1.4)	Data 0.0 (0.0)	preproc. 1.3(1.3)	Tot. Loss 5.71 (6.28)	Acc@1 5.9 (5.8)	Acc@5 17.2 (14.1)	
Epoch: [0][4400/5005]	Time 1.4 (1.4)	Data 0.0 (0.0)	preproc. 1.3(1.3)	Tot. Loss 5.81 (6.26)	Acc@1 8.2 (5.9)	Acc@5 17.6 (14.3)	
Epoch: [0][4600/5005]	Time 1.4 (1.4)	Data 0.0 (0.0)	preproc. 1.3(1.3)	Tot. Loss 5.68 (6.23)	Acc@1 8.2 (6.1)	Acc@5 17.6 (14.5)	
Epoch: [0][4800/5005]	Time 1.4 (1.4)	Data 0.0 (0.0)	preproc. 1.3(1.3)	Tot. Loss 5.73 (6.21)	Acc@1 7.8 (6.2)	Acc@5 17.6 (14.7)	
Epoch: [0][5000/5005]	Time 1.4 (1.4)	Data 0.0 (0.0)	preproc. 1.3(1.3)	Tot. Loss 5.80 (6.18)	Acc@1 9.0 (6.3)	Acc@5 17.2 (14.9)	
Validation Epoch: [0][0/196]	Time 26.2 (26.2)	Data 0.0 (0.0)	preproc. 0.0(0.0)	Tot. Loss 4.15 (4.15)	Acc@1 24.6 (24.6)	Acc@5 53.1 (53.1)	
Validation Epoch 0, * Acc@1 12.11 Acc@5 26.22
Epoch: [1][0/5005]	Time 5.1 (5.1)	Data 3.7 (3.7)	preproc. 1.3(1.3)	Tot. Loss 5.68 (5.68)	Acc@1 12.5 (12.5)	Acc@5 23.0 (23.0)	
Epoch: [1][200/5005]	Time 1.4 (1.4)	Data 0.0 (0.0)	preproc. 1.3(1.3)	Tot. Loss 5.60 (5.58)	Acc@1 7.4 (9.2)	Acc@5 18.8 (20.4)	
Epoch: [1][400/5005]	Time 1.4 (1.4)	Data 0.0 (0.0)	preproc. 1.3(1.3)	Tot. Loss 5.54 (5.58)	Acc@1 7.4 (9.1)	Acc@5 21.9 (20.4)	
Epoch: [1][600/5005]	Time 1.4 (1.4)	Data 0.0 (0.0)	preproc. 1.3(1.3)	Tot. Loss 5.47 (5.58)	Acc@1 9.8 (9.2)	Acc@5 20.7 (20.5)	
Epoch: [1][800/5005]	Time 1.4 (1.4)	Data 0.0 (0.0)	preproc. 1.3(1.3)	Tot. Loss 5.81 (5.57)	Acc@1 9.4 (9.3)	Acc@5 15.2 (20.6)	
Epoch: [1][1000/5005]	Time 1.4 (1.4)	Data 0.0 (0.0)	preproc. 1.3(1.3)	Tot. Loss 5.70 (5.57)	Acc@1 5.9 (9.3)	Acc@5 18.8 (20.6)	
Epoch: [1][1200/5005]	Time 1.4 (1.4)	Data 0.0 (0.0)	preproc. 1.3(1.3)	Tot. Loss 5.56 (5.57)	Acc@1 9.0 (9.3)	Acc@5 19.9 (20.6)	
Epoch: [1][1400/5005]	Time 1.4 (1.4)	Data 0.0 (0.0)	preproc. 1.3(1.3)	Tot. Loss 5.71 (5.57)	Acc@1 8.6 (9.4)	Acc@5 19.1 (20.7)	
Epoch: [1][1600/5005]	Time 1.4 (1.4)	Data 0.0 (0.0)	preproc. 1.3(1.3)	Tot. Loss 5.62 (5.56)	Acc@1 11.7 (9.4)	Acc@5 20.3 (20.8)	
Epoch: [1][1800/5005]	Time 1.4 (1.4)	Data 0.0 (0.0)	preproc. 1.3(1.3)	Tot. Loss 5.85 (5.56)	Acc@1 9.4 (9.4)	Acc@5 17.2 (20.8)	
Epoch: [1][2000/5005]	Time 1.4 (1.4)	Data 0.0 (0.0)	preproc. 1.3(1.3)	Tot. Loss 5.52 (5.56)	Acc@1 9.4 (9.5)	Acc@5 21.9 (20.9)	
Epoch: [1][2200/5005]	Time 1.4 (1.4)	Data 0.0 (0.0)	preproc. 1.3(1.3)	Tot. Loss 5.56 (5.55)	Acc@1 7.0 (9.5)	Acc@5 17.2 (21.0)	
Epoch: [1][2400/5005]	Time 1.4 (1.4)	Data 0.0 (0.0)	preproc. 1.3(1.3)	Tot. Loss 5.43 (5.55)	Acc@1 10.9 (9.5)	Acc@5 22.3 (21.0)	
Epoch: [1][2600/5005]	Time 1.4 (1.4)	Data 0.0 (0.0)	preproc. 1.3(1.3)	Tot. Loss 5.61 (5.55)	Acc@1 8.6 (9.5)	Acc@5 22.3 (21.1)	
Epoch: [1][2800/5005]	Time 1.4 (1.4)	Data 0.0 (0.0)	preproc. 1.3(1.3)	Tot. Loss 5.27 (5.55)	Acc@1 14.5 (9.6)	Acc@5 24.6 (21.1)	
Epoch: [1][3000/5005]	Time 1.4 (1.4)	Data 0.0 (0.0)	preproc. 1.3(1.3)	Tot. Loss 5.40 (5.54)	Acc@1 11.7 (9.6)	Acc@5 25.8 (21.2)	
Epoch: [1][3200/5005]	Time 1.4 (1.4)	Data 0.0 (0.0)	preproc. 1.3(1.3)	Tot. Loss 5.47 (5.54)	Acc@1 9.0 (9.7)	Acc@5 20.3 (21.2)	
Epoch: [1][3400/5005]	Time 1.4 (1.4)	Data 0.0 (0.0)	preproc. 1.3(1.3)	Tot. Loss 5.54 (5.54)	Acc@1 6.2 (9.7)	Acc@5 16.8 (21.3)	
Epoch: [1][3600/5005]	Time 1.4 (1.4)	Data 0.0 (0.0)	preproc. 1.3(1.3)	Tot. Loss 5.57 (5.53)	Acc@1 10.9 (9.7)	Acc@5 22.7 (21.3)	
Epoch: [1][3800/5005]	Time 1.4 (1.4)	Data 0.0 (0.0)	preproc. 1.3(1.3)	Tot. Loss 5.21 (5.53)	Acc@1 11.7 (9.7)	Acc@5 25.0 (21.3)	
Epoch: [1][4000/5005]	Time 1.4 (1.4)	Data 0.0 (0.0)	preproc. 1.3(1.3)	Tot. Loss 5.41 (5.53)	Acc@1 7.8 (9.8)	Acc@5 21.1 (21.4)	
Epoch: [1][4200/5005]	Time 1.4 (1.4)	Data 0.0 (0.0)	preproc. 1.3(1.3)	Tot. Loss 5.37 (5.53)	Acc@1 11.7 (9.8)	Acc@5 25.4 (21.4)	
Epoch: [1][4400/5005]	Time 1.4 (1.4)	Data 0.0 (0.0)	preproc. 1.3(1.3)	Tot. Loss 5.49 (5.52)	Acc@1 10.9 (9.8)	Acc@5 21.9 (21.5)	
Epoch: [1][4600/5005]	Time 1.4 (1.4)	Data 0.0 (0.0)	preproc. 1.3(1.3)	Tot. Loss 5.53 (5.52)	Acc@1 8.2 (9.8)	Acc@5 21.1 (21.5)	
Epoch: [1][4800/5005]	Time 1.4 (1.4)	Data 0.0 (0.0)	preproc. 1.3(1.3)	Tot. Loss 5.41 (5.52)	Acc@1 11.7 (9.9)	Acc@5 24.2 (21.6)	
Epoch: [1][5000/5005]	Time 1.4 (1.4)	Data 0.0 (0.0)	preproc. 1.3(1.3)	Tot. Loss 5.45 (5.52)	Acc@1 12.1 (9.9)	Acc@5 22.3 (21.6)	
Validation Epoch: [1][0/196]	Time 23.5 (23.5)	Data 0.0 (0.0)	preproc. 0.0(0.0)	Tot. Loss 3.94 (3.94)	Acc@1 27.7 (27.7)	Acc@5 62.5 (62.5)	
Validation Epoch 1, * Acc@1 14.62 Acc@5 29.39
Epoch: [2][0/5005]	Time 4.7 (4.7)	Data 3.3 (3.3)	preproc. 1.3(1.3)	Tot. Loss 5.56 (5.56)	Acc@1 11.7 (11.7)	Acc@5 25.0 (25.0)	
Epoch: [2][200/5005]	Time 1.4 (1.4)	Data 0.0 (0.0)	preproc. 1.3(1.3)	Tot. Loss 5.43 (5.43)	Acc@1 9.4 (10.8)	Acc@5 21.5 (23.0)	
Epoch: [2][400/5005]	Time 1.4 (1.4)	Data 0.0 (0.0)	preproc. 1.3(1.3)	Tot. Loss 5.28 (5.45)	Acc@1 10.2 (10.6)	Acc@5 21.9 (22.8)	
Epoch: [2][600/5005]	Time 1.4 (1.4)	Data 0.0 (0.0)	preproc. 1.3(1.3)	Tot. Loss 5.41 (5.45)	Acc@1 12.5 (10.7)	Acc@5 26.2 (22.8)	
Epoch: [2][800/5005]	Time 1.4 (1.4)	Data 0.0 (0.0)	preproc. 1.3(1.3)	Tot. Loss 5.55 (5.45)	Acc@1 11.7 (10.7)	Acc@5 22.3 (22.8)	
Epoch: [2][1000/5005]	Time 1.4 (1.4)	Data 0.0 (0.0)	preproc. 1.3(1.3)	Tot. Loss 5.37 (5.44)	Acc@1 14.8 (10.7)	Acc@5 25.4 (22.9)	
Epoch: [2][1200/5005]	Time 1.4 (1.4)	Data 0.0 (0.0)	preproc. 1.3(1.3)	Tot. Loss 5.32 (5.44)	Acc@1 12.9 (10.7)	Acc@5 21.1 (22.9)	
Epoch: [2][1400/5005]	Time 1.4 (1.4)	Data 0.0 (0.0)	preproc. 1.3(1.3)	Tot. Loss 5.28 (5.44)	Acc@1 14.5 (10.7)	Acc@5 22.3 (22.9)	
Epoch: [2][1600/5005]	Time 1.4 (1.4)	Data 0.0 (0.0)	preproc. 1.3(1.3)	Tot. Loss 5.49 (5.44)	Acc@1 11.7 (10.7)	Acc@5 21.1 (22.9)	
Epoch: [2][1800/5005]	Time 1.4 (1.4)	Data 0.0 (0.0)	preproc. 1.3(1.3)	Tot. Loss 5.17 (5.44)	Acc@1 10.5 (10.7)	Acc@5 28.5 (23.0)	
Epoch: [2][2000/5005]	Time 1.4 (1.4)	Data 0.0 (0.0)	preproc. 1.3(1.3)	Tot. Loss 5.30 (5.44)	Acc@1 11.3 (10.8)	Acc@5 25.0 (23.0)	
Epoch: [2][2200/5005]	Time 1.4 (1.4)	Data 0.0 (0.0)	preproc. 1.3(1.3)	Tot. Loss 5.31 (5.44)	Acc@1 12.9 (10.8)	Acc@5 29.3 (23.0)	
Epoch: [2][2400/5005]	Time 1.4 (1.4)	Data 0.0 (0.0)	preproc. 1.3(1.3)	Tot. Loss 5.51 (5.44)	Acc@1 8.2 (10.8)	Acc@5 25.8 (23.1)	
Epoch: [2][2600/5005]	Time 1.4 (1.4)	Data 0.0 (0.0)	preproc. 1.3(1.3)	Tot. Loss 5.29 (5.44)	Acc@1 11.3 (10.8)	Acc@5 25.0 (23.1)	
Epoch: [2][2800/5005]	Time 1.4 (1.4)	Data 0.0 (0.0)	preproc. 1.3(1.3)	Tot. Loss 5.34 (5.44)	Acc@1 12.5 (10.9)	Acc@5 24.6 (23.1)	
Epoch: [2][3000/5005]	Time 1.4 (1.4)	Data 0.0 (0.0)	preproc. 1.3(1.3)	Tot. Loss 5.32 (5.44)	Acc@1 9.8 (10.9)	Acc@5 23.8 (23.1)	
Epoch: [2][3200/5005]	Time 1.4 (1.4)	Data 0.0 (0.0)	preproc. 1.3(1.3)	Tot. Loss 5.56 (5.44)	Acc@1 9.4 (10.9)	Acc@5 19.9 (23.1)	
Epoch: [2][3400/5005]	Time 1.4 (1.4)	Data 0.0 (0.0)	preproc. 1.3(1.3)	Tot. Loss 5.51 (5.43)	Acc@1 10.9 (10.9)	Acc@5 23.4 (23.2)	
Epoch: [2][3600/5005]	Time 1.4 (1.4)	Data 0.0 (0.0)	preproc. 1.3(1.3)	Tot. Loss 5.56 (5.43)	Acc@1 9.4 (10.9)	Acc@5 21.5 (23.2)	
Epoch: [2][3800/5005]	Time 1.4 (1.4)	Data 0.0 (0.0)	preproc. 1.3(1.3)	Tot. Loss 5.39 (5.43)	Acc@1 9.8 (10.9)	Acc@5 23.0 (23.2)	
Epoch: [2][4000/5005]	Time 1.4 (1.4)	Data 0.0 (0.0)	preproc. 1.3(1.3)	Tot. Loss 5.51 (5.43)	Acc@1 10.5 (10.9)	Acc@5 21.5 (23.2)	
Epoch: [2][4200/5005]	Time 1.4 (1.4)	Data 0.0 (0.0)	preproc. 1.3(1.3)	Tot. Loss 5.40 (5.43)	Acc@1 10.9 (10.9)	Acc@5 22.3 (23.2)	
Epoch: [2][4400/5005]	Time 1.4 (1.4)	Data 0.0 (0.0)	preproc. 1.3(1.3)	Tot. Loss 5.45 (5.43)	Acc@1 7.8 (10.9)	Acc@5 19.1 (23.2)	
Epoch: [2][4600/5005]	Time 1.4 (1.4)	Data 0.0 (0.0)	preproc. 1.3(1.3)	Tot. Loss 5.25 (5.43)	Acc@1 15.6 (10.9)	Acc@5 27.7 (23.2)	
Epoch: [2][4800/5005]	Time 1.4 (1.4)	Data 0.0 (0.0)	preproc. 1.3(1.3)	Tot. Loss 5.42 (5.43)	Acc@1 10.9 (11.0)	Acc@5 23.4 (23.3)	
Epoch: [2][5000/5005]	Time 1.4 (1.4)	Data 0.0 (0.0)	preproc. 1.3(1.3)	Tot. Loss 5.48 (5.43)	Acc@1 11.7 (11.0)	Acc@5 25.0 (23.3)	
Validation Epoch: [2][0/196]	Time 26.2 (26.2)	Data 0.0 (0.0)	preproc. 0.0(0.0)	Tot. Loss 3.92 (3.92)	Acc@1 28.5 (28.5)	Acc@5 60.2 (60.2)	
Validation Epoch 2, * Acc@1 15.35 Acc@5 30.70
Epoch: [3][0/5005]	Time 4.9 (4.9)	Data 3.5 (3.5)	preproc. 1.3(1.3)	Tot. Loss 5.54 (5.54)	Acc@1 12.1 (12.1)	Acc@5 25.0 (25.0)	
Epoch: [3][200/5005]	Time 1.4 (1.4)	Data 0.0 (0.0)	preproc. 1.3(1.3)	Tot. Loss 5.42 (5.38)	Acc@1 10.2 (11.4)	Acc@5 22.7 (23.9)	
Epoch: [3][400/5005]	Time 1.4 (1.4)	Data 0.0 (0.0)	preproc. 1.3(1.3)	Tot. Loss 5.39 (5.38)	Acc@1 12.1 (11.5)	Acc@5 24.6 (24.1)	
Epoch: [3][600/5005]	Time 1.4 (1.4)	Data 0.0 (0.0)	preproc. 1.3(1.3)	Tot. Loss 5.28 (5.38)	Acc@1 11.3 (11.5)	Acc@5 26.2 (24.0)	
Epoch: [3][800/5005]	Time 1.4 (1.4)	Data 0.0 (0.0)	preproc. 1.3(1.3)	Tot. Loss 5.22 (5.39)	Acc@1 13.3 (11.4)	Acc@5 29.7 (24.0)	
Epoch: [3][1000/5005]	Time 1.4 (1.4)	Data 0.0 (0.0)	preproc. 1.3(1.3)	Tot. Loss 5.36 (5.39)	Acc@1 10.5 (11.4)	Acc@5 25.4 (24.0)	
Epoch: [3][1200/5005]	Time 1.4 (1.4)	Data 0.0 (0.0)	preproc. 1.3(1.3)	Tot. Loss 5.40 (5.39)	Acc@1 10.2 (11.4)	Acc@5 19.5 (24.0)	
Epoch: [3][1400/5005]	Time 1.4 (1.4)	Data 0.0 (0.0)	preproc. 1.3(1.3)	Tot. Loss 5.31 (5.39)	Acc@1 15.2 (11.4)	Acc@5 25.4 (24.0)	
Epoch: [3][1600/5005]	Time 1.4 (1.4)	Data 0.0 (0.0)	preproc. 1.3(1.3)	Tot. Loss 5.51 (5.39)	Acc@1 9.4 (11.4)	Acc@5 23.4 (24.0)	
Epoch: [3][1800/5005]	Time 1.4 (1.4)	Data 0.0 (0.0)	preproc. 1.3(1.3)	Tot. Loss 5.43 (5.39)	Acc@1 10.5 (11.4)	Acc@5 20.3 (24.0)	
Epoch: [3][2000/5005]	Time 1.4 (1.4)	Data 0.0 (0.0)	preproc. 1.3(1.3)	Tot. Loss 5.48 (5.39)	Acc@1 8.6 (11.4)	Acc@5 21.1 (24.0)	
Epoch: [3][2200/5005]	Time 1.4 (1.4)	Data 0.0 (0.0)	preproc. 1.3(1.3)	Tot. Loss 5.29 (5.39)	Acc@1 13.7 (11.4)	Acc@5 27.7 (24.0)	
Epoch: [3][2400/5005]	Time 1.4 (1.4)	Data 0.0 (0.0)	preproc. 1.3(1.3)	Tot. Loss 5.39 (5.39)	Acc@1 10.5 (11.4)	Acc@5 25.0 (24.0)	
Epoch: [3][2600/5005]	Time 1.4 (1.4)	Data 0.0 (0.0)	preproc. 1.3(1.3)	Tot. Loss 5.52 (5.39)	Acc@1 12.1 (11.4)	Acc@5 20.3 (24.0)	
Epoch: [3][2800/5005]	Time 1.4 (1.4)	Data 0.0 (0.0)	preproc. 1.3(1.3)	Tot. Loss 5.54 (5.39)	Acc@1 10.9 (11.4)	Acc@5 21.5 (24.0)	
Epoch: [3][3000/5005]	Time 1.4 (1.4)	Data 0.0 (0.0)	preproc. 1.3(1.3)	Tot. Loss 5.38 (5.39)	Acc@1 11.7 (11.4)	Acc@5 24.6 (24.0)	
Epoch: [3][3200/5005]	Time 1.4 (1.4)	Data 0.0 (0.0)	preproc. 1.3(1.3)	Tot. Loss 5.52 (5.39)	Acc@1 9.4 (11.4)	Acc@5 20.3 (24.0)	
Epoch: [3][3400/5005]	Time 1.4 (1.4)	Data 0.0 (0.0)	preproc. 1.3(1.3)	Tot. Loss 5.38 (5.39)	Acc@1 10.2 (11.5)	Acc@5 22.7 (24.0)	
Epoch: [3][3600/5005]	Time 1.4 (1.4)	Data 0.0 (0.0)	preproc. 1.3(1.3)	Tot. Loss 5.53 (5.39)	Acc@1 8.6 (11.5)	Acc@5 19.9 (24.1)	
Epoch: [3][3800/5005]	Time 1.4 (1.4)	Data 0.0 (0.0)	preproc. 1.3(1.3)	Tot. Loss 5.14 (5.39)	Acc@1 16.4 (11.5)	Acc@5 27.7 (24.1)	
Epoch: [3][4000/5005]	Time 1.4 (1.4)	Data 0.0 (0.0)	preproc. 1.3(1.3)	Tot. Loss 5.22 (5.39)	Acc@1 10.2 (11.5)	Acc@5 29.3 (24.1)	
Epoch: [3][4200/5005]	Time 1.4 (1.4)	Data 0.0 (0.0)	preproc. 1.3(1.3)	Tot. Loss 5.43 (5.39)	Acc@1 10.9 (11.5)	Acc@5 25.4 (24.1)	
Epoch: [3][4400/5005]	Time 1.4 (1.4)	Data 0.0 (0.0)	preproc. 1.3(1.3)	Tot. Loss 5.52 (5.38)	Acc@1 12.5 (11.5)	Acc@5 18.4 (24.1)	
Epoch: [3][4600/5005]	Time 1.4 (1.4)	Data 0.0 (0.0)	preproc. 1.3(1.3)	Tot. Loss 5.42 (5.38)	Acc@1 12.1 (11.5)	Acc@5 27.0 (24.1)	
Epoch: [3][4800/5005]	Time 1.4 (1.4)	Data 0.0 (0.0)	preproc. 1.3(1.3)	Tot. Loss 5.54 (5.38)	Acc@1 10.2 (11.5)	Acc@5 23.0 (24.1)	
Epoch: [3][5000/5005]	Time 1.4 (1.4)	Data 0.0 (0.0)	preproc. 1.3(1.3)	Tot. Loss 5.39 (5.38)	Acc@1 10.2 (11.5)	Acc@5 23.8 (24.1)	
Validation Epoch: [3][0/196]	Time 18.0 (18.0)	Data 0.0 (0.0)	preproc. 0.0(0.0)	Tot. Loss 3.84 (3.84)	Acc@1 30.1 (30.1)	Acc@5 59.0 (59.0)	
Validation Epoch 3, * Acc@1 15.72 Acc@5 31.35
Epoch: [4][0/5005]	Time 4.8 (4.8)	Data 3.4 (3.4)	preproc. 1.3(1.3)	Tot. Loss 5.41 (5.41)	Acc@1 10.9 (10.9)	Acc@5 22.7 (22.7)	
Epoch: [4][200/5005]	Time 1.4 (1.4)	Data 0.0 (0.0)	preproc. 1.3(1.3)	Tot. Loss 5.49 (5.35)	Acc@1 11.7 (11.7)	Acc@5 22.3 (24.4)	
Epoch: [4][400/5005]	Time 1.4 (1.4)	Data 0.0 (0.0)	preproc. 1.3(1.3)	Tot. Loss 5.12 (5.35)	Acc@1 12.1 (11.7)	Acc@5 27.0 (24.6)	
Epoch: [4][600/5005]	Time 1.4 (1.4)	Data 0.0 (0.0)	preproc. 1.3(1.3)	Tot. Loss 5.15 (5.35)	Acc@1 12.1 (11.7)	Acc@5 25.0 (24.7)	
Epoch: [4][800/5005]	Time 1.4 (1.4)	Data 0.0 (0.0)	preproc. 1.3(1.3)	Tot. Loss 5.27 (5.35)	Acc@1 14.5 (11.7)	Acc@5 27.0 (24.6)	
Epoch: [4][1000/5005]	Time 1.4 (1.4)	Data 0.0 (0.0)	preproc. 1.3(1.3)	Tot. Loss 5.44 (5.36)	Acc@1 8.6 (11.7)	Acc@5 23.4 (24.6)	
Epoch: [4][1200/5005]	Time 1.4 (1.4)	Data 0.0 (0.0)	preproc. 1.3(1.3)	Tot. Loss 5.17 (5.35)	Acc@1 13.3 (11.7)	Acc@5 27.3 (24.6)	
Epoch: [4][1400/5005]	Time 1.4 (1.4)	Data 0.0 (0.0)	preproc. 1.3(1.3)	Tot. Loss 5.18 (5.35)	Acc@1 13.7 (11.8)	Acc@5 25.4 (24.7)	
Epoch: [4][1600/5005]	Time 1.4 (1.4)	Data 0.0 (0.0)	preproc. 1.3(1.3)	Tot. Loss 5.27 (5.35)	Acc@1 13.3 (11.8)	Acc@5 23.8 (24.6)	
Epoch: [4][1800/5005]	Time 1.4 (1.4)	Data 0.0 (0.0)	preproc. 1.3(1.3)	Tot. Loss 5.50 (5.35)	Acc@1 11.7 (11.8)	Acc@5 22.3 (24.6)	
Epoch: [4][2000/5005]	Time 1.4 (1.4)	Data 0.0 (0.0)	preproc. 1.3(1.3)	Tot. Loss 5.37 (5.35)	Acc@1 8.6 (11.8)	Acc@5 21.5 (24.6)	
Epoch: [4][2200/5005]	Time 1.4 (1.4)	Data 0.0 (0.0)	preproc. 1.3(1.3)	Tot. Loss 5.27 (5.35)	Acc@1 12.5 (11.8)	Acc@5 25.4 (24.6)	
Epoch: [4][2400/5005]	Time 1.4 (1.4)	Data 0.0 (0.0)	preproc. 1.3(1.3)	Tot. Loss 5.13 (5.35)	Acc@1 12.9 (11.8)	Acc@5 27.7 (24.6)	
Epoch: [4][2600/5005]	Time 1.4 (1.4)	Data 0.0 (0.0)	preproc. 1.3(1.3)	Tot. Loss 5.48 (5.35)	Acc@1 9.4 (11.8)	Acc@5 19.9 (24.6)	
Epoch: [4][2800/5005]	Time 1.4 (1.4)	Data 0.0 (0.0)	preproc. 1.3(1.3)	Tot. Loss 5.40 (5.35)	Acc@1 11.3 (11.8)	Acc@5 23.0 (24.7)	
Epoch: [4][3000/5005]	Time 1.4 (1.4)	Data 0.0 (0.0)	preproc. 1.3(1.3)	Tot. Loss 5.45 (5.35)	Acc@1 10.5 (11.8)	Acc@5 23.0 (24.6)	
Epoch: [4][3200/5005]	Time 1.4 (1.4)	Data 0.0 (0.0)	preproc. 1.3(1.3)	Tot. Loss 5.22 (5.35)	Acc@1 10.9 (11.8)	Acc@5 23.4 (24.7)	
Epoch: [4][3400/5005]	Time 1.4 (1.4)	Data 0.0 (0.0)	preproc. 1.3(1.3)	Tot. Loss 5.40 (5.35)	Acc@1 10.5 (11.8)	Acc@5 26.2 (24.7)	
Epoch: [4][3600/5005]	Time 1.4 (1.4)	Data 0.0 (0.0)	preproc. 1.3(1.3)	Tot. Loss 5.27 (5.35)	Acc@1 12.9 (11.8)	Acc@5 27.7 (24.7)	
Epoch: [4][3800/5005]	Time 1.4 (1.4)	Data 0.0 (0.0)	preproc. 1.3(1.3)	Tot. Loss 5.47 (5.35)	Acc@1 9.8 (11.8)	Acc@5 22.3 (24.7)	
Epoch: [4][4000/5005]	Time 1.4 (1.4)	Data 0.0 (0.0)	preproc. 1.3(1.3)	Tot. Loss 5.24 (5.35)	Acc@1 12.5 (11.8)	Acc@5 26.6 (24.7)	
Epoch: [4][4200/5005]	Time 1.4 (1.4)	Data 0.0 (0.0)	preproc. 1.3(1.3)	Tot. Loss 5.56 (5.35)	Acc@1 12.5 (11.9)	Acc@5 22.7 (24.7)	
Epoch: [4][4400/5005]	Time 1.4 (1.4)	Data 0.0 (0.0)	preproc. 1.3(1.3)	Tot. Loss 5.31 (5.35)	Acc@1 11.3 (11.9)	Acc@5 27.3 (24.7)	
Epoch: [4][4600/5005]	Time 1.4 (1.4)	Data 0.0 (0.0)	preproc. 1.3(1.3)	Tot. Loss 5.49 (5.35)	Acc@1 11.7 (11.9)	Acc@5 26.6 (24.7)	
Epoch: [4][4800/5005]	Time 1.4 (1.4)	Data 0.0 (0.0)	preproc. 1.3(1.3)	Tot. Loss 5.42 (5.35)	Acc@1 12.1 (11.9)	Acc@5 26.6 (24.7)	
Epoch: [4][5000/5005]	Time 1.4 (1.4)	Data 0.0 (0.0)	preproc. 1.3(1.3)	Tot. Loss 5.25 (5.35)	Acc@1 10.2 (11.9)	Acc@5 27.7 (24.7)	
Validation Epoch: [4][0/196]	Time 11.7 (11.7)	Data 0.0 (0.0)	preproc. 0.0(0.0)	Tot. Loss 3.87 (3.87)	Acc@1 30.1 (30.1)	Acc@5 59.0 (59.0)	
Validation Epoch 4, * Acc@1 16.49 Acc@5 32.42
Epoch: [5][0/5005]	Time 5.3 (5.3)	Data 3.9 (3.9)	preproc. 1.3(1.3)	Tot. Loss 5.35 (5.35)	Acc@1 12.9 (12.9)	Acc@5 26.2 (26.2)	
Epoch: [5][200/5005]	Time 1.4 (1.4)	Data 0.0 (0.0)	preproc. 1.3(1.3)	Tot. Loss 5.15 (5.32)	Acc@1 17.6 (12.3)	Acc@5 27.3 (25.3)	
Epoch: [5][400/5005]	Time 1.4 (1.4)	Data 0.0 (0.0)	preproc. 1.3(1.3)	Tot. Loss 5.25 (5.33)	Acc@1 13.7 (12.3)	Acc@5 26.6 (25.2)	
Epoch: [5][600/5005]	Time 1.4 (1.4)	Data 0.0 (0.0)	preproc. 1.3(1.3)	Tot. Loss 5.30 (5.33)	Acc@1 9.4 (12.2)	Acc@5 23.4 (25.2)	
Epoch: [5][800/5005]	Time 1.4 (1.4)	Data 0.0 (0.0)	preproc. 1.3(1.3)	Tot. Loss 5.39 (5.33)	Acc@1 8.2 (12.1)	Acc@5 23.0 (25.1)	
Epoch: [5][1000/5005]	Time 1.4 (1.4)	Data 0.0 (0.0)	preproc. 1.3(1.3)	Tot. Loss 5.47 (5.33)	Acc@1 9.4 (12.2)	Acc@5 21.9 (25.2)	
Epoch: [5][1200/5005]	Time 1.4 (1.4)	Data 0.0 (0.0)	preproc. 1.3(1.3)	Tot. Loss 5.38 (5.33)	Acc@1 12.5 (12.1)	Acc@5 25.0 (25.1)	
Epoch: [5][1400/5005]	Time 1.4 (1.4)	Data 0.0 (0.0)	preproc. 1.3(1.3)	Tot. Loss 5.27 (5.33)	Acc@1 12.5 (12.1)	Acc@5 24.6 (25.1)	
Epoch: [5][1600/5005]	Time 1.4 (1.4)	Data 0.0 (0.0)	preproc. 1.3(1.3)	Tot. Loss 5.29 (5.33)	Acc@1 17.2 (12.1)	Acc@5 28.1 (25.1)	
Epoch: [5][1800/5005]	Time 1.4 (1.4)	Data 0.0 (0.0)	preproc. 1.3(1.3)	Tot. Loss 5.40 (5.33)	Acc@1 10.2 (12.1)	Acc@5 21.5 (25.1)	
Epoch: [5][2000/5005]	Time 1.4 (1.4)	Data 0.0 (0.0)	preproc. 1.3(1.3)	Tot. Loss 5.26 (5.33)	Acc@1 15.6 (12.1)	Acc@5 25.8 (25.1)	
Epoch: [5][2200/5005]	Time 1.4 (1.4)	Data 0.0 (0.0)	preproc. 1.3(1.3)	Tot. Loss 5.35 (5.33)	Acc@1 14.5 (12.1)	Acc@5 27.3 (25.2)	
Epoch: [5][2400/5005]	Time 1.4 (1.4)	Data 0.0 (0.0)	preproc. 1.3(1.3)	Tot. Loss 5.28 (5.33)	Acc@1 12.5 (12.1)	Acc@5 29.3 (25.1)	
Epoch: [5][2600/5005]	Time 1.4 (1.4)	Data 0.0 (0.0)	preproc. 1.3(1.3)	Tot. Loss 5.24 (5.33)	Acc@1 9.8 (12.1)	Acc@5 26.6 (25.2)	
Epoch: [5][2800/5005]	Time 1.4 (1.4)	Data 0.0 (0.0)	preproc. 1.3(1.3)	Tot. Loss 5.30 (5.33)	Acc@1 13.7 (12.1)	Acc@5 25.8 (25.2)	
Epoch: [5][3000/5005]	Time 1.4 (1.4)	Data 0.0 (0.0)	preproc. 1.3(1.3)	Tot. Loss 5.28 (5.33)	Acc@1 14.5 (12.1)	Acc@5 27.0 (25.2)	
Epoch: [5][3200/5005]	Time 1.4 (1.4)	Data 0.0 (0.0)	preproc. 1.3(1.3)	Tot. Loss 5.26 (5.33)	Acc@1 12.5 (12.1)	Acc@5 25.0 (25.2)	
Epoch: [5][3400/5005]	Time 1.4 (1.4)	Data 0.0 (0.0)	preproc. 1.3(1.3)	Tot. Loss 5.54 (5.33)	Acc@1 10.5 (12.1)	Acc@5 21.9 (25.2)	
Epoch: [5][3600/5005]	Time 1.4 (1.4)	Data 0.0 (0.0)	preproc. 1.3(1.3)	Tot. Loss 5.18 (5.33)	Acc@1 14.8 (12.1)	Acc@5 31.6 (25.2)	
Epoch: [5][3800/5005]	Time 1.4 (1.4)	Data 0.0 (0.0)	preproc. 1.3(1.3)	Tot. Loss 5.30 (5.33)	Acc@1 13.7 (12.2)	Acc@5 28.9 (25.2)	
Epoch: [5][4000/5005]	Time 1.4 (1.4)	Data 0.0 (0.0)	preproc. 1.3(1.3)	Tot. Loss 5.31 (5.33)	Acc@1 12.9 (12.2)	Acc@5 25.4 (25.2)	
Epoch: [5][4200/5005]	Time 1.4 (1.4)	Data 0.0 (0.0)	preproc. 1.3(1.3)	Tot. Loss 5.67 (5.33)	Acc@1 8.2 (12.2)	Acc@5 19.5 (25.2)	
Epoch: [5][4400/5005]	Time 1.4 (1.4)	Data 0.0 (0.0)	preproc. 1.3(1.3)	Tot. Loss 5.47 (5.33)	Acc@1 12.1 (12.2)	Acc@5 22.7 (25.2)	
Epoch: [5][4600/5005]	Time 1.4 (1.4)	Data 0.0 (0.0)	preproc. 1.3(1.3)	Tot. Loss 5.53 (5.33)	Acc@1 11.7 (12.2)	Acc@5 22.7 (25.2)	
Epoch: [5][4800/5005]	Time 1.4 (1.4)	Data 0.0 (0.0)	preproc. 1.3(1.3)	Tot. Loss 5.11 (5.33)	Acc@1 13.7 (12.2)	Acc@5 27.7 (25.2)	
Epoch: [5][5000/5005]	Time 1.4 (1.4)	Data 0.0 (0.0)	preproc. 1.3(1.3)	Tot. Loss 5.28 (5.33)	Acc@1 12.5 (12.2)	Acc@5 28.9 (25.2)	
Validation Epoch: [5][0/196]	Time 4.6 (4.6)	Data 0.0 (0.0)	preproc. 0.0(0.0)	Tot. Loss 3.81 (3.81)	Acc@1 30.9 (30.9)	Acc@5 61.3 (61.3)	
Validation Epoch 5, * Acc@1 16.62 Acc@5 32.63
Epoch: [6][0/5005]	Time 4.5 (4.5)	Data 3.1 (3.1)	preproc. 1.3(1.3)	Tot. Loss 5.46 (5.46)	Acc@1 10.5 (10.5)	Acc@5 21.9 (21.9)	
Epoch: [6][200/5005]	Time 1.4 (1.4)	Data 0.0 (0.0)	preproc. 1.3(1.3)	Tot. Loss 5.36 (5.29)	Acc@1 12.1 (12.7)	Acc@5 26.2 (25.8)	
Epoch: [6][400/5005]	Time 1.4 (1.4)	Data 0.0 (0.0)	preproc. 1.3(1.3)	Tot. Loss 5.28 (5.30)	Acc@1 12.1 (12.6)	Acc@5 23.4 (25.7)	
Epoch: [6][600/5005]	Time 1.4 (1.4)	Data 0.0 (0.0)	preproc. 1.3(1.3)	Tot. Loss 5.36 (5.30)	Acc@1 11.7 (12.5)	Acc@5 24.2 (25.7)	
Epoch: [6][800/5005]	Time 1.4 (1.4)	Data 0.0 (0.0)	preproc. 1.3(1.3)	Tot. Loss 5.08 (5.31)	Acc@1 15.2 (12.5)	Acc@5 30.5 (25.6)	
Epoch: [6][1000/5005]	Time 1.4 (1.4)	Data 0.0 (0.0)	preproc. 1.3(1.3)	Tot. Loss 5.20 (5.31)	Acc@1 12.9 (12.5)	Acc@5 23.8 (25.6)	
Epoch: [6][1200/5005]	Time 1.4 (1.4)	Data 0.0 (0.0)	preproc. 1.3(1.3)	Tot. Loss 5.03 (5.30)	Acc@1 10.2 (12.5)	Acc@5 25.4 (25.6)	
Epoch: [6][1400/5005]	Time 1.4 (1.4)	Data 0.0 (0.0)	preproc. 1.3(1.3)	Tot. Loss 5.18 (5.31)	Acc@1 14.8 (12.5)	Acc@5 27.0 (25.6)	
Epoch: [6][1600/5005]	Time 1.4 (1.4)	Data 0.0 (0.0)	preproc. 1.3(1.3)	Tot. Loss 5.46 (5.31)	Acc@1 8.6 (12.5)	Acc@5 21.1 (25.6)	
Epoch: [6][1800/5005]	Time 1.4 (1.4)	Data 0.0 (0.0)	preproc. 1.3(1.3)	Tot. Loss 5.22 (5.31)	Acc@1 14.1 (12.5)	Acc@5 28.5 (25.6)	
Epoch: [6][2000/5005]	Time 1.4 (1.4)	Data 0.0 (0.0)	preproc. 1.3(1.3)	Tot. Loss 5.28 (5.31)	Acc@1 12.5 (12.5)	Acc@5 27.7 (25.6)	
Epoch: [6][2200/5005]	Time 1.4 (1.4)	Data 0.0 (0.0)	preproc. 1.3(1.3)	Tot. Loss 5.42 (5.31)	Acc@1 10.5 (12.5)	Acc@5 21.9 (25.6)	
Epoch: [6][2400/5005]	Time 1.4 (1.4)	Data 0.0 (0.0)	preproc. 1.3(1.3)	Tot. Loss 5.29 (5.31)	Acc@1 13.3 (12.5)	Acc@5 24.6 (25.5)	
Epoch: [6][2600/5005]	Time 1.4 (1.4)	Data 0.0 (0.0)	preproc. 1.3(1.3)	Tot. Loss 5.43 (5.31)	Acc@1 9.0 (12.5)	Acc@5 25.0 (25.5)	
Epoch: [6][2800/5005]	Time 1.4 (1.4)	Data 0.0 (0.0)	preproc. 1.3(1.3)	Tot. Loss 5.06 (5.31)	Acc@1 16.4 (12.5)	Acc@5 27.7 (25.5)	
Epoch: [6][3000/5005]	Time 1.4 (1.4)	Data 0.0 (0.0)	preproc. 1.3(1.3)	Tot. Loss 5.00 (5.31)	Acc@1 16.4 (12.5)	Acc@5 30.9 (25.5)	
Epoch: [6][3200/5005]	Time 1.4 (1.4)	Data 0.0 (0.0)	preproc. 1.3(1.3)	Tot. Loss 5.20 (5.31)	Acc@1 13.3 (12.5)	Acc@5 27.0 (25.5)	
Epoch: [6][3400/5005]	Time 1.4 (1.4)	Data 0.0 (0.0)	preproc. 1.3(1.3)	Tot. Loss 5.45 (5.31)	Acc@1 12.1 (12.5)	Acc@5 23.0 (25.5)	
Epoch: [6][3600/5005]	Time 1.4 (1.4)	Data 0.0 (0.0)	preproc. 1.3(1.3)	Tot. Loss 5.29 (5.31)	Acc@1 9.4 (12.5)	Acc@5 24.6 (25.5)	
Epoch: [6][3800/5005]	Time 1.4 (1.4)	Data 0.0 (0.0)	preproc. 1.3(1.3)	Tot. Loss 5.36 (5.31)	Acc@1 13.3 (12.5)	Acc@5 23.0 (25.5)	
Epoch: [6][4000/5005]	Time 1.4 (1.4)	Data 0.0 (0.0)	preproc. 1.3(1.3)	Tot. Loss 5.32 (5.31)	Acc@1 13.7 (12.5)	Acc@5 24.6 (25.5)	
Epoch: [6][4200/5005]	Time 1.4 (1.4)	Data 0.0 (0.0)	preproc. 1.3(1.3)	Tot. Loss 5.22 (5.31)	Acc@1 14.1 (12.5)	Acc@5 27.7 (25.5)	
Epoch: [6][4400/5005]	Time 1.4 (1.4)	Data 0.0 (0.0)	preproc. 1.3(1.3)	Tot. Loss 5.48 (5.31)	Acc@1 8.6 (12.5)	Acc@5 23.0 (25.6)	
Epoch: [6][4600/5005]	Time 1.4 (1.4)	Data 0.0 (0.0)	preproc. 1.3(1.3)	Tot. Loss 5.38 (5.31)	Acc@1 10.2 (12.5)	Acc@5 22.3 (25.6)	
Epoch: [6][4800/5005]	Time 1.4 (1.4)	Data 0.0 (0.0)	preproc. 1.3(1.3)	Tot. Loss 5.43 (5.31)	Acc@1 9.8 (12.5)	Acc@5 23.8 (25.6)	
Epoch: [6][5000/5005]	Time 1.4 (1.4)	Data 0.0 (0.0)	preproc. 1.3(1.3)	Tot. Loss 5.20 (5.31)	Acc@1 12.1 (12.5)	Acc@5 25.4 (25.6)	
Validation Epoch: [6][0/196]	Time 13.9 (13.9)	Data 0.0 (0.0)	preproc. 0.0(0.0)	Tot. Loss 3.82 (3.82)	Acc@1 29.3 (29.3)	Acc@5 63.3 (63.3)	
Validation Epoch 6, * Acc@1 17.05 Acc@5 32.92
Epoch: [7][0/5005]	Time 4.8 (4.8)	Data 3.4 (3.4)	preproc. 1.3(1.3)	Tot. Loss 5.12 (5.12)	Acc@1 15.2 (15.2)	Acc@5 30.5 (30.5)	
Epoch: [7][200/5005]	Time 1.4 (1.4)	Data 0.0 (0.0)	preproc. 1.3(1.3)	Tot. Loss 5.35 (5.28)	Acc@1 9.8 (12.8)	Acc@5 22.7 (25.9)	
Epoch: [7][400/5005]	Time 1.4 (1.4)	Data 0.0 (0.0)	preproc. 1.3(1.3)	Tot. Loss 5.44 (5.28)	Acc@1 12.5 (12.7)	Acc@5 22.7 (25.9)	
Epoch: [7][600/5005]	Time 1.4 (1.4)	Data 0.0 (0.0)	preproc. 1.3(1.3)	Tot. Loss 5.46 (5.29)	Acc@1 12.5 (12.6)	Acc@5 23.4 (25.8)	
Epoch: [7][800/5005]	Time 1.4 (1.4)	Data 0.0 (0.0)	preproc. 1.3(1.3)	Tot. Loss 5.07 (5.29)	Acc@1 13.7 (12.6)	Acc@5 28.5 (25.8)	
=> Scattering transform order 2, J 4
=> creating model 'scatteringlinear' oversampling 0 fft True
=> learning rate 0.01, lr thetas 0.0, 70 epochs, decay frequency 20
=> Scattering transform order 2, J 4
=> creating model 'scatteringlinear' oversampling 0 fft True
=> learning rate 0.01, lr thetas 0.0, 70 epochs, decay frequency 20
Epoch: [0][0/5005]	Time 7.1 (7.1)	Data 3.8 (3.8)	preproc. 1.9(1.9)	Tot. Loss 6.97 (6.97)	Acc@1 0.0 (0.0)	Acc@5 0.0 (0.0)	
Epoch: [0][200/5005]	Time 1.5 (1.5)	Data 0.0 (0.0)	preproc. 1.3(1.3)	Tot. Loss 14.85 (15.85)	Acc@1 1.2 (1.1)	Acc@5 5.9 (3.6)	
Epoch: [0][400/5005]	Time 1.5 (1.5)	Data 0.0 (0.0)	preproc. 1.3(1.3)	Tot. Loss 13.05 (14.94)	Acc@1 2.0 (1.5)	Acc@5 5.5 (4.6)	
Epoch: [0][600/5005]	Time 1.5 (1.5)	Data 0.0 (0.0)	preproc. 1.3(1.3)	Tot. Loss 11.11 (13.89)	Acc@1 4.3 (1.8)	Acc@5 8.6 (5.3)	
Epoch: [0][800/5005]	Time 1.5 (1.5)	Data 0.0 (0.0)	preproc. 1.3(1.3)	Tot. Loss 9.40 (12.98)	Acc@1 4.7 (2.2)	Acc@5 10.2 (6.0)	
Epoch: [0][1000/5005]	Time 1.5 (1.5)	Data 0.0 (0.0)	preproc. 1.3(1.3)	Tot. Loss 9.08 (12.20)	Acc@1 4.7 (2.4)	Acc@5 8.2 (6.7)	
Epoch: [0][1200/5005]	Time 1.5 (1.5)	Data 0.0 (0.0)	preproc. 1.3(1.3)	Tot. Loss 7.49 (11.54)	Acc@1 5.5 (2.7)	Acc@5 12.1 (7.3)	
Epoch: [0][1400/5005]	Time 1.5 (1.5)	Data 0.0 (0.0)	preproc. 1.3(1.3)	Tot. Loss 7.47 (10.98)	Acc@1 5.1 (3.0)	Acc@5 14.1 (7.9)	
Epoch: [0][1600/5005]	Time 1.5 (1.5)	Data 0.0 (0.0)	preproc. 1.3(1.3)	Tot. Loss 6.89 (10.50)	Acc@1 5.5 (3.2)	Acc@5 13.7 (8.5)	
Epoch: [0][1800/5005]	Time 1.5 (1.5)	Data 0.0 (0.0)	preproc. 1.3(1.3)	Tot. Loss 6.62 (10.10)	Acc@1 8.2 (3.5)	Acc@5 16.4 (9.0)	
Epoch: [0][2000/5005]	Time 1.5 (1.5)	Data 0.0 (0.0)	preproc. 1.3(1.3)	Tot. Loss 6.61 (9.75)	Acc@1 4.3 (3.7)	Acc@5 10.9 (9.6)	
Epoch: [0][2200/5005]	Time 1.5 (1.5)	Data 0.0 (0.0)	preproc. 1.3(1.3)	Tot. Loss 6.43 (9.44)	Acc@1 8.2 (4.0)	Acc@5 15.2 (10.1)	
Epoch: [0][2400/5005]	Time 1.5 (1.5)	Data 0.0 (0.0)	preproc. 1.3(1.3)	Tot. Loss 6.12 (9.17)	Acc@1 6.6 (4.2)	Acc@5 15.6 (10.6)	
Epoch: [0][2600/5005]	Time 1.5 (1.5)	Data 0.0 (0.0)	preproc. 1.3(1.3)	Tot. Loss 6.02 (8.94)	Acc@1 6.2 (4.4)	Acc@5 15.2 (11.0)	
Epoch: [0][2800/5005]	Time 1.5 (1.5)	Data 0.0 (0.0)	preproc. 1.3(1.3)	Tot. Loss 5.97 (8.73)	Acc@1 5.9 (4.7)	Acc@5 15.6 (11.5)	
Epoch: [0][3000/5005]	Time 1.5 (1.5)	Data 0.0 (0.0)	preproc. 1.3(1.3)	Tot. Loss 6.06 (8.54)	Acc@1 6.6 (4.9)	Acc@5 17.2 (11.9)	
Epoch: [0][3200/5005]	Time 1.5 (1.5)	Data 0.0 (0.0)	preproc. 1.3(1.3)	Tot. Loss 5.77 (8.37)	Acc@1 7.8 (5.1)	Acc@5 21.1 (12.3)	
Epoch: [0][3400/5005]	Time 1.5 (1.5)	Data 0.0 (0.0)	preproc. 1.3(1.3)	Tot. Loss 5.84 (8.22)	Acc@1 9.8 (5.3)	Acc@5 20.3 (12.7)	
Epoch: [0][3600/5005]	Time 1.5 (1.5)	Data 0.0 (0.0)	preproc. 1.3(1.3)	Tot. Loss 5.63 (8.08)	Acc@1 9.8 (5.4)	Acc@5 21.1 (13.1)	
Epoch: [0][3800/5005]	Time 1.5 (1.5)	Data 0.0 (0.0)	preproc. 1.3(1.3)	Tot. Loss 5.85 (7.95)	Acc@1 7.0 (5.6)	Acc@5 15.2 (13.4)	
Epoch: [0][4000/5005]	Time 1.5 (1.5)	Data 0.0 (0.0)	preproc. 1.3(1.3)	Tot. Loss 5.66 (7.84)	Acc@1 7.8 (5.8)	Acc@5 19.5 (13.8)	
Epoch: [0][4200/5005]	Time 1.5 (1.5)	Data 0.0 (0.0)	preproc. 1.3(1.3)	Tot. Loss 5.72 (7.73)	Acc@1 10.2 (5.9)	Acc@5 19.1 (14.1)	
Epoch: [0][4400/5005]	Time 1.5 (1.5)	Data 0.0 (0.0)	preproc. 1.3(1.3)	Tot. Loss 5.82 (7.63)	Acc@1 7.8 (6.1)	Acc@5 15.6 (14.4)	
Epoch: [0][4600/5005]	Time 1.5 (1.5)	Data 0.0 (0.0)	preproc. 1.3(1.3)	Tot. Loss 5.10 (7.54)	Acc@1 14.1 (6.3)	Acc@5 30.9 (14.7)	
Epoch: [0][4800/5005]	Time 1.5 (1.5)	Data 0.0 (0.0)	preproc. 1.3(1.3)	Tot. Loss 5.39 (7.46)	Acc@1 10.2 (6.4)	Acc@5 20.3 (15.0)	
Epoch: [0][5000/5005]	Time 1.5 (1.5)	Data 0.0 (0.0)	preproc. 1.3(1.3)	Tot. Loss 5.75 (7.38)	Acc@1 10.5 (6.5)	Acc@5 18.8 (15.2)	
Validation Epoch: [0][0/196]	Time 23.2 (23.2)	Data 0.0 (0.0)	preproc. 0.0(0.0)	Tot. Loss 3.94 (3.94)	Acc@1 27.7 (27.7)	Acc@5 51.2 (51.2)	
Validation Epoch 0, * Acc@1 13.63 Acc@5 28.47
Epoch: [1][0/5005]	Time 4.6 (4.6)	Data 3.1 (3.1)	preproc. 1.3(1.3)	Tot. Loss 5.70 (5.70)	Acc@1 12.1 (12.1)	Acc@5 22.7 (22.7)	
Epoch: [1][200/5005]	Time 1.5 (1.5)	Data 0.0 (0.0)	preproc. 1.3(1.3)	Tot. Loss 5.36 (5.43)	Acc@1 10.5 (10.7)	Acc@5 25.0 (22.8)	
Epoch: [1][400/5005]	Time 1.5 (1.5)	Data 0.0 (0.0)	preproc. 1.3(1.3)	Tot. Loss 5.45 (5.43)	Acc@1 8.2 (10.6)	Acc@5 20.3 (22.8)	
Epoch: [1][600/5005]	Time 1.5 (1.5)	Data 0.0 (0.0)	preproc. 1.3(1.3)	Tot. Loss 5.25 (5.43)	Acc@1 12.5 (10.6)	Acc@5 23.4 (22.9)	
Epoch: [1][800/5005]	Time 1.5 (1.5)	Data 0.0 (0.0)	preproc. 1.3(1.3)	Tot. Loss 5.45 (5.43)	Acc@1 10.2 (10.6)	Acc@5 23.4 (22.9)	
Epoch: [1][1000/5005]	Time 1.5 (1.5)	Data 0.0 (0.0)	preproc. 1.3(1.3)	Tot. Loss 5.35 (5.42)	Acc@1 14.5 (10.6)	Acc@5 26.6 (22.9)	
Epoch: [1][1200/5005]	Time 1.5 (1.5)	Data 0.0 (0.0)	preproc. 1.3(1.3)	Tot. Loss 5.33 (5.42)	Acc@1 11.7 (10.6)	Acc@5 23.4 (23.0)	
Epoch: [1][1400/5005]	Time 1.5 (1.5)	Data 0.0 (0.0)	preproc. 1.3(1.3)	Tot. Loss 5.37 (5.41)	Acc@1 11.7 (10.7)	Acc@5 23.4 (23.1)	
Epoch: [1][1600/5005]	Time 1.5 (1.5)	Data 0.0 (0.0)	preproc. 1.3(1.3)	Tot. Loss 5.31 (5.41)	Acc@1 12.1 (10.8)	Acc@5 23.8 (23.1)	
Epoch: [1][1800/5005]	Time 1.5 (1.5)	Data 0.0 (0.0)	preproc. 1.3(1.3)	Tot. Loss 5.40 (5.41)	Acc@1 13.7 (10.8)	Acc@5 25.8 (23.2)	
Epoch: [1][2000/5005]	Time 1.5 (1.5)	Data 0.0 (0.0)	preproc. 1.3(1.3)	Tot. Loss 5.53 (5.40)	Acc@1 6.6 (10.8)	Acc@5 22.7 (23.3)	
Epoch: [1][2200/5005]	Time 1.5 (1.5)	Data 0.0 (0.0)	preproc. 1.3(1.3)	Tot. Loss 5.42 (5.40)	Acc@1 10.9 (10.9)	Acc@5 25.0 (23.3)	
Epoch: [1][2400/5005]	Time 1.5 (1.5)	Data 0.0 (0.0)	preproc. 1.3(1.3)	Tot. Loss 5.52 (5.39)	Acc@1 7.8 (10.9)	Acc@5 23.4 (23.4)	
Epoch: [1][2600/5005]	Time 1.5 (1.5)	Data 0.0 (0.0)	preproc. 1.3(1.3)	Tot. Loss 5.25 (5.39)	Acc@1 14.1 (10.9)	Acc@5 24.2 (23.5)	
Epoch: [1][2800/5005]	Time 1.5 (1.5)	Data 0.0 (0.0)	preproc. 1.3(1.3)	Tot. Loss 5.19 (5.38)	Acc@1 10.2 (11.0)	Acc@5 27.0 (23.5)	
Epoch: [1][3000/5005]	Time 1.5 (1.5)	Data 0.0 (0.0)	preproc. 1.3(1.3)	Tot. Loss 5.46 (5.38)	Acc@1 10.5 (11.0)	Acc@5 23.0 (23.6)	
Epoch: [1][3200/5005]	Time 1.5 (1.5)	Data 0.0 (0.0)	preproc. 1.3(1.3)	Tot. Loss 5.49 (5.38)	Acc@1 7.0 (11.1)	Acc@5 23.4 (23.6)	
Epoch: [1][3400/5005]	Time 1.5 (1.5)	Data 0.0 (0.0)	preproc. 1.3(1.3)	Tot. Loss 5.28 (5.37)	Acc@1 9.8 (11.1)	Acc@5 25.0 (23.7)	
Epoch: [1][3600/5005]	Time 1.5 (1.5)	Data 0.0 (0.0)	preproc. 1.3(1.3)	Tot. Loss 5.26 (5.37)	Acc@1 12.9 (11.1)	Acc@5 22.3 (23.7)	
Epoch: [1][3800/5005]	Time 1.5 (1.5)	Data 0.0 (0.0)	preproc. 1.3(1.3)	Tot. Loss 5.08 (5.37)	Acc@1 11.7 (11.2)	Acc@5 27.7 (23.8)	
Epoch: [1][4000/5005]	Time 1.5 (1.5)	Data 0.0 (0.0)	preproc. 1.3(1.3)	Tot. Loss 5.26 (5.36)	Acc@1 13.3 (11.2)	Acc@5 27.7 (23.8)	
Epoch: [1][4200/5005]	Time 1.5 (1.5)	Data 0.0 (0.0)	preproc. 1.3(1.3)	Tot. Loss 5.15 (5.36)	Acc@1 14.1 (11.2)	Acc@5 29.3 (23.9)	
Epoch: [1][4400/5005]	Time 1.5 (1.5)	Data 0.0 (0.0)	preproc. 1.3(1.3)	Tot. Loss 4.97 (5.36)	Acc@1 15.6 (11.2)	Acc@5 30.9 (23.9)	
Epoch: [1][4600/5005]	Time 1.5 (1.5)	Data 0.0 (0.0)	preproc. 1.3(1.3)	Tot. Loss 5.40 (5.35)	Acc@1 10.5 (11.3)	Acc@5 23.4 (24.0)	
Epoch: [1][4800/5005]	Time 1.5 (1.5)	Data 0.0 (0.0)	preproc. 1.3(1.3)	Tot. Loss 5.25 (5.35)	Acc@1 10.9 (11.3)	Acc@5 26.2 (24.1)	
Epoch: [1][5000/5005]	Time 1.5 (1.5)	Data 0.0 (0.0)	preproc. 1.3(1.3)	Tot. Loss 5.50 (5.35)	Acc@1 7.4 (11.3)	Acc@5 19.9 (24.1)	
Validation Epoch: [1][0/196]	Time 26.2 (26.2)	Data 0.0 (0.0)	preproc. 0.0(0.0)	Tot. Loss 3.86 (3.86)	Acc@1 29.3 (29.3)	Acc@5 56.6 (56.6)	
Validation Epoch 1, * Acc@1 16.45 Acc@5 32.30
Epoch: [2][0/5005]	Time 5.1 (5.1)	Data 3.6 (3.6)	preproc. 1.3(1.3)	Tot. Loss 5.21 (5.21)	Acc@1 14.1 (14.1)	Acc@5 24.6 (24.6)	
Epoch: [2][200/5005]	Time 1.5 (1.5)	Data 0.0 (0.0)	preproc. 1.3(1.3)	Tot. Loss 5.21 (5.25)	Acc@1 14.1 (12.2)	Acc@5 26.2 (25.8)	
Epoch: [2][400/5005]	Time 1.5 (1.5)	Data 0.0 (0.0)	preproc. 1.3(1.3)	Tot. Loss 5.28 (5.24)	Acc@1 11.7 (12.4)	Acc@5 25.8 (25.8)	
Epoch: [2][600/5005]	Time 1.5 (1.5)	Data 0.0 (0.0)	preproc. 1.3(1.3)	Tot. Loss 5.27 (5.24)	Acc@1 12.5 (12.4)	Acc@5 25.0 (25.8)	
Epoch: [2][800/5005]	Time 1.5 (1.5)	Data 0.0 (0.0)	preproc. 1.3(1.3)	Tot. Loss 5.24 (5.24)	Acc@1 12.9 (12.5)	Acc@5 26.6 (25.9)	
Epoch: [2][1000/5005]	Time 1.5 (1.5)	Data 0.0 (0.0)	preproc. 1.3(1.3)	Tot. Loss 5.59 (5.24)	Acc@1 10.5 (12.4)	Acc@5 21.5 (25.9)	
Epoch: [2][1200/5005]	Time 1.5 (1.5)	Data 0.0 (0.0)	preproc. 1.3(1.3)	Tot. Loss 5.66 (5.24)	Acc@1 10.2 (12.4)	Acc@5 20.3 (25.9)	
Epoch: [2][1400/5005]	Time 1.5 (1.5)	Data 0.0 (0.0)	preproc. 1.3(1.3)	Tot. Loss 5.21 (5.24)	Acc@1 11.7 (12.5)	Acc@5 27.3 (25.9)	
Epoch: [2][1600/5005]	Time 1.5 (1.5)	Data 0.0 (0.0)	preproc. 1.3(1.3)	Tot. Loss 5.10 (5.24)	Acc@1 12.5 (12.5)	Acc@5 27.3 (25.9)	
Epoch: [2][1800/5005]	Time 1.5 (1.5)	Data 0.0 (0.0)	preproc. 1.3(1.3)	Tot. Loss 4.95 (5.23)	Acc@1 17.6 (12.5)	Acc@5 34.0 (26.0)	
Epoch: [2][2000/5005]	Time 1.5 (1.5)	Data 0.0 (0.0)	preproc. 1.3(1.3)	Tot. Loss 5.00 (5.23)	Acc@1 11.7 (12.5)	Acc@5 29.3 (26.0)	
Epoch: [2][2200/5005]	Time 1.5 (1.5)	Data 0.0 (0.0)	preproc. 1.3(1.3)	Tot. Loss 5.17 (5.23)	Acc@1 13.7 (12.6)	Acc@5 26.2 (26.0)	
Epoch: [2][2400/5005]	Time 1.5 (1.5)	Data 0.0 (0.0)	preproc. 1.3(1.3)	Tot. Loss 5.27 (5.23)	Acc@1 14.8 (12.6)	Acc@5 27.3 (26.0)	
Epoch: [2][2600/5005]	Time 1.5 (1.5)	Data 0.0 (0.0)	preproc. 1.3(1.3)	Tot. Loss 5.26 (5.23)	Acc@1 12.9 (12.6)	Acc@5 25.8 (26.0)	
Epoch: [2][2800/5005]	Time 1.5 (1.5)	Data 0.0 (0.0)	preproc. 1.3(1.3)	Tot. Loss 5.35 (5.23)	Acc@1 9.0 (12.6)	Acc@5 25.0 (26.1)	
Epoch: [2][3000/5005]	Time 1.5 (1.5)	Data 0.0 (0.0)	preproc. 1.3(1.3)	Tot. Loss 5.32 (5.23)	Acc@1 8.6 (12.6)	Acc@5 22.7 (26.1)	
Epoch: [2][3200/5005]	Time 1.5 (1.5)	Data 0.0 (0.0)	preproc. 1.3(1.3)	Tot. Loss 5.25 (5.23)	Acc@1 9.8 (12.6)	Acc@5 25.8 (26.1)	
Epoch: [2][3400/5005]	Time 1.5 (1.5)	Data 0.0 (0.0)	preproc. 1.3(1.3)	Tot. Loss 5.34 (5.23)	Acc@1 12.9 (12.6)	Acc@5 22.3 (26.1)	
Epoch: [2][3600/5005]	Time 1.5 (1.5)	Data 0.0 (0.0)	preproc. 1.3(1.3)	Tot. Loss 5.18 (5.23)	Acc@1 14.1 (12.6)	Acc@5 27.0 (26.1)	
Epoch: [2][3800/5005]	Time 1.5 (1.5)	Data 0.0 (0.0)	preproc. 1.3(1.3)	Tot. Loss 5.37 (5.23)	Acc@1 14.5 (12.6)	Acc@5 25.4 (26.1)	
Epoch: [2][4000/5005]	Time 1.5 (1.5)	Data 0.0 (0.0)	preproc. 1.3(1.3)	Tot. Loss 5.02 (5.22)	Acc@1 15.2 (12.6)	Acc@5 28.1 (26.2)	
Epoch: [2][4200/5005]	Time 1.5 (1.5)	Data 0.0 (0.0)	preproc. 1.3(1.3)	Tot. Loss 5.07 (5.22)	Acc@1 14.8 (12.7)	Acc@5 26.6 (26.2)	
Epoch: [2][4400/5005]	Time 1.5 (1.5)	Data 0.0 (0.0)	preproc. 1.3(1.3)	Tot. Loss 5.10 (5.22)	Acc@1 13.7 (12.7)	Acc@5 29.7 (26.2)	
Epoch: [2][4600/5005]	Time 1.5 (1.5)	Data 0.0 (0.0)	preproc. 1.3(1.3)	Tot. Loss 5.25 (5.22)	Acc@1 14.5 (12.7)	Acc@5 25.0 (26.2)	
Epoch: [2][4800/5005]	Time 1.5 (1.5)	Data 0.0 (0.0)	preproc. 1.3(1.3)	Tot. Loss 5.47 (5.22)	Acc@1 11.7 (12.7)	Acc@5 21.5 (26.2)	
Epoch: [2][5000/5005]	Time 1.5 (1.5)	Data 0.0 (0.0)	preproc. 1.3(1.3)	Tot. Loss 5.34 (5.22)	Acc@1 10.5 (12.7)	Acc@5 20.7 (26.2)	
Validation Epoch: [2][0/196]	Time 24.6 (24.6)	Data 0.0 (0.0)	preproc. 0.0(0.0)	Tot. Loss 3.77 (3.77)	Acc@1 28.9 (28.9)	Acc@5 59.0 (59.0)	
Validation Epoch 2, * Acc@1 17.44 Acc@5 33.85
Epoch: [3][0/5005]	Time 5.6 (5.6)	Data 4.2 (4.2)	preproc. 1.3(1.3)	Tot. Loss 5.16 (5.16)	Acc@1 12.5 (12.5)	Acc@5 27.0 (27.0)	
Epoch: [3][200/5005]	Time 1.5 (1.5)	Data 0.0 (0.0)	preproc. 1.3(1.3)	Tot. Loss 5.02 (5.15)	Acc@1 15.6 (13.3)	Acc@5 31.2 (27.3)	
Epoch: [3][400/5005]	Time 1.5 (1.5)	Data 0.0 (0.0)	preproc. 1.3(1.3)	Tot. Loss 5.09 (5.16)	Acc@1 12.5 (13.4)	Acc@5 27.0 (27.3)	
Epoch: [3][600/5005]	Time 1.5 (1.5)	Data 0.0 (0.0)	preproc. 1.3(1.3)	Tot. Loss 5.33 (5.16)	Acc@1 10.5 (13.4)	Acc@5 20.7 (27.2)	
Epoch: [3][800/5005]	Time 1.5 (1.5)	Data 0.0 (0.0)	preproc. 1.3(1.3)	Tot. Loss 4.95 (5.16)	Acc@1 16.8 (13.4)	Acc@5 29.3 (27.2)	
Epoch: [3][1000/5005]	Time 1.5 (1.5)	Data 0.0 (0.0)	preproc. 1.3(1.3)	Tot. Loss 5.00 (5.16)	Acc@1 12.9 (13.4)	Acc@5 30.1 (27.2)	
Epoch: [3][1200/5005]	Time 1.5 (1.5)	Data 0.0 (0.0)	preproc. 1.3(1.3)	Tot. Loss 5.10 (5.16)	Acc@1 13.3 (13.4)	Acc@5 27.0 (27.2)	
Epoch: [3][1400/5005]	Time 1.5 (1.5)	Data 0.0 (0.0)	preproc. 1.3(1.3)	Tot. Loss 5.12 (5.16)	Acc@1 14.8 (13.4)	Acc@5 25.8 (27.2)	
Epoch: [3][1600/5005]	Time 1.5 (1.5)	Data 0.0 (0.0)	preproc. 1.3(1.3)	Tot. Loss 4.90 (5.16)	Acc@1 16.4 (13.3)	Acc@5 29.3 (27.2)	
Epoch: [3][1800/5005]	Time 1.5 (1.5)	Data 0.0 (0.0)	preproc. 1.3(1.3)	Tot. Loss 5.22 (5.16)	Acc@1 10.5 (13.3)	Acc@5 26.6 (27.2)	
Epoch: [3][2000/5005]	Time 1.5 (1.5)	Data 0.0 (0.0)	preproc. 1.3(1.3)	Tot. Loss 5.10 (5.16)	Acc@1 12.5 (13.3)	Acc@5 30.1 (27.2)	
Epoch: [3][2200/5005]	Time 1.5 (1.5)	Data 0.0 (0.0)	preproc. 1.3(1.3)	Tot. Loss 5.48 (5.16)	Acc@1 13.3 (13.3)	Acc@5 25.4 (27.2)	
Epoch: [3][2400/5005]	Time 1.5 (1.5)	Data 0.0 (0.0)	preproc. 1.3(1.3)	Tot. Loss 4.98 (5.16)	Acc@1 11.3 (13.3)	Acc@5 30.5 (27.2)	
Epoch: [3][2600/5005]	Time 1.5 (1.5)	Data 0.0 (0.0)	preproc. 1.3(1.3)	Tot. Loss 5.05 (5.16)	Acc@1 19.1 (13.3)	Acc@5 32.0 (27.2)	
Epoch: [3][2800/5005]	Time 1.5 (1.5)	Data 0.0 (0.0)	preproc. 1.3(1.3)	Tot. Loss 5.20 (5.16)	Acc@1 14.1 (13.3)	Acc@5 28.1 (27.2)	
Epoch: [3][3000/5005]	Time 1.5 (1.5)	Data 0.0 (0.0)	preproc. 1.3(1.3)	Tot. Loss 5.34 (5.16)	Acc@1 10.5 (13.3)	Acc@5 25.0 (27.2)	
Epoch: [3][3200/5005]	Time 1.5 (1.5)	Data 0.0 (0.0)	preproc. 1.3(1.3)	Tot. Loss 5.16 (5.16)	Acc@1 14.5 (13.3)	Acc@5 25.4 (27.2)	
Epoch: [3][3400/5005]	Time 1.5 (1.5)	Data 0.0 (0.0)	preproc. 1.3(1.3)	Tot. Loss 5.44 (5.16)	Acc@1 9.4 (13.3)	Acc@5 23.0 (27.2)	
Epoch: [3][3600/5005]	Time 1.5 (1.5)	Data 0.0 (0.0)	preproc. 1.3(1.3)	Tot. Loss 5.04 (5.16)	Acc@1 14.5 (13.4)	Acc@5 28.1 (27.2)	
Epoch: [3][3800/5005]	Time 1.5 (1.5)	Data 0.0 (0.0)	preproc. 1.3(1.3)	Tot. Loss 5.10 (5.16)	Acc@1 16.4 (13.4)	Acc@5 31.2 (27.2)	
Epoch: [3][4000/5005]	Time 1.5 (1.5)	Data 0.0 (0.0)	preproc. 1.3(1.3)	Tot. Loss 5.16 (5.16)	Acc@1 17.2 (13.4)	Acc@5 29.7 (27.2)	
Epoch: [3][4200/5005]	Time 1.5 (1.5)	Data 0.0 (0.0)	preproc. 1.3(1.3)	Tot. Loss 5.08 (5.16)	Acc@1 11.7 (13.4)	Acc@5 27.3 (27.2)	
Epoch: [3][4400/5005]	Time 1.5 (1.5)	Data 0.0 (0.0)	preproc. 1.3(1.3)	Tot. Loss 5.11 (5.16)	Acc@1 13.3 (13.4)	Acc@5 30.5 (27.3)	
Epoch: [3][4600/5005]	Time 1.5 (1.5)	Data 0.0 (0.0)	preproc. 1.3(1.3)	Tot. Loss 5.11 (5.16)	Acc@1 13.7 (13.4)	Acc@5 25.4 (27.3)	
Epoch: [3][4800/5005]	Time 1.5 (1.5)	Data 0.0 (0.0)	preproc. 1.3(1.3)	Tot. Loss 5.09 (5.16)	Acc@1 12.5 (13.4)	Acc@5 25.0 (27.3)	
Epoch: [3][5000/5005]	Time 1.5 (1.5)	Data 0.0 (0.0)	preproc. 1.3(1.3)	Tot. Loss 5.00 (5.16)	Acc@1 17.2 (13.4)	Acc@5 30.5 (27.3)	
Validation Epoch: [3][0/196]	Time 21.9 (21.9)	Data 0.0 (0.0)	preproc. 0.0(0.0)	Tot. Loss 3.79 (3.79)	Acc@1 23.8 (23.8)	Acc@5 59.8 (59.8)	
Validation Epoch 3, * Acc@1 18.08 Acc@5 34.87
Epoch: [4][0/5005]	Time 5.5 (5.5)	Data 4.0 (4.0)	preproc. 1.3(1.3)	Tot. Loss 5.11 (5.11)	Acc@1 13.7 (13.7)	Acc@5 27.7 (27.7)	
Epoch: [4][200/5005]	Time 1.5 (1.5)	Data 0.0 (0.0)	preproc. 1.3(1.3)	Tot. Loss 5.26 (5.13)	Acc@1 13.7 (13.9)	Acc@5 28.9 (27.9)	
Epoch: [4][400/5005]	Time 1.5 (1.5)	Data 0.0 (0.0)	preproc. 1.3(1.3)	Tot. Loss 5.19 (5.12)	Acc@1 12.9 (13.9)	Acc@5 25.0 (28.0)	
Epoch: [4][600/5005]	Time 1.5 (1.5)	Data 0.0 (0.0)	preproc. 1.3(1.3)	Tot. Loss 5.27 (5.12)	Acc@1 10.2 (13.8)	Acc@5 25.8 (27.9)	
Epoch: [4][800/5005]	Time 1.5 (1.5)	Data 0.0 (0.0)	preproc. 1.3(1.3)	Tot. Loss 5.14 (5.12)	Acc@1 12.5 (13.9)	Acc@5 27.0 (28.0)	
Epoch: [4][1000/5005]	Time 1.5 (1.5)	Data 0.0 (0.0)	preproc. 1.3(1.3)	Tot. Loss 5.13 (5.12)	Acc@1 15.6 (13.9)	Acc@5 27.7 (28.0)	
Epoch: [4][1200/5005]	Time 1.5 (1.5)	Data 0.0 (0.0)	preproc. 1.3(1.3)	Tot. Loss 5.17 (5.12)	Acc@1 14.1 (13.8)	Acc@5 26.2 (28.0)	
Epoch: [4][1400/5005]	Time 1.5 (1.5)	Data 0.0 (0.0)	preproc. 1.3(1.3)	Tot. Loss 5.06 (5.12)	Acc@1 12.9 (13.8)	Acc@5 31.2 (28.0)	
Epoch: [4][1600/5005]	Time 1.5 (1.5)	Data 0.0 (0.0)	preproc. 1.3(1.3)	Tot. Loss 5.10 (5.12)	Acc@1 14.8 (13.8)	Acc@5 29.7 (28.0)	
Epoch: [4][1800/5005]	Time 1.5 (1.5)	Data 0.0 (0.0)	preproc. 1.3(1.3)	Tot. Loss 5.24 (5.12)	Acc@1 16.0 (13.8)	Acc@5 27.3 (28.0)	
Epoch: [4][2000/5005]	Time 1.5 (1.5)	Data 0.0 (0.0)	preproc. 1.3(1.3)	Tot. Loss 5.16 (5.12)	Acc@1 12.5 (13.8)	Acc@5 26.6 (28.0)	
Epoch: [4][2200/5005]	Time 1.5 (1.5)	Data 0.0 (0.0)	preproc. 1.3(1.3)	Tot. Loss 5.40 (5.12)	Acc@1 12.5 (13.8)	Acc@5 27.0 (28.0)	
Epoch: [4][2400/5005]	Time 1.5 (1.5)	Data 0.0 (0.0)	preproc. 1.3(1.3)	Tot. Loss 5.03 (5.12)	Acc@1 15.6 (13.8)	Acc@5 30.9 (28.0)	
Epoch: [4][2600/5005]	Time 1.5 (1.5)	Data 0.0 (0.0)	preproc. 1.3(1.3)	Tot. Loss 5.21 (5.12)	Acc@1 12.1 (13.8)	Acc@5 27.3 (28.0)	
Epoch: [4][2800/5005]	Time 1.5 (1.5)	Data 0.0 (0.0)	preproc. 1.3(1.3)	Tot. Loss 5.16 (5.12)	Acc@1 13.7 (13.8)	Acc@5 24.2 (28.0)	
Epoch: [4][3000/5005]	Time 1.5 (1.5)	Data 0.0 (0.0)	preproc. 1.3(1.3)	Tot. Loss 4.86 (5.12)	Acc@1 15.6 (13.8)	Acc@5 29.7 (28.0)	
Epoch: [4][3200/5005]	Time 1.5 (1.5)	Data 0.0 (0.0)	preproc. 1.3(1.3)	Tot. Loss 4.79 (5.12)	Acc@1 17.2 (13.8)	Acc@5 30.5 (28.0)	
Epoch: [4][3400/5005]	Time 1.5 (1.5)	Data 0.0 (0.0)	preproc. 1.3(1.3)	Tot. Loss 4.99 (5.12)	Acc@1 14.5 (13.8)	Acc@5 30.9 (28.0)	
Epoch: [4][3600/5005]	Time 1.5 (1.5)	Data 0.0 (0.0)	preproc. 1.3(1.3)	Tot. Loss 4.90 (5.12)	Acc@1 18.8 (13.8)	Acc@5 32.4 (28.0)	
Epoch: [4][3800/5005]	Time 1.5 (1.5)	Data 0.0 (0.0)	preproc. 1.3(1.3)	Tot. Loss 4.99 (5.12)	Acc@1 14.1 (13.8)	Acc@5 28.5 (28.0)	
Epoch: [4][4000/5005]	Time 1.5 (1.5)	Data 0.0 (0.0)	preproc. 1.3(1.3)	Tot. Loss 5.37 (5.12)	Acc@1 14.5 (13.8)	Acc@5 25.4 (28.0)	
Epoch: [4][4200/5005]	Time 1.5 (1.5)	Data 0.0 (0.0)	preproc. 1.3(1.3)	Tot. Loss 5.07 (5.12)	Acc@1 14.8 (13.8)	Acc@5 28.9 (28.0)	
Epoch: [4][4400/5005]	Time 1.5 (1.5)	Data 0.0 (0.0)	preproc. 1.3(1.3)	Tot. Loss 5.01 (5.12)	Acc@1 12.1 (13.8)	Acc@5 30.5 (28.0)	
Epoch: [4][4600/5005]	Time 1.5 (1.5)	Data 0.0 (0.0)	preproc. 1.3(1.3)	Tot. Loss 4.91 (5.12)	Acc@1 14.5 (13.9)	Acc@5 31.6 (28.0)	
Epoch: [4][4800/5005]	Time 1.5 (1.5)	Data 0.0 (0.0)	preproc. 1.3(1.3)	Tot. Loss 5.01 (5.12)	Acc@1 12.9 (13.9)	Acc@5 28.9 (28.0)	
Epoch: [4][5000/5005]	Time 1.5 (1.5)	Data 0.0 (0.0)	preproc. 1.3(1.3)	Tot. Loss 5.19 (5.12)	Acc@1 15.6 (13.9)	Acc@5 30.5 (28.1)	
Validation Epoch: [4][0/196]	Time 29.3 (29.3)	Data 0.0 (0.0)	preproc. 0.0(0.0)	Tot. Loss 3.76 (3.76)	Acc@1 29.3 (29.3)	Acc@5 55.9 (55.9)	
Validation Epoch 4, * Acc@1 18.48 Acc@5 35.20
Epoch: [5][0/5005]	Time 5.0 (5.0)	Data 3.5 (3.5)	preproc. 1.3(1.3)	Tot. Loss 4.80 (4.80)	Acc@1 20.3 (20.3)	Acc@5 37.1 (37.1)	
Epoch: [5][200/5005]	Time 1.5 (1.5)	Data 0.0 (0.0)	preproc. 1.3(1.3)	Tot. Loss 4.93 (5.09)	Acc@1 18.8 (14.3)	Acc@5 31.6 (28.6)	
Epoch: [5][400/5005]	Time 1.5 (1.5)	Data 0.0 (0.0)	preproc. 1.3(1.3)	Tot. Loss 4.96 (5.09)	Acc@1 14.8 (14.3)	Acc@5 31.2 (28.6)	
Epoch: [5][600/5005]	Time 1.5 (1.5)	Data 0.0 (0.0)	preproc. 1.3(1.3)	Tot. Loss 5.08 (5.09)	Acc@1 10.9 (14.3)	Acc@5 27.0 (28.6)	
Epoch: [5][800/5005]	Time 1.5 (1.5)	Data 0.0 (0.0)	preproc. 1.3(1.3)	Tot. Loss 5.15 (5.09)	Acc@1 17.2 (14.3)	Acc@5 28.5 (28.5)	
Epoch: [5][1000/5005]	Time 1.5 (1.5)	Data 0.0 (0.0)	preproc. 1.3(1.3)	Tot. Loss 5.03 (5.09)	Acc@1 12.9 (14.2)	Acc@5 26.2 (28.5)	
Epoch: [5][1200/5005]	Time 1.5 (1.5)	Data 0.0 (0.0)	preproc. 1.3(1.3)	Tot. Loss 5.12 (5.09)	Acc@1 14.1 (14.2)	Acc@5 27.3 (28.5)	
Epoch: [5][1400/5005]	Time 1.5 (1.5)	Data 0.0 (0.0)	preproc. 1.3(1.3)	Tot. Loss 5.27 (5.09)	Acc@1 14.8 (14.2)	Acc@5 27.7 (28.5)	
Epoch: [5][1600/5005]	Time 1.5 (1.5)	Data 0.0 (0.0)	preproc. 1.3(1.3)	Tot. Loss 5.07 (5.09)	Acc@1 14.8 (14.2)	Acc@5 28.5 (28.5)	
Epoch: [5][1800/5005]	Time 1.5 (1.5)	Data 0.0 (0.0)	preproc. 1.3(1.3)	Tot. Loss 5.20 (5.09)	Acc@1 13.3 (14.2)	Acc@5 28.5 (28.5)	
Epoch: [5][2000/5005]	Time 1.5 (1.5)	Data 0.0 (0.0)	preproc. 1.3(1.3)	Tot. Loss 5.10 (5.09)	Acc@1 16.0 (14.2)	Acc@5 29.3 (28.5)	
Epoch: [5][2200/5005]	Time 1.5 (1.5)	Data 0.0 (0.0)	preproc. 1.3(1.3)	Tot. Loss 5.04 (5.09)	Acc@1 15.6 (14.2)	Acc@5 30.5 (28.5)	
Epoch: [5][2400/5005]	Time 1.5 (1.5)	Data 0.0 (0.0)	preproc. 1.3(1.3)	Tot. Loss 5.22 (5.09)	Acc@1 9.4 (14.2)	Acc@5 22.3 (28.5)	
Epoch: [5][2600/5005]	Time 1.5 (1.5)	Data 0.0 (0.0)	preproc. 1.3(1.3)	Tot. Loss 4.99 (5.09)	Acc@1 14.5 (14.2)	Acc@5 30.1 (28.5)	
Epoch: [5][2800/5005]	Time 1.5 (1.5)	Data 0.0 (0.0)	preproc. 1.3(1.3)	Tot. Loss 5.07 (5.09)	Acc@1 16.0 (14.2)	Acc@5 29.3 (28.5)	
Epoch: [5][3000/5005]	Time 1.5 (1.5)	Data 0.0 (0.0)	preproc. 1.3(1.3)	Tot. Loss 5.03 (5.09)	Acc@1 16.4 (14.2)	Acc@5 29.7 (28.5)	
Epoch: [5][3200/5005]	Time 1.5 (1.5)	Data 0.0 (0.0)	preproc. 1.3(1.3)	Tot. Loss 5.30 (5.09)	Acc@1 13.3 (14.2)	Acc@5 23.8 (28.5)	
Epoch: [5][3400/5005]	Time 1.5 (1.5)	Data 0.0 (0.0)	preproc. 1.3(1.3)	Tot. Loss 5.12 (5.09)	Acc@1 11.7 (14.2)	Acc@5 25.4 (28.5)	
Epoch: [5][3600/5005]	Time 1.5 (1.5)	Data 0.0 (0.0)	preproc. 1.3(1.3)	Tot. Loss 5.14 (5.09)	Acc@1 14.1 (14.2)	Acc@5 25.0 (28.5)	
Epoch: [5][3800/5005]	Time 1.5 (1.5)	Data 0.0 (0.0)	preproc. 1.3(1.3)	Tot. Loss 5.16 (5.09)	Acc@1 13.3 (14.2)	Acc@5 25.0 (28.5)	
Epoch: [5][4000/5005]	Time 1.5 (1.5)	Data 0.0 (0.0)	preproc. 1.3(1.3)	Tot. Loss 5.25 (5.09)	Acc@1 13.3 (14.2)	Acc@5 27.0 (28.5)	
Epoch: [5][4200/5005]	Time 1.5 (1.5)	Data 0.0 (0.0)	preproc. 1.3(1.3)	Tot. Loss 5.30 (5.09)	Acc@1 11.7 (14.2)	Acc@5 24.2 (28.5)	
Epoch: [5][4400/5005]	Time 1.5 (1.5)	Data 0.0 (0.0)	preproc. 1.3(1.3)	Tot. Loss 4.94 (5.09)	Acc@1 15.6 (14.2)	Acc@5 30.9 (28.5)	
Epoch: [5][4600/5005]	Time 1.5 (1.5)	Data 0.0 (0.0)	preproc. 1.3(1.3)	Tot. Loss 5.01 (5.09)	Acc@1 11.7 (14.2)	Acc@5 30.9 (28.5)	
Epoch: [5][4800/5005]	Time 1.5 (1.5)	Data 0.0 (0.0)	preproc. 1.3(1.3)	Tot. Loss 4.94 (5.09)	Acc@1 15.2 (14.2)	Acc@5 31.2 (28.5)	
Epoch: [5][5000/5005]	Time 1.5 (1.5)	Data 0.0 (0.0)	preproc. 1.3(1.3)	Tot. Loss 4.86 (5.09)	Acc@1 12.9 (14.2)	Acc@5 34.8 (28.5)	
Validation Epoch: [5][0/196]	Time 28.5 (28.5)	Data 0.0 (0.0)	preproc. 0.0(0.0)	Tot. Loss 3.52 (3.52)	Acc@1 33.2 (33.2)	Acc@5 60.2 (60.2)	
Validation Epoch 5, * Acc@1 18.97 Acc@5 36.08
Epoch: [6][0/5005]	Time 7.4 (7.4)	Data 6.0 (6.0)	preproc. 1.3(1.3)	Tot. Loss 5.16 (5.16)	Acc@1 11.3 (11.3)	Acc@5 26.6 (26.6)	
Epoch: [6][200/5005]	Time 1.5 (1.5)	Data 0.0 (0.0)	preproc. 1.3(1.3)	Tot. Loss 5.09 (5.07)	Acc@1 17.2 (14.6)	Acc@5 31.6 (28.8)	
Epoch: [6][400/5005]	Time 1.5 (1.5)	Data 0.0 (0.0)	preproc. 1.3(1.3)	Tot. Loss 5.27 (5.07)	Acc@1 12.1 (14.4)	Acc@5 23.8 (28.8)	
Epoch: [6][600/5005]	Time 1.5 (1.5)	Data 0.0 (0.0)	preproc. 1.3(1.3)	Tot. Loss 5.26 (5.07)	Acc@1 12.1 (14.5)	Acc@5 29.7 (28.9)	
Epoch: [6][800/5005]	Time 1.5 (1.5)	Data 0.0 (0.0)	preproc. 1.3(1.3)	Tot. Loss 5.11 (5.07)	Acc@1 13.7 (14.5)	Acc@5 30.9 (28.9)	
Epoch: [6][1000/5005]	Time 1.5 (1.5)	Data 0.0 (0.0)	preproc. 1.3(1.3)	Tot. Loss 5.14 (5.07)	Acc@1 10.2 (14.5)	Acc@5 25.4 (28.9)	
Epoch: [6][1200/5005]	Time 1.5 (1.5)	Data 0.0 (0.0)	preproc. 1.3(1.3)	Tot. Loss 5.09 (5.07)	Acc@1 12.5 (14.5)	Acc@5 28.1 (28.9)	
Epoch: [6][1400/5005]	Time 1.5 (1.5)	Data 0.0 (0.0)	preproc. 1.3(1.3)	Tot. Loss 4.82 (5.07)	Acc@1 19.1 (14.5)	Acc@5 33.2 (28.9)	
Epoch: [6][1600/5005]	Time 1.5 (1.5)	Data 0.0 (0.0)	preproc. 1.3(1.3)	Tot. Loss 5.14 (5.07)	Acc@1 10.5 (14.4)	Acc@5 25.0 (28.9)	
Epoch: [6][1800/5005]	Time 1.5 (1.5)	Data 0.0 (0.0)	preproc. 1.3(1.3)	Tot. Loss 5.12 (5.07)	Acc@1 14.1 (14.4)	Acc@5 26.2 (28.8)	
Epoch: [6][2000/5005]	Time 1.5 (1.5)	Data 0.0 (0.0)	preproc. 1.3(1.3)	Tot. Loss 5.15 (5.07)	Acc@1 14.5 (14.4)	Acc@5 25.4 (28.8)	
Epoch: [6][2200/5005]	Time 1.5 (1.5)	Data 0.0 (0.0)	preproc. 1.3(1.3)	Tot. Loss 5.44 (5.07)	Acc@1 13.3 (14.4)	Acc@5 25.4 (28.8)	
Epoch: [6][2400/5005]	Time 1.5 (1.5)	Data 0.0 (0.0)	preproc. 1.3(1.3)	Tot. Loss 5.17 (5.07)	Acc@1 14.1 (14.4)	Acc@5 30.5 (28.8)	
Epoch: [6][2600/5005]	Time 1.5 (1.5)	Data 0.0 (0.0)	preproc. 1.3(1.3)	Tot. Loss 4.91 (5.07)	Acc@1 16.0 (14.4)	Acc@5 28.9 (28.8)	
Epoch: [6][2800/5005]	Time 1.5 (1.5)	Data 0.0 (0.0)	preproc. 1.3(1.3)	Tot. Loss 4.91 (5.07)	Acc@1 16.8 (14.4)	Acc@5 28.5 (28.8)	
Epoch: [6][3000/5005]	Time 1.5 (1.5)	Data 0.0 (0.0)	preproc. 1.3(1.3)	Tot. Loss 5.30 (5.07)	Acc@1 10.5 (14.4)	Acc@5 27.3 (28.8)	
Epoch: [6][3200/5005]	Time 1.5 (1.5)	Data 0.0 (0.0)	preproc. 1.3(1.3)	Tot. Loss 5.06 (5.07)	Acc@1 14.5 (14.5)	Acc@5 30.1 (28.8)	
Epoch: [6][3400/5005]	Time 1.5 (1.5)	Data 0.0 (0.0)	preproc. 1.3(1.3)	Tot. Loss 5.02 (5.07)	Acc@1 16.4 (14.4)	Acc@5 30.9 (28.8)	
Epoch: [6][3600/5005]	Time 1.5 (1.5)	Data 0.0 (0.0)	preproc. 1.3(1.3)	Tot. Loss 5.17 (5.07)	Acc@1 15.6 (14.4)	Acc@5 28.5 (28.8)	
Epoch: [6][3800/5005]	Time 1.5 (1.5)	Data 0.0 (0.0)	preproc. 1.3(1.3)	Tot. Loss 5.28 (5.07)	Acc@1 12.9 (14.4)	Acc@5 26.6 (28.8)	
Epoch: [6][4000/5005]	Time 1.5 (1.5)	Data 0.0 (0.0)	preproc. 1.3(1.3)	Tot. Loss 5.08 (5.07)	Acc@1 15.6 (14.5)	Acc@5 28.9 (28.8)	
Epoch: [6][4200/5005]	Time 1.5 (1.5)	Data 0.0 (0.0)	preproc. 1.3(1.3)	Tot. Loss 5.15 (5.07)	Acc@1 13.3 (14.5)	Acc@5 26.2 (28.9)	
Epoch: [6][4400/5005]	Time 1.5 (1.5)	Data 0.0 (0.0)	preproc. 1.3(1.3)	Tot. Loss 4.92 (5.07)	Acc@1 16.4 (14.5)	Acc@5 28.1 (28.9)	
Epoch: [6][4600/5005]	Time 1.5 (1.5)	Data 0.0 (0.0)	preproc. 1.3(1.3)	Tot. Loss 4.87 (5.07)	Acc@1 12.1 (14.5)	Acc@5 33.6 (28.9)	
Epoch: [6][4800/5005]	Time 1.5 (1.5)	Data 0.0 (0.0)	preproc. 1.3(1.3)	Tot. Loss 5.19 (5.07)	Acc@1 14.1 (14.5)	Acc@5 26.6 (28.9)	
Epoch: [6][5000/5005]	Time 1.5 (1.5)	Data 0.0 (0.0)	preproc. 1.3(1.3)	Tot. Loss 5.23 (5.07)	Acc@1 12.5 (14.5)	Acc@5 28.1 (28.9)	
Validation Epoch: [6][0/196]	Time 29.1 (29.1)	Data 0.0 (0.0)	preproc. 0.0(0.0)	Tot. Loss 3.50 (3.50)	Acc@1 30.5 (30.5)	Acc@5 61.7 (61.7)	
Validation Epoch 6, * Acc@1 18.95 Acc@5 36.20
Epoch: [7][0/5005]	Time 5.2 (5.2)	Data 3.8 (3.8)	preproc. 1.3(1.3)	Tot. Loss 4.77 (4.77)	Acc@1 17.2 (17.2)	Acc@5 31.6 (31.6)	
Epoch: [7][200/5005]	Time 1.5 (1.5)	Data 0.0 (0.0)	preproc. 1.3(1.3)	Tot. Loss 5.19 (5.04)	Acc@1 12.1 (14.7)	Acc@5 29.7 (29.3)	
Epoch: [7][400/5005]	Time 1.5 (1.5)	Data 0.0 (0.0)	preproc. 1.3(1.3)	Tot. Loss 4.72 (5.05)	Acc@1 18.8 (14.7)	Acc@5 35.9 (29.2)	
Epoch: [7][600/5005]	Time 1.5 (1.5)	Data 0.0 (0.0)	preproc. 1.3(1.3)	Tot. Loss 5.00 (5.05)	Acc@1 16.8 (14.6)	Acc@5 30.9 (29.2)	
Epoch: [7][800/5005]	Time 1.5 (1.5)	Data 0.0 (0.0)	preproc. 1.3(1.3)	Tot. Loss 5.17 (5.05)	Acc@1 16.8 (14.6)	Acc@5 28.1 (29.2)	
Epoch: [7][1000/5005]	Time 1.5 (1.5)	Data 0.0 (0.0)	preproc. 1.3(1.3)	Tot. Loss 5.15 (5.05)	Acc@1 14.5 (14.6)	Acc@5 29.7 (29.2)	
Epoch: [7][1200/5005]	Time 1.5 (1.5)	Data 0.0 (0.0)	preproc. 1.3(1.3)	Tot. Loss 5.42 (5.05)	Acc@1 14.1 (14.6)	Acc@5 27.0 (29.2)	
Epoch: [7][1400/5005]	Time 1.5 (1.5)	Data 0.0 (0.0)	preproc. 1.3(1.3)	Tot. Loss 5.28 (5.05)	Acc@1 14.1 (14.6)	Acc@5 28.9 (29.2)	
Epoch: [7][1600/5005]	Time 1.5 (1.5)	Data 0.0 (0.0)	preproc. 1.3(1.3)	Tot. Loss 5.03 (5.05)	Acc@1 15.2 (14.6)	Acc@5 33.2 (29.2)	
Epoch: [7][1800/5005]	Time 1.5 (1.5)	Data 0.0 (0.0)	preproc. 1.3(1.3)	Tot. Loss 5.28 (5.05)	Acc@1 10.9 (14.6)	Acc@5 23.0 (29.2)	
Epoch: [7][2000/5005]	Time 1.5 (1.5)	Data 0.0 (0.0)	preproc. 1.3(1.3)	Tot. Loss 4.89 (5.05)	Acc@1 15.2 (14.6)	Acc@5 31.6 (29.2)	
Epoch: [7][2200/5005]	Time 1.5 (1.5)	Data 0.0 (0.0)	preproc. 1.3(1.3)	Tot. Loss 5.03 (5.05)	Acc@1 15.2 (14.6)	Acc@5 28.9 (29.2)	
Epoch: [7][2400/5005]	Time 1.5 (1.5)	Data 0.0 (0.0)	preproc. 1.3(1.3)	Tot. Loss 5.01 (5.05)	Acc@1 14.8 (14.6)	Acc@5 32.0 (29.2)	
Epoch: [7][2600/5005]	Time 1.5 (1.5)	Data 0.0 (0.0)	preproc. 1.3(1.3)	Tot. Loss 5.26 (5.05)	Acc@1 13.7 (14.6)	Acc@5 28.5 (29.2)	
Epoch: [7][2800/5005]	Time 1.5 (1.5)	Data 0.0 (0.0)	preproc. 1.3(1.3)	Tot. Loss 5.23 (5.05)	Acc@1 8.6 (14.7)	Acc@5 24.2 (29.2)	
Epoch: [7][3000/5005]	Time 1.5 (1.5)	Data 0.0 (0.0)	preproc. 1.3(1.3)	Tot. Loss 5.05 (5.05)	Acc@1 17.2 (14.7)	Acc@5 29.3 (29.2)	
Epoch: [7][3200/5005]	Time 1.5 (1.5)	Data 0.0 (0.0)	preproc. 1.3(1.3)	Tot. Loss 5.13 (5.05)	Acc@1 16.4 (14.7)	Acc@5 28.9 (29.2)	
Epoch: [7][3400/5005]	Time 1.5 (1.5)	Data 0.0 (0.0)	preproc. 1.3(1.3)	Tot. Loss 5.00 (5.05)	Acc@1 13.7 (14.7)	Acc@5 30.5 (29.2)	
Epoch: [7][3600/5005]	Time 1.5 (1.5)	Data 0.0 (0.0)	preproc. 1.3(1.3)	Tot. Loss 5.11 (5.05)	Acc@1 11.3 (14.7)	Acc@5 23.4 (29.2)	
Epoch: [7][3800/5005]	Time 1.5 (1.5)	Data 0.0 (0.0)	preproc. 1.3(1.3)	Tot. Loss 4.93 (5.05)	Acc@1 15.2 (14.7)	Acc@5 29.3 (29.2)	
Epoch: [7][4000/5005]	Time 1.5 (1.5)	Data 0.0 (0.0)	preproc. 1.3(1.3)	Tot. Loss 4.89 (5.05)	Acc@1 14.5 (14.7)	Acc@5 32.0 (29.2)	
Epoch: [7][4200/5005]	Time 1.5 (1.5)	Data 0.0 (0.0)	preproc. 1.3(1.3)	Tot. Loss 5.19 (5.05)	Acc@1 13.3 (14.7)	Acc@5 27.7 (29.2)	
Epoch: [7][4400/5005]	Time 1.5 (1.5)	Data 0.0 (0.0)	preproc. 1.3(1.3)	Tot. Loss 5.09 (5.05)	Acc@1 13.3 (14.7)	Acc@5 27.7 (29.2)	
Epoch: [7][4600/5005]	Time 1.5 (1.5)	Data 0.0 (0.0)	preproc. 1.3(1.3)	Tot. Loss 5.08 (5.05)	Acc@1 14.8 (14.7)	Acc@5 29.3 (29.2)	
Epoch: [7][4800/5005]	Time 1.5 (1.5)	Data 0.0 (0.0)	preproc. 1.3(1.3)	Tot. Loss 4.96 (5.05)	Acc@1 14.5 (14.7)	Acc@5 28.9 (29.2)	
Epoch: [7][5000/5005]	Time 1.5 (1.5)	Data 0.0 (0.0)	preproc. 1.3(1.3)	Tot. Loss 5.23 (5.05)	Acc@1 10.9 (14.7)	Acc@5 24.2 (29.2)	
Validation Epoch: [7][0/196]	Time 32.1 (32.1)	Data 0.0 (0.0)	preproc. 0.0(0.0)	Tot. Loss 3.46 (3.46)	Acc@1 32.4 (32.4)	Acc@5 64.5 (64.5)	
Validation Epoch 7, * Acc@1 19.45 Acc@5 36.74
Epoch: [8][0/5005]	Time 4.8 (4.8)	Data 3.4 (3.4)	preproc. 1.3(1.3)	Tot. Loss 5.22 (5.22)	Acc@1 14.1 (14.1)	Acc@5 26.2 (26.2)	
Epoch: [8][200/5005]	Time 1.5 (1.5)	Data 0.0 (0.0)	preproc. 1.3(1.3)	Tot. Loss 5.16 (5.03)	Acc@1 11.3 (15.0)	Acc@5 26.2 (29.6)	
Epoch: [8][400/5005]	Time 1.5 (1.5)	Data 0.0 (0.0)	preproc. 1.3(1.3)	Tot. Loss 5.01 (5.03)	Acc@1 13.3 (14.9)	Acc@5 30.5 (29.6)	
Epoch: [8][600/5005]	Time 1.5 (1.5)	Data 0.0 (0.0)	preproc. 1.3(1.3)	Tot. Loss 4.83 (5.03)	Acc@1 18.4 (14.9)	Acc@5 31.6 (29.5)	
Epoch: [8][800/5005]	Time 1.5 (1.5)	Data 0.0 (0.0)	preproc. 1.3(1.3)	Tot. Loss 5.01 (5.03)	Acc@1 13.7 (15.0)	Acc@5 27.0 (29.6)	
Epoch: [8][1000/5005]	Time 1.5 (1.5)	Data 0.0 (0.0)	preproc. 1.3(1.3)	Tot. Loss 4.89 (5.03)	Acc@1 12.5 (15.0)	Acc@5 30.5 (29.6)	
Epoch: [8][1200/5005]	Time 1.5 (1.5)	Data 0.0 (0.0)	preproc. 1.3(1.3)	Tot. Loss 5.10 (5.03)	Acc@1 11.7 (15.0)	Acc@5 27.7 (29.6)	
Epoch: [8][1400/5005]	Time 1.5 (1.5)	Data 0.0 (0.0)	preproc. 1.3(1.3)	Tot. Loss 5.03 (5.03)	Acc@1 16.4 (15.0)	Acc@5 32.0 (29.5)	
Epoch: [8][1600/5005]	Time 1.5 (1.5)	Data 0.0 (0.0)	preproc. 1.3(1.3)	Tot. Loss 5.07 (5.03)	Acc@1 12.5 (15.0)	Acc@5 27.3 (29.5)	
Epoch: [8][1800/5005]	Time 1.5 (1.5)	Data 0.0 (0.0)	preproc. 1.3(1.3)	Tot. Loss 5.11 (5.03)	Acc@1 14.5 (15.0)	Acc@5 27.7 (29.5)	
Epoch: [8][2000/5005]	Time 1.5 (1.5)	Data 0.0 (0.0)	preproc. 1.3(1.3)	Tot. Loss 5.15 (5.03)	Acc@1 13.7 (15.0)	Acc@5 25.8 (29.5)	
Epoch: [8][2200/5005]	Time 1.5 (1.5)	Data 0.0 (0.0)	preproc. 1.3(1.3)	Tot. Loss 5.09 (5.03)	Acc@1 11.7 (15.0)	Acc@5 25.4 (29.5)	
Epoch: [8][2400/5005]	Time 1.5 (1.5)	Data 0.0 (0.0)	preproc. 1.3(1.3)	Tot. Loss 5.15 (5.04)	Acc@1 14.5 (15.0)	Acc@5 27.7 (29.5)	
Epoch: [8][2600/5005]	Time 1.5 (1.5)	Data 0.0 (0.0)	preproc. 1.3(1.3)	Tot. Loss 4.90 (5.03)	Acc@1 11.7 (15.0)	Acc@5 32.4 (29.5)	
Epoch: [8][2800/5005]	Time 1.5 (1.5)	Data 0.0 (0.0)	preproc. 1.3(1.3)	Tot. Loss 4.95 (5.03)	Acc@1 14.8 (15.0)	Acc@5 31.6 (29.5)	
Epoch: [8][3000/5005]	Time 1.5 (1.5)	Data 0.0 (0.0)	preproc. 1.3(1.3)	Tot. Loss 4.95 (5.03)	Acc@1 11.3 (15.0)	Acc@5 27.7 (29.5)	
Epoch: [8][3200/5005]	Time 1.5 (1.5)	Data 0.0 (0.0)	preproc. 1.3(1.3)	Tot. Loss 4.72 (5.03)	Acc@1 17.2 (15.0)	Acc@5 33.2 (29.5)	
Epoch: [8][3400/5005]	Time 1.5 (1.5)	Data 0.0 (0.0)	preproc. 1.3(1.3)	Tot. Loss 5.12 (5.03)	Acc@1 13.3 (14.9)	Acc@5 30.1 (29.5)	
Epoch: [8][3600/5005]	Time 1.5 (1.5)	Data 0.0 (0.0)	preproc. 1.3(1.3)	Tot. Loss 4.83 (5.03)	Acc@1 16.0 (14.9)	Acc@5 28.9 (29.5)	
Epoch: [8][3800/5005]	Time 1.5 (1.5)	Data 0.0 (0.0)	preproc. 1.3(1.3)	Tot. Loss 4.94 (5.03)	Acc@1 15.2 (14.9)	Acc@5 31.2 (29.5)	
Epoch: [8][4000/5005]	Time 1.5 (1.5)	Data 0.0 (0.0)	preproc. 1.3(1.3)	Tot. Loss 5.04 (5.03)	Acc@1 17.6 (15.0)	Acc@5 30.5 (29.5)	
Epoch: [8][4200/5005]	Time 1.5 (1.5)	Data 0.0 (0.0)	preproc. 1.3(1.3)	Tot. Loss 5.29 (5.03)	Acc@1 13.3 (14.9)	Acc@5 25.8 (29.5)	
Epoch: [8][4400/5005]	Time 1.5 (1.5)	Data 0.0 (0.0)	preproc. 1.3(1.3)	Tot. Loss 5.07 (5.03)	Acc@1 15.2 (14.9)	Acc@5 31.2 (29.5)	
Epoch: [8][4600/5005]	Time 1.5 (1.5)	Data 0.0 (0.0)	preproc. 1.3(1.3)	Tot. Loss 4.89 (5.03)	Acc@1 16.4 (14.9)	Acc@5 32.0 (29.5)	
Epoch: [8][4800/5005]	Time 1.5 (1.5)	Data 0.0 (0.0)	preproc. 1.3(1.3)	Tot. Loss 5.07 (5.03)	Acc@1 12.9 (14.9)	Acc@5 25.0 (29.5)	
Epoch: [8][5000/5005]	Time 1.5 (1.5)	Data 0.0 (0.0)	preproc. 1.3(1.3)	Tot. Loss 5.02 (5.03)	Acc@1 15.2 (14.9)	Acc@5 32.4 (29.5)	
Validation Epoch: [8][0/196]	Time 27.2 (27.2)	Data 0.0 (0.0)	preproc. 0.0(0.0)	Tot. Loss 3.28 (3.28)	Acc@1 39.5 (39.5)	Acc@5 65.6 (65.6)	
Validation Epoch 8, * Acc@1 19.52 Acc@5 36.74
Epoch: [9][0/5005]	Time 4.9 (4.9)	Data 3.5 (3.5)	preproc. 1.3(1.3)	Tot. Loss 5.02 (5.02)	Acc@1 16.8 (16.8)	Acc@5 28.1 (28.1)	
Epoch: [9][200/5005]	Time 1.5 (1.5)	Data 0.0 (0.0)	preproc. 1.3(1.3)	Tot. Loss 5.02 (5.02)	Acc@1 13.3 (15.1)	Acc@5 29.7 (29.8)	
Epoch: [9][400/5005]	Time 1.5 (1.5)	Data 0.0 (0.0)	preproc. 1.3(1.3)	Tot. Loss 4.96 (5.01)	Acc@1 19.1 (15.1)	Acc@5 30.1 (29.9)	
Epoch: [9][600/5005]	Time 1.5 (1.5)	Data 0.0 (0.0)	preproc. 1.3(1.3)	Tot. Loss 4.81 (5.01)	Acc@1 18.0 (15.2)	Acc@5 32.4 (29.8)	
Epoch: [9][800/5005]	Time 1.5 (1.5)	Data 0.0 (0.0)	preproc. 1.3(1.3)	Tot. Loss 4.90 (5.01)	Acc@1 14.1 (15.2)	Acc@5 30.5 (29.7)	
Epoch: [9][1000/5005]	Time 1.5 (1.5)	Data 0.0 (0.0)	preproc. 1.3(1.3)	Tot. Loss 4.96 (5.01)	Acc@1 16.4 (15.2)	Acc@5 31.6 (29.8)	
Epoch: [9][1200/5005]	Time 1.5 (1.5)	Data 0.0 (0.0)	preproc. 1.3(1.3)	Tot. Loss 5.10 (5.01)	Acc@1 14.1 (15.1)	Acc@5 27.7 (29.8)	
Epoch: [9][1400/5005]	Time 1.5 (1.5)	Data 0.0 (0.0)	preproc. 1.3(1.3)	Tot. Loss 4.88 (5.02)	Acc@1 17.6 (15.1)	Acc@5 32.0 (29.8)	
Epoch: [9][1600/5005]	Time 1.5 (1.5)	Data 0.0 (0.0)	preproc. 1.3(1.3)	Tot. Loss 5.09 (5.02)	Acc@1 12.5 (15.1)	Acc@5 27.7 (29.7)	
Epoch: [9][1800/5005]	Time 1.5 (1.5)	Data 0.0 (0.0)	preproc. 1.3(1.3)	Tot. Loss 4.85 (5.02)	Acc@1 16.8 (15.1)	Acc@5 33.2 (29.7)	
Epoch: [9][2000/5005]	Time 1.5 (1.5)	Data 0.0 (0.0)	preproc. 1.3(1.3)	Tot. Loss 4.95 (5.02)	Acc@1 12.5 (15.1)	Acc@5 27.7 (29.7)	
Epoch: [9][2200/5005]	Time 1.5 (1.5)	Data 0.0 (0.0)	preproc. 1.3(1.3)	Tot. Loss 5.05 (5.02)	Acc@1 15.2 (15.1)	Acc@5 28.1 (29.7)	
Epoch: [9][2400/5005]	Time 1.5 (1.5)	Data 0.0 (0.0)	preproc. 1.3(1.3)	Tot. Loss 4.97 (5.02)	Acc@1 16.4 (15.1)	Acc@5 31.6 (29.7)	
Epoch: [9][2600/5005]	Time 1.5 (1.5)	Data 0.0 (0.0)	preproc. 1.3(1.3)	Tot. Loss 5.08 (5.02)	Acc@1 12.1 (15.1)	Acc@5 28.9 (29.8)	
Epoch: [9][2800/5005]	Time 1.5 (1.5)	Data 0.0 (0.0)	preproc. 1.3(1.3)	Tot. Loss 5.21 (5.02)	Acc@1 10.9 (15.1)	Acc@5 26.2 (29.7)	
Epoch: [9][3000/5005]	Time 1.5 (1.5)	Data 0.0 (0.0)	preproc. 1.3(1.3)	Tot. Loss 4.94 (5.02)	Acc@1 18.0 (15.1)	Acc@5 28.5 (29.7)	
Epoch: [9][3200/5005]	Time 1.5 (1.5)	Data 0.0 (0.0)	preproc. 1.3(1.3)	Tot. Loss 4.97 (5.02)	Acc@1 14.5 (15.1)	Acc@5 30.1 (29.7)	
Epoch: [9][3400/5005]	Time 1.5 (1.5)	Data 0.0 (0.0)	preproc. 1.3(1.3)	Tot. Loss 4.94 (5.02)	Acc@1 14.8 (15.1)	Acc@5 30.1 (29.7)	
Epoch: [9][3600/5005]	Time 1.5 (1.5)	Data 0.0 (0.0)	preproc. 1.3(1.3)	Tot. Loss 4.88 (5.02)	Acc@1 15.6 (15.1)	Acc@5 28.9 (29.7)	
Epoch: [9][3800/5005]	Time 1.5 (1.5)	Data 0.0 (0.0)	preproc. 1.3(1.3)	Tot. Loss 4.98 (5.02)	Acc@1 14.1 (15.1)	Acc@5 30.5 (29.7)	
Epoch: [9][4000/5005]	Time 1.5 (1.5)	Data 0.0 (0.0)	preproc. 1.3(1.3)	Tot. Loss 5.11 (5.02)	Acc@1 11.7 (15.1)	Acc@5 25.4 (29.7)	
Epoch: [9][4200/5005]	Time 1.5 (1.5)	Data 0.0 (0.0)	preproc. 1.3(1.3)	Tot. Loss 5.30 (5.02)	Acc@1 11.3 (15.1)	Acc@5 24.6 (29.7)	
Epoch: [9][4400/5005]	Time 1.5 (1.5)	Data 0.0 (0.0)	preproc. 1.3(1.3)	Tot. Loss 4.91 (5.02)	Acc@1 15.6 (15.1)	Acc@5 30.1 (29.7)	
Epoch: [9][4600/5005]	Time 1.5 (1.5)	Data 0.0 (0.0)	preproc. 1.3(1.3)	Tot. Loss 5.27 (5.02)	Acc@1 13.3 (15.1)	Acc@5 24.2 (29.7)	
Epoch: [9][4800/5005]	Time 1.5 (1.5)	Data 0.0 (0.0)	preproc. 1.3(1.3)	Tot. Loss 5.00 (5.02)	Acc@1 15.6 (15.1)	Acc@5 30.1 (29.7)	
Epoch: [9][5000/5005]	Time 1.5 (1.5)	Data 0.0 (0.0)	preproc. 1.3(1.3)	Tot. Loss 4.90 (5.02)	Acc@1 16.0 (15.1)	Acc@5 29.7 (29.7)	
Validation Epoch: [9][0/196]	Time 4.7 (4.7)	Data 0.0 (0.0)	preproc. 0.0(0.0)	Tot. Loss 3.43 (3.43)	Acc@1 32.4 (32.4)	Acc@5 65.2 (65.2)	
Validation Epoch 9, * Acc@1 19.72 Acc@5 37.25
Epoch: [10][0/5005]	Time 5.1 (5.1)	Data 3.7 (3.7)	preproc. 1.3(1.3)	Tot. Loss 5.27 (5.27)	Acc@1 15.6 (15.6)	Acc@5 27.3 (27.3)	
Epoch: [10][200/5005]	Time 1.5 (1.5)	Data 0.0 (0.0)	preproc. 1.3(1.3)	Tot. Loss 5.02 (5.00)	Acc@1 15.2 (15.2)	Acc@5 30.1 (29.8)	
Epoch: [10][400/5005]	Time 1.5 (1.5)	Data 0.0 (0.0)	preproc. 1.3(1.3)	Tot. Loss 5.26 (5.00)	Acc@1 11.7 (15.1)	Acc@5 25.0 (29.8)	
Epoch: [10][600/5005]	Time 1.5 (1.5)	Data 0.0 (0.0)	preproc. 1.3(1.3)	Tot. Loss 4.80 (5.00)	Acc@1 15.6 (15.1)	Acc@5 28.1 (29.8)	
Epoch: [10][800/5005]	Time 1.5 (1.5)	Data 0.0 (0.0)	preproc. 1.3(1.3)	Tot. Loss 4.88 (5.00)	Acc@1 17.2 (15.1)	Acc@5 28.9 (29.8)	
Epoch: [10][1000/5005]	Time 1.5 (1.5)	Data 0.0 (0.0)	preproc. 1.3(1.3)	Tot. Loss 4.84 (5.00)	Acc@1 16.4 (15.1)	Acc@5 32.4 (29.9)	
Epoch: [10][1200/5005]	Time 1.5 (1.5)	Data 0.0 (0.0)	preproc. 1.3(1.3)	Tot. Loss 4.94 (5.00)	Acc@1 18.0 (15.1)	Acc@5 31.6 (29.9)	
Epoch: [10][1400/5005]	Time 1.5 (1.5)	Data 0.0 (0.0)	preproc. 1.3(1.3)	Tot. Loss 4.86 (5.00)	Acc@1 12.1 (15.2)	Acc@5 31.6 (29.9)	
Epoch: [10][1600/5005]	Time 1.5 (1.5)	Data 0.0 (0.0)	preproc. 1.3(1.3)	Tot. Loss 4.94 (5.00)	Acc@1 18.4 (15.1)	Acc@5 32.8 (29.9)	
Epoch: [10][1800/5005]	Time 1.5 (1.5)	Data 0.0 (0.0)	preproc. 1.3(1.3)	Tot. Loss 4.89 (5.01)	Acc@1 14.1 (15.1)	Acc@5 31.2 (29.9)	
Epoch: [10][2000/5005]	Time 1.5 (1.5)	Data 0.0 (0.0)	preproc. 1.3(1.3)	Tot. Loss 5.27 (5.01)	Acc@1 11.3 (15.2)	Acc@5 26.6 (29.9)	
Epoch: [10][2200/5005]	Time 1.5 (1.5)	Data 0.0 (0.0)	preproc. 1.3(1.3)	Tot. Loss 4.98 (5.01)	Acc@1 15.2 (15.1)	Acc@5 29.7 (29.8)	
Epoch: [10][2400/5005]	Time 1.5 (1.5)	Data 0.0 (0.0)	preproc. 1.3(1.3)	Tot. Loss 5.21 (5.01)	Acc@1 14.8 (15.1)	Acc@5 27.0 (29.8)	
Epoch: [10][2600/5005]	Time 1.5 (1.5)	Data 0.0 (0.0)	preproc. 1.3(1.3)	Tot. Loss 5.03 (5.01)	Acc@1 10.9 (15.1)	Acc@5 27.7 (29.8)	
Epoch: [10][2800/5005]	Time 1.5 (1.5)	Data 0.0 (0.0)	preproc. 1.3(1.3)	Tot. Loss 4.81 (5.01)	Acc@1 14.5 (15.2)	Acc@5 30.1 (29.9)	
Epoch: [10][3000/5005]	Time 1.5 (1.5)	Data 0.0 (0.0)	preproc. 1.3(1.3)	Tot. Loss 4.95 (5.01)	Acc@1 18.8 (15.2)	Acc@5 30.9 (29.9)	
Epoch: [10][3200/5005]	Time 1.5 (1.5)	Data 0.0 (0.0)	preproc. 1.3(1.3)	Tot. Loss 5.15 (5.01)	Acc@1 13.3 (15.1)	Acc@5 26.2 (29.8)	
Epoch: [10][3400/5005]	Time 1.5 (1.5)	Data 0.0 (0.0)	preproc. 1.3(1.3)	Tot. Loss 5.08 (5.01)	Acc@1 12.1 (15.1)	Acc@5 27.0 (29.8)	
Epoch: [10][3600/5005]	Time 1.5 (1.5)	Data 0.0 (0.0)	preproc. 1.3(1.3)	Tot. Loss 5.19 (5.01)	Acc@1 9.4 (15.1)	Acc@5 27.0 (29.9)	
Epoch: [10][3800/5005]	Time 1.5 (1.5)	Data 0.0 (0.0)	preproc. 1.3(1.3)	Tot. Loss 5.05 (5.01)	Acc@1 13.3 (15.2)	Acc@5 30.9 (29.9)	
Epoch: [10][4000/5005]	Time 1.5 (1.5)	Data 0.0 (0.0)	preproc. 1.3(1.3)	Tot. Loss 4.82 (5.01)	Acc@1 18.0 (15.1)	Acc@5 35.5 (29.9)	
Epoch: [10][4200/5005]	Time 1.5 (1.5)	Data 0.0 (0.0)	preproc. 1.3(1.3)	Tot. Loss 5.22 (5.01)	Acc@1 16.0 (15.1)	Acc@5 29.7 (29.9)	
Epoch: [10][4400/5005]	Time 1.5 (1.5)	Data 0.0 (0.0)	preproc. 1.3(1.3)	Tot. Loss 4.74 (5.01)	Acc@1 16.8 (15.2)	Acc@5 34.4 (29.9)	
Epoch: [10][4600/5005]	Time 1.5 (1.5)	Data 0.0 (0.0)	preproc. 1.3(1.3)	Tot. Loss 5.00 (5.01)	Acc@1 15.2 (15.2)	Acc@5 30.1 (29.9)	
Epoch: [10][4800/5005]	Time 1.5 (1.5)	Data 0.0 (0.0)	preproc. 1.3(1.3)	Tot. Loss 5.16 (5.01)	Acc@1 16.0 (15.2)	Acc@5 28.5 (29.9)	
Epoch: [10][5000/5005]	Time 1.5 (1.5)	Data 0.0 (0.0)	preproc. 1.3(1.3)	Tot. Loss 5.28 (5.01)	Acc@1 13.7 (15.2)	Acc@5 28.5 (29.9)	
Validation Epoch: [10][0/196]	Time 4.9 (4.9)	Data 0.0 (0.0)	preproc. 0.0(0.0)	Tot. Loss 3.38 (3.38)	Acc@1 40.2 (40.2)	Acc@5 62.9 (62.9)	
Validation Epoch 10, * Acc@1 20.04 Acc@5 37.27
Epoch: [11][0/5005]	Time 5.8 (5.8)	Data 4.3 (4.3)	preproc. 1.3(1.3)	Tot. Loss 4.92 (4.92)	Acc@1 16.0 (16.0)	Acc@5 28.9 (28.9)	
Epoch: [11][200/5005]	Time 1.5 (1.5)	Data 0.0 (0.0)	preproc. 1.3(1.3)	Tot. Loss 4.80 (4.98)	Acc@1 19.5 (15.5)	Acc@5 33.2 (30.2)	
Epoch: [11][400/5005]	Time 1.5 (1.5)	Data 0.0 (0.0)	preproc. 1.3(1.3)	Tot. Loss 4.83 (4.99)	Acc@1 17.6 (15.3)	Acc@5 29.7 (30.1)	
Epoch: [11][600/5005]	Time 1.5 (1.5)	Data 0.0 (0.0)	preproc. 1.3(1.3)	Tot. Loss 4.95 (4.98)	Acc@1 15.2 (15.4)	Acc@5 27.3 (30.1)	
Epoch: [11][800/5005]	Time 1.5 (1.5)	Data 0.0 (0.0)	preproc. 1.3(1.3)	Tot. Loss 4.82 (4.99)	Acc@1 14.8 (15.4)	Acc@5 29.7 (30.2)	
Epoch: [11][1000/5005]	Time 1.5 (1.5)	Data 0.0 (0.0)	preproc. 1.3(1.3)	Tot. Loss 4.88 (4.98)	Acc@1 13.3 (15.4)	Acc@5 32.0 (30.2)	
Epoch: [11][1200/5005]	Time 1.5 (1.5)	Data 0.0 (0.0)	preproc. 1.3(1.3)	Tot. Loss 4.74 (4.98)	Acc@1 19.1 (15.4)	Acc@5 31.2 (30.2)	
Epoch: [11][1400/5005]	Time 1.5 (1.5)	Data 0.0 (0.0)	preproc. 1.3(1.3)	Tot. Loss 4.98 (4.98)	Acc@1 15.6 (15.4)	Acc@5 32.0 (30.2)	
Epoch: [11][1600/5005]	Time 1.5 (1.5)	Data 0.0 (0.0)	preproc. 1.3(1.3)	Tot. Loss 5.05 (4.98)	Acc@1 14.5 (15.4)	Acc@5 31.6 (30.2)	
Epoch: [11][1800/5005]	Time 1.5 (1.5)	Data 0.0 (0.0)	preproc. 1.3(1.3)	Tot. Loss 5.06 (4.98)	Acc@1 16.4 (15.4)	Acc@5 27.7 (30.2)	
Epoch: [11][2000/5005]	Time 1.5 (1.5)	Data 0.0 (0.0)	preproc. 1.3(1.3)	Tot. Loss 5.05 (4.99)	Acc@1 16.8 (15.4)	Acc@5 27.7 (30.1)	
Epoch: [11][2200/5005]	Time 1.5 (1.5)	Data 0.0 (0.0)	preproc. 1.3(1.3)	Tot. Loss 4.94 (4.99)	Acc@1 16.8 (15.4)	Acc@5 33.6 (30.1)	
Epoch: [11][2400/5005]	Time 1.5 (1.5)	Data 0.0 (0.0)	preproc. 1.3(1.3)	Tot. Loss 4.94 (4.99)	Acc@1 19.1 (15.4)	Acc@5 35.9 (30.1)	
Epoch: [11][2600/5005]	Time 1.5 (1.5)	Data 0.0 (0.0)	preproc. 1.3(1.3)	Tot. Loss 4.86 (4.99)	Acc@1 14.8 (15.4)	Acc@5 35.2 (30.2)	
Epoch: [11][2800/5005]	Time 1.5 (1.5)	Data 0.0 (0.0)	preproc. 1.3(1.3)	Tot. Loss 5.01 (4.99)	Acc@1 16.0 (15.4)	Acc@5 28.9 (30.2)	
Epoch: [11][3000/5005]	Time 1.5 (1.5)	Data 0.0 (0.0)	preproc. 1.3(1.3)	Tot. Loss 5.15 (4.99)	Acc@1 16.8 (15.4)	Acc@5 27.3 (30.2)	
Epoch: [11][3200/5005]	Time 1.5 (1.5)	Data 0.0 (0.0)	preproc. 1.3(1.3)	Tot. Loss 4.80 (4.99)	Acc@1 18.8 (15.4)	Acc@5 32.8 (30.2)	
Epoch: [11][3400/5005]	Time 1.5 (1.5)	Data 0.0 (0.0)	preproc. 1.3(1.3)	Tot. Loss 5.00 (4.99)	Acc@1 13.7 (15.4)	Acc@5 27.0 (30.1)	
Epoch: [11][3600/5005]	Time 1.5 (1.5)	Data 0.0 (0.0)	preproc. 1.3(1.3)	Tot. Loss 5.00 (5.00)	Acc@1 12.9 (15.4)	Acc@5 28.1 (30.1)	
Epoch: [11][3800/5005]	Time 1.5 (1.5)	Data 0.0 (0.0)	preproc. 1.3(1.3)	Tot. Loss 4.93 (5.00)	Acc@1 16.0 (15.3)	Acc@5 28.1 (30.1)	
Epoch: [11][4000/5005]	Time 1.5 (1.5)	Data 0.0 (0.0)	preproc. 1.3(1.3)	Tot. Loss 5.09 (5.00)	Acc@1 15.2 (15.3)	Acc@5 29.7 (30.1)	
Epoch: [11][4200/5005]	Time 1.5 (1.5)	Data 0.0 (0.0)	preproc. 1.3(1.3)	Tot. Loss 4.93 (5.00)	Acc@1 15.6 (15.3)	Acc@5 32.4 (30.1)	
Epoch: [11][4400/5005]	Time 1.5 (1.5)	Data 0.0 (0.0)	preproc. 1.3(1.3)	Tot. Loss 5.00 (5.00)	Acc@1 14.1 (15.3)	Acc@5 29.3 (30.1)	
Epoch: [11][4600/5005]	Time 1.5 (1.5)	Data 0.0 (0.0)	preproc. 1.3(1.3)	Tot. Loss 5.01 (5.00)	Acc@1 14.5 (15.3)	Acc@5 32.8 (30.1)	
Epoch: [11][4800/5005]	Time 1.5 (1.5)	Data 0.0 (0.0)	preproc. 1.3(1.3)	Tot. Loss 5.05 (5.00)	Acc@1 13.3 (15.3)	Acc@5 27.3 (30.1)	
Epoch: [11][5000/5005]	Time 1.5 (1.5)	Data 0.0 (0.0)	preproc. 1.3(1.3)	Tot. Loss 4.96 (5.00)	Acc@1 14.8 (15.3)	Acc@5 32.4 (30.1)	
Validation Epoch: [11][0/196]	Time 4.7 (4.7)	Data 0.0 (0.0)	preproc. 0.0(0.0)	Tot. Loss 3.37 (3.37)	Acc@1 35.2 (35.2)	Acc@5 63.7 (63.7)	
Validation Epoch 11, * Acc@1 19.96 Acc@5 37.51
Epoch: [12][0/5005]	Time 4.5 (4.5)	Data 3.1 (3.1)	preproc. 1.3(1.3)	Tot. Loss 5.18 (5.18)	Acc@1 14.1 (14.1)	Acc@5 26.6 (26.6)	
Epoch: [12][200/5005]	Time 1.5 (1.5)	Data 0.0 (0.0)	preproc. 1.3(1.3)	Tot. Loss 5.05 (4.98)	Acc@1 16.8 (15.6)	Acc@5 29.7 (30.6)	
Epoch: [12][400/5005]	Time 1.5 (1.5)	Data 0.0 (0.0)	preproc. 1.3(1.3)	Tot. Loss 5.05 (4.98)	Acc@1 18.0 (15.6)	Acc@5 30.1 (30.5)	
Epoch: [12][600/5005]	Time 1.5 (1.5)	Data 0.0 (0.0)	preproc. 1.3(1.3)	Tot. Loss 4.87 (4.99)	Acc@1 16.4 (15.5)	Acc@5 31.6 (30.4)	
Epoch: [12][800/5005]	Time 1.5 (1.5)	Data 0.0 (0.0)	preproc. 1.3(1.3)	Tot. Loss 4.88 (4.99)	Acc@1 14.5 (15.5)	Acc@5 31.6 (30.4)	
Epoch: [12][1000/5005]	Time 1.5 (1.5)	Data 0.0 (0.0)	preproc. 1.3(1.3)	Tot. Loss 5.10 (4.99)	Acc@1 13.7 (15.5)	Acc@5 29.7 (30.3)	
Epoch: [12][1200/5005]	Time 1.5 (1.5)	Data 0.0 (0.0)	preproc. 1.3(1.3)	Tot. Loss 4.79 (4.99)	Acc@1 19.1 (15.4)	Acc@5 34.8 (30.3)	
Epoch: [12][1400/5005]	Time 1.5 (1.5)	Data 0.0 (0.0)	preproc. 1.3(1.3)	Tot. Loss 4.82 (4.99)	Acc@1 18.8 (15.4)	Acc@5 32.8 (30.2)	
Epoch: [12][1600/5005]	Time 1.5 (1.5)	Data 0.0 (0.0)	preproc. 1.3(1.3)	Tot. Loss 5.19 (4.99)	Acc@1 13.7 (15.5)	Acc@5 25.0 (30.3)	
Epoch: [12][1800/5005]	Time 1.5 (1.5)	Data 0.0 (0.0)	preproc. 1.3(1.3)	Tot. Loss 5.09 (4.99)	Acc@1 16.4 (15.5)	Acc@5 30.5 (30.3)	
Epoch: [12][2000/5005]	Time 1.5 (1.5)	Data 0.0 (0.0)	preproc. 1.3(1.3)	Tot. Loss 5.27 (4.99)	Acc@1 15.2 (15.5)	Acc@5 28.1 (30.3)	
Epoch: [12][2200/5005]	Time 1.5 (1.5)	Data 0.0 (0.0)	preproc. 1.3(1.3)	Tot. Loss 4.99 (4.99)	Acc@1 17.2 (15.5)	Acc@5 32.4 (30.3)	
Epoch: [12][2400/5005]	Time 1.5 (1.5)	Data 0.0 (0.0)	preproc. 1.3(1.3)	Tot. Loss 5.03 (4.99)	Acc@1 13.7 (15.5)	Acc@5 32.4 (30.3)	
Epoch: [12][2600/5005]	Time 1.5 (1.5)	Data 0.0 (0.0)	preproc. 1.3(1.3)	Tot. Loss 5.02 (4.99)	Acc@1 12.9 (15.4)	Acc@5 27.0 (30.3)	
Epoch: [12][2800/5005]	Time 1.5 (1.5)	Data 0.0 (0.0)	preproc. 1.3(1.3)	Tot. Loss 4.89 (4.99)	Acc@1 14.5 (15.4)	Acc@5 30.9 (30.3)	
Epoch: [12][3000/5005]	Time 1.5 (1.5)	Data 0.0 (0.0)	preproc. 1.3(1.3)	Tot. Loss 4.89 (4.99)	Acc@1 17.2 (15.5)	Acc@5 30.9 (30.3)	
Epoch: [12][3200/5005]	Time 1.5 (1.5)	Data 0.0 (0.0)	preproc. 1.3(1.3)	Tot. Loss 4.94 (4.99)	Acc@1 17.6 (15.5)	Acc@5 32.8 (30.3)	
Epoch: [12][3400/5005]	Time 1.5 (1.5)	Data 0.0 (0.0)	preproc. 1.3(1.3)	Tot. Loss 5.06 (4.99)	Acc@1 15.6 (15.4)	Acc@5 32.4 (30.3)	
Epoch: [12][3600/5005]	Time 1.5 (1.5)	Data 0.0 (0.0)	preproc. 1.3(1.3)	Tot. Loss 4.94 (4.99)	Acc@1 15.2 (15.5)	Acc@5 31.6 (30.3)	
Epoch: [12][3800/5005]	Time 1.5 (1.5)	Data 0.0 (0.0)	preproc. 1.3(1.3)	Tot. Loss 5.21 (4.99)	Acc@1 13.3 (15.5)	Acc@5 28.1 (30.3)	
Epoch: [12][4000/5005]	Time 1.5 (1.5)	Data 0.0 (0.0)	preproc. 1.3(1.3)	Tot. Loss 4.92 (4.99)	Acc@1 18.4 (15.5)	Acc@5 32.4 (30.3)	
Epoch: [12][4200/5005]	Time 1.5 (1.5)	Data 0.0 (0.0)	preproc. 1.3(1.3)	Tot. Loss 4.79 (4.99)	Acc@1 16.0 (15.5)	Acc@5 30.1 (30.3)	
Epoch: [12][4400/5005]	Time 1.5 (1.5)	Data 0.0 (0.0)	preproc. 1.3(1.3)	Tot. Loss 5.12 (4.99)	Acc@1 11.3 (15.5)	Acc@5 23.8 (30.3)	
Epoch: [12][4600/5005]	Time 1.5 (1.5)	Data 0.0 (0.0)	preproc. 1.3(1.3)	Tot. Loss 5.06 (4.99)	Acc@1 14.1 (15.4)	Acc@5 28.5 (30.3)	
Epoch: [12][4800/5005]	Time 1.5 (1.5)	Data 0.0 (0.0)	preproc. 1.3(1.3)	Tot. Loss 5.01 (4.99)	Acc@1 15.6 (15.5)	Acc@5 29.3 (30.3)	
Epoch: [12][5000/5005]	Time 1.5 (1.5)	Data 0.0 (0.0)	preproc. 1.3(1.3)	Tot. Loss 4.72 (4.99)	Acc@1 15.2 (15.4)	Acc@5 30.9 (30.3)	
Validation Epoch: [12][0/196]	Time 5.0 (5.0)	Data 0.0 (0.0)	preproc. 0.0(0.0)	Tot. Loss 3.31 (3.31)	Acc@1 36.7 (36.7)	Acc@5 64.1 (64.1)	
Validation Epoch 12, * Acc@1 20.11 Acc@5 37.45
Epoch: [13][0/5005]	Time 5.1 (5.1)	Data 3.6 (3.6)	preproc. 1.3(1.3)	Tot. Loss 4.75 (4.75)	Acc@1 14.1 (14.1)	Acc@5 33.2 (33.2)	
Epoch: [13][200/5005]	Time 1.5 (1.5)	Data 0.0 (0.0)	preproc. 1.3(1.3)	Tot. Loss 5.04 (4.97)	Acc@1 18.0 (15.7)	Acc@5 31.6 (30.4)	
Epoch: [13][400/5005]	Time 1.5 (1.5)	Data 0.0 (0.0)	preproc. 1.3(1.3)	Tot. Loss 4.91 (4.97)	Acc@1 17.6 (15.7)	Acc@5 32.0 (30.5)	
Epoch: [13][600/5005]	Time 1.5 (1.5)	Data 0.0 (0.0)	preproc. 1.3(1.3)	Tot. Loss 4.59 (4.97)	Acc@1 21.9 (15.7)	Acc@5 37.9 (30.5)	
Epoch: [13][800/5005]	Time 1.5 (1.5)	Data 0.0 (0.0)	preproc. 1.3(1.3)	Tot. Loss 5.04 (4.97)	Acc@1 17.2 (15.7)	Acc@5 25.4 (30.5)	
Epoch: [13][1000/5005]	Time 1.5 (1.5)	Data 0.0 (0.0)	preproc. 1.3(1.3)	Tot. Loss 4.84 (4.97)	Acc@1 16.4 (15.6)	Acc@5 28.5 (30.5)	
Epoch: [13][1200/5005]	Time 1.5 (1.5)	Data 0.0 (0.0)	preproc. 1.3(1.3)	Tot. Loss 5.10 (4.97)	Acc@1 16.0 (15.6)	Acc@5 31.2 (30.5)	
Epoch: [13][1400/5005]	Time 1.5 (1.5)	Data 0.0 (0.0)	preproc. 1.3(1.3)	Tot. Loss 4.84 (4.97)	Acc@1 16.4 (15.7)	Acc@5 32.0 (30.5)	
Epoch: [13][1600/5005]	Time 1.5 (1.5)	Data 0.0 (0.0)	preproc. 1.3(1.3)	Tot. Loss 4.90 (4.97)	Acc@1 16.0 (15.6)	Acc@5 34.0 (30.5)	
Epoch: [13][1800/5005]	Time 1.5 (1.5)	Data 0.0 (0.0)	preproc. 1.3(1.3)	Tot. Loss 4.95 (4.98)	Acc@1 17.2 (15.6)	Acc@5 29.3 (30.5)	
Epoch: [13][2000/5005]	Time 1.5 (1.5)	Data 0.0 (0.0)	preproc. 1.3(1.3)	Tot. Loss 4.99 (4.98)	Acc@1 16.0 (15.6)	Acc@5 26.2 (30.5)	
Epoch: [13][2200/5005]	Time 1.5 (1.5)	Data 0.0 (0.0)	preproc. 1.3(1.3)	Tot. Loss 4.88 (4.98)	Acc@1 15.6 (15.6)	Acc@5 32.0 (30.4)	
Epoch: [13][2400/5005]	Time 1.5 (1.5)	Data 0.0 (0.0)	preproc. 1.3(1.3)	Tot. Loss 5.11 (4.98)	Acc@1 14.8 (15.6)	Acc@5 30.1 (30.5)	
Epoch: [13][2600/5005]	Time 1.5 (1.5)	Data 0.0 (0.0)	preproc. 1.3(1.3)	Tot. Loss 4.94 (4.98)	Acc@1 17.2 (15.6)	Acc@5 28.5 (30.4)	
Epoch: [13][2800/5005]	Time 1.5 (1.5)	Data 0.0 (0.0)	preproc. 1.3(1.3)	Tot. Loss 4.84 (4.98)	Acc@1 15.2 (15.6)	Acc@5 32.0 (30.4)	
Epoch: [13][3000/5005]	Time 1.5 (1.5)	Data 0.0 (0.0)	preproc. 1.3(1.3)	Tot. Loss 5.04 (4.98)	Acc@1 14.5 (15.6)	Acc@5 29.3 (30.4)	
Epoch: [13][3200/5005]	Time 1.5 (1.5)	Data 0.0 (0.0)	preproc. 1.3(1.3)	Tot. Loss 4.92 (4.98)	Acc@1 14.8 (15.6)	Acc@5 30.5 (30.4)	
Epoch: [13][3400/5005]	Time 1.5 (1.5)	Data 0.0 (0.0)	preproc. 1.3(1.3)	Tot. Loss 5.02 (4.98)	Acc@1 12.5 (15.5)	Acc@5 27.7 (30.4)	
Epoch: [13][3600/5005]	Time 1.5 (1.5)	Data 0.0 (0.0)	preproc. 1.3(1.3)	Tot. Loss 5.14 (4.98)	Acc@1 10.5 (15.6)	Acc@5 28.9 (30.4)	
Epoch: [13][3800/5005]	Time 1.5 (1.5)	Data 0.0 (0.0)	preproc. 1.3(1.3)	Tot. Loss 5.06 (4.98)	Acc@1 10.9 (15.5)	Acc@5 28.9 (30.4)	
Epoch: [13][4000/5005]	Time 1.5 (1.5)	Data 0.0 (0.0)	preproc. 1.3(1.3)	Tot. Loss 4.94 (4.98)	Acc@1 18.0 (15.5)	Acc@5 33.2 (30.4)	
Epoch: [13][4200/5005]	Time 1.5 (1.5)	Data 0.0 (0.0)	preproc. 1.3(1.3)	Tot. Loss 5.28 (4.98)	Acc@1 9.8 (15.5)	Acc@5 22.3 (30.4)	
Epoch: [13][4400/5005]	Time 1.5 (1.5)	Data 0.0 (0.0)	preproc. 1.3(1.3)	Tot. Loss 5.03 (4.98)	Acc@1 13.3 (15.5)	Acc@5 32.0 (30.4)	
Epoch: [13][4600/5005]	Time 1.5 (1.5)	Data 0.0 (0.0)	preproc. 1.3(1.3)	Tot. Loss 4.98 (4.98)	Acc@1 14.8 (15.5)	Acc@5 28.9 (30.4)	
Epoch: [13][4800/5005]	Time 1.5 (1.5)	Data 0.0 (0.0)	preproc. 1.3(1.3)	Tot. Loss 4.96 (4.98)	Acc@1 16.0 (15.5)	Acc@5 31.2 (30.4)	
Epoch: [13][5000/5005]	Time 1.5 (1.5)	Data 0.0 (0.0)	preproc. 1.3(1.3)	Tot. Loss 5.01 (4.98)	Acc@1 16.4 (15.5)	Acc@5 32.0 (30.4)	
Validation Epoch: [13][0/196]	Time 4.7 (4.7)	Data 0.0 (0.0)	preproc. 0.0(0.0)	Tot. Loss 3.37 (3.37)	Acc@1 35.9 (35.9)	Acc@5 63.3 (63.3)	
Validation Epoch 13, * Acc@1 19.96 Acc@5 37.34
Epoch: [14][0/5005]	Time 4.8 (4.8)	Data 3.4 (3.4)	preproc. 1.3(1.3)	Tot. Loss 4.86 (4.86)	Acc@1 19.1 (19.1)	Acc@5 32.8 (32.8)	
Epoch: [14][200/5005]	Time 1.5 (1.5)	Data 0.0 (0.0)	preproc. 1.3(1.3)	Tot. Loss 5.06 (4.95)	Acc@1 16.8 (15.7)	Acc@5 30.5 (30.6)	
Epoch: [14][400/5005]	Time 1.5 (1.5)	Data 0.0 (0.0)	preproc. 1.3(1.3)	Tot. Loss 4.84 (4.96)	Acc@1 14.5 (15.6)	Acc@5 32.4 (30.6)	
Epoch: [14][600/5005]	Time 1.5 (1.5)	Data 0.0 (0.0)	preproc. 1.3(1.3)	Tot. Loss 4.78 (4.95)	Acc@1 19.5 (15.7)	Acc@5 33.2 (30.8)	
Epoch: [14][800/5005]	Time 1.5 (1.5)	Data 0.0 (0.0)	preproc. 1.3(1.3)	Tot. Loss 4.98 (4.96)	Acc@1 15.2 (15.7)	Acc@5 32.8 (30.7)	
Epoch: [14][1000/5005]	Time 1.5 (1.5)	Data 0.0 (0.0)	preproc. 1.3(1.3)	Tot. Loss 5.03 (4.96)	Acc@1 20.3 (15.7)	Acc@5 32.4 (30.6)	
Epoch: [14][1200/5005]	Time 1.5 (1.5)	Data 0.0 (0.0)	preproc. 1.3(1.3)	Tot. Loss 5.12 (4.96)	Acc@1 16.8 (15.7)	Acc@5 27.3 (30.6)	
Epoch: [14][1400/5005]	Time 1.5 (1.5)	Data 0.0 (0.0)	preproc. 1.3(1.3)	Tot. Loss 4.71 (4.96)	Acc@1 20.3 (15.7)	Acc@5 34.8 (30.7)	
Epoch: [14][1600/5005]	Time 1.5 (1.5)	Data 0.0 (0.0)	preproc. 1.3(1.3)	Tot. Loss 4.99 (4.96)	Acc@1 14.8 (15.7)	Acc@5 33.2 (30.7)	
Epoch: [14][1800/5005]	Time 1.5 (1.5)	Data 0.0 (0.0)	preproc. 1.3(1.3)	Tot. Loss 4.94 (4.96)	Acc@1 16.8 (15.7)	Acc@5 31.2 (30.7)	
Epoch: [14][2000/5005]	Time 1.5 (1.5)	Data 0.0 (0.0)	preproc. 1.3(1.3)	Tot. Loss 4.90 (4.96)	Acc@1 14.8 (15.7)	Acc@5 32.8 (30.7)	
Epoch: [14][2200/5005]	Time 1.5 (1.5)	Data 0.0 (0.0)	preproc. 1.3(1.3)	Tot. Loss 5.03 (4.97)	Acc@1 13.7 (15.7)	Acc@5 27.7 (30.6)	
Epoch: [14][2400/5005]	Time 1.5 (1.5)	Data 0.0 (0.0)	preproc. 1.3(1.3)	Tot. Loss 5.04 (4.97)	Acc@1 15.2 (15.7)	Acc@5 29.7 (30.6)	
Epoch: [14][2600/5005]	Time 1.5 (1.5)	Data 0.0 (0.0)	preproc. 1.3(1.3)	Tot. Loss 4.63 (4.97)	Acc@1 19.5 (15.7)	Acc@5 35.5 (30.6)	
Epoch: [14][2800/5005]	Time 1.5 (1.5)	Data 0.0 (0.0)	preproc. 1.3(1.3)	Tot. Loss 5.20 (4.97)	Acc@1 16.4 (15.7)	Acc@5 27.7 (30.6)	
Epoch: [14][3000/5005]	Time 1.5 (1.5)	Data 0.0 (0.0)	preproc. 1.3(1.3)	Tot. Loss 4.95 (4.97)	Acc@1 16.4 (15.7)	Acc@5 29.7 (30.6)	
Epoch: [14][3200/5005]	Time 1.5 (1.5)	Data 0.0 (0.0)	preproc. 1.3(1.3)	Tot. Loss 5.10 (4.97)	Acc@1 14.8 (15.7)	Acc@5 30.1 (30.6)	
Epoch: [14][3400/5005]	Time 1.5 (1.5)	Data 0.0 (0.0)	preproc. 1.3(1.3)	Tot. Loss 5.11 (4.97)	Acc@1 15.6 (15.6)	Acc@5 29.3 (30.5)	
Epoch: [14][3600/5005]	Time 1.5 (1.5)	Data 0.0 (0.0)	preproc. 1.3(1.3)	Tot. Loss 5.11 (4.97)	Acc@1 12.9 (15.6)	Acc@5 26.6 (30.5)	
Epoch: [14][3800/5005]	Time 1.5 (1.5)	Data 0.0 (0.0)	preproc. 1.3(1.3)	Tot. Loss 4.70 (4.97)	Acc@1 17.6 (15.6)	Acc@5 31.6 (30.5)	
Epoch: [14][4000/5005]	Time 1.5 (1.5)	Data 0.0 (0.0)	preproc. 1.3(1.3)	Tot. Loss 4.91 (4.97)	Acc@1 17.6 (15.6)	Acc@5 31.2 (30.5)	
Epoch: [14][4200/5005]	Time 1.5 (1.5)	Data 0.0 (0.0)	preproc. 1.3(1.3)	Tot. Loss 4.96 (4.97)	Acc@1 14.5 (15.6)	Acc@5 31.2 (30.5)	
Epoch: [14][4400/5005]	Time 1.5 (1.5)	Data 0.0 (0.0)	preproc. 1.3(1.3)	Tot. Loss 4.82 (4.97)	Acc@1 16.0 (15.6)	Acc@5 34.4 (30.5)	
Epoch: [14][4600/5005]	Time 1.5 (1.5)	Data 0.0 (0.0)	preproc. 1.3(1.3)	Tot. Loss 5.06 (4.97)	Acc@1 14.5 (15.6)	Acc@5 29.3 (30.5)	
Epoch: [14][4800/5005]	Time 1.5 (1.5)	Data 0.0 (0.0)	preproc. 1.3(1.3)	Tot. Loss 4.89 (4.97)	Acc@1 17.6 (15.6)	Acc@5 31.2 (30.5)	
Epoch: [14][5000/5005]	Time 1.5 (1.5)	Data 0.0 (0.0)	preproc. 1.3(1.3)	Tot. Loss 4.85 (4.98)	Acc@1 17.6 (15.6)	Acc@5 31.2 (30.5)	
Validation Epoch: [14][0/196]	Time 4.7 (4.7)	Data 0.0 (0.0)	preproc. 0.0(0.0)	Tot. Loss 3.48 (3.48)	Acc@1 32.4 (32.4)	Acc@5 63.7 (63.7)	
Validation Epoch 14, * Acc@1 20.37 Acc@5 38.05
Epoch: [15][0/5005]	Time 4.7 (4.7)	Data 3.2 (3.2)	preproc. 1.3(1.3)	Tot. Loss 5.32 (5.32)	Acc@1 12.1 (12.1)	Acc@5 25.8 (25.8)	
Epoch: [15][200/5005]	Time 1.5 (1.5)	Data 0.0 (0.0)	preproc. 1.3(1.3)	Tot. Loss 4.96 (4.97)	Acc@1 15.2 (15.8)	Acc@5 31.6 (30.9)	
Epoch: [15][400/5005]	Time 1.5 (1.5)	Data 0.0 (0.0)	preproc. 1.3(1.3)	Tot. Loss 5.26 (4.96)	Acc@1 15.6 (15.8)	Acc@5 28.1 (30.8)	
Epoch: [15][600/5005]	Time 1.5 (1.5)	Data 0.0 (0.0)	preproc. 1.3(1.3)	Tot. Loss 4.92 (4.96)	Acc@1 14.5 (15.8)	Acc@5 29.3 (30.8)	
Epoch: [15][800/5005]	Time 1.5 (1.5)	Data 0.0 (0.0)	preproc. 1.3(1.3)	Tot. Loss 4.74 (4.97)	Acc@1 16.4 (15.7)	Acc@5 32.8 (30.7)	
Epoch: [15][1000/5005]	Time 1.5 (1.5)	Data 0.0 (0.0)	preproc. 1.3(1.3)	Tot. Loss 4.74 (4.97)	Acc@1 16.0 (15.7)	Acc@5 32.0 (30.7)	
Epoch: [15][1200/5005]	Time 1.5 (1.5)	Data 0.0 (0.0)	preproc. 1.3(1.3)	Tot. Loss 4.88 (4.97)	Acc@1 17.6 (15.7)	Acc@5 31.6 (30.7)	
Epoch: [15][1400/5005]	Time 1.5 (1.5)	Data 0.0 (0.0)	preproc. 1.3(1.3)	Tot. Loss 4.82 (4.97)	Acc@1 20.7 (15.7)	Acc@5 33.2 (30.6)	
Epoch: [15][1600/5005]	Time 1.5 (1.5)	Data 0.0 (0.0)	preproc. 1.3(1.3)	Tot. Loss 4.91 (4.97)	Acc@1 15.6 (15.7)	Acc@5 30.5 (30.7)	
Epoch: [15][1800/5005]	Time 1.5 (1.5)	Data 0.0 (0.0)	preproc. 1.3(1.3)	Tot. Loss 5.24 (4.97)	Acc@1 11.3 (15.7)	Acc@5 25.4 (30.7)	
Epoch: [15][2000/5005]	Time 1.5 (1.5)	Data 0.0 (0.0)	preproc. 1.3(1.3)	Tot. Loss 4.92 (4.97)	Acc@1 13.7 (15.7)	Acc@5 31.6 (30.6)	
Epoch: [15][2200/5005]	Time 1.5 (1.5)	Data 0.0 (0.0)	preproc. 1.3(1.3)	Tot. Loss 4.96 (4.97)	Acc@1 16.4 (15.7)	Acc@5 29.3 (30.6)	
Epoch: [15][2400/5005]	Time 1.5 (1.5)	Data 0.0 (0.0)	preproc. 1.3(1.3)	Tot. Loss 4.92 (4.97)	Acc@1 14.5 (15.7)	Acc@5 28.1 (30.6)	
Epoch: [15][2600/5005]	Time 1.5 (1.5)	Data 0.0 (0.0)	preproc. 1.3(1.3)	Tot. Loss 4.89 (4.97)	Acc@1 17.6 (15.7)	Acc@5 32.4 (30.6)	
Epoch: [15][2800/5005]	Time 1.5 (1.5)	Data 0.0 (0.0)	preproc. 1.3(1.3)	Tot. Loss 4.78 (4.97)	Acc@1 19.9 (15.7)	Acc@5 32.0 (30.6)	
Epoch: [15][3000/5005]	Time 1.5 (1.5)	Data 0.0 (0.0)	preproc. 1.3(1.3)	Tot. Loss 4.89 (4.97)	Acc@1 12.5 (15.7)	Acc@5 29.3 (30.6)	
Epoch: [15][3200/5005]	Time 1.5 (1.5)	Data 0.0 (0.0)	preproc. 1.3(1.3)	Tot. Loss 4.69 (4.97)	Acc@1 18.0 (15.7)	Acc@5 36.3 (30.6)	
Epoch: [15][3400/5005]	Time 1.5 (1.5)	Data 0.0 (0.0)	preproc. 1.3(1.3)	Tot. Loss 5.12 (4.97)	Acc@1 14.5 (15.7)	Acc@5 30.9 (30.6)	
Epoch: [15][3600/5005]	Time 1.5 (1.5)	Data 0.0 (0.0)	preproc. 1.3(1.3)	Tot. Loss 5.02 (4.97)	Acc@1 14.8 (15.7)	Acc@5 32.0 (30.5)	
Epoch: [15][3800/5005]	Time 1.5 (1.5)	Data 0.0 (0.0)	preproc. 1.3(1.3)	Tot. Loss 4.71 (4.97)	Acc@1 21.9 (15.7)	Acc@5 34.8 (30.5)	
Epoch: [15][4000/5005]	Time 1.5 (1.5)	Data 0.0 (0.0)	preproc. 1.3(1.3)	Tot. Loss 4.96 (4.97)	Acc@1 15.6 (15.7)	Acc@5 30.9 (30.5)	
Epoch: [15][4200/5005]	Time 1.5 (1.5)	Data 0.0 (0.0)	preproc. 1.3(1.3)	Tot. Loss 4.87 (4.97)	Acc@1 21.1 (15.7)	Acc@5 35.5 (30.5)	
Epoch: [15][4400/5005]	Time 1.5 (1.5)	Data 0.0 (0.0)	preproc. 1.3(1.3)	Tot. Loss 4.88 (4.97)	Acc@1 13.7 (15.7)	Acc@5 31.2 (30.6)	
